0.4982899665282994
0.5062442001006371
0.4944107580667327
0.4862830444950243
0.4756700890966202
0.4904444071601613
0.472738238443547
0.47254085572580434
0.47208751444419267
0.47762983655382435
0.5081919211321906
0.473601690184814
0.4783459758698875
0.47849936148686084
0.47355087931047135
0.47456637923879885
0.49068795519224195
0.4833765182923688
0.4932405385024942
0.4784979904731013
0.4743462251827161
0.4772477946170175
0.48028235618620974
0.4612977818537768
0.4762128054255183
0.4919952578055349
0.47504006020553224
0.47364343499199263
0.4611054973926347
0.5048471254171552
0.48529328634517455
0.47319468833753625
0.47271652578220547
0.47684935205076906
0.49422044030003043
0.4914770519405852
0.5108285772213922
0.4794326255924885
0.48192321778727715
0.44819580973604356
0.4563225232780418
0.5108285770655424
0.5108285770634159
0.45815933876104054
0.4589981739425371
0.5083712022186139
0.45079065637837074
0.4514157707064999
0.47631602136108764
0.4784348247843452
0.4757614020270764
0.4766575296410903
0.4773822129186247
0.4765398564467712
0.507213471567933
0.5108285772325123
