At1g22640 vs. At2g46830 :	0.13907933398628794
At1g22640 vs. At2g47190 :	0.628731343283582
At1g22640 vs. At3g09230 :	0.4446564885496183
At1g22640 vs. Espl :	0.09100310237849017
At1g22640 vs. Med :	0.03986710963455149
At1g22640 vs. O18381 :	0.09151291512915129
At1g22640 vs. P07272 :	0.05394990366088632
At1g22640 vs. P29617 :	0.0016877637130801688
At1g22640 vs. P39572 :	0.06572068707991038
At1g22640 vs. P42950 :	0.09907640638119228
At1g22640 vs. P51023 :	0.04250295159386069
At1g22640 vs. P52168 :	0.007978723404255319
At1g22640 vs. P52172 :	-0.031746031746031744
At1g22640 vs. P55965 :	0.007614213197969543
At1g22640 vs. P82280 :	0.10198789974070872
At1g22640 vs. P98149 :	0.011503067484662576
At1g22640 vs. Q05958 :	0.03278688524590164
At1g22640 vs. Q06149 :	0.07205452775073028
At1g22640 vs. Q12151 :	0.021253985122210415
At1g22640 vs. Q12172 :	0.020815264527320035
At1g22640 vs. Q24248 :	0.06446540880503145
At1g22640 vs. Q94527 :	-0.019536903039073805
At1g22640 vs. Q95RW8 :	0.06105733432613552
At1g22640 vs. Q9FJA2 :	0.7062043795620438
At1g22640 vs. Q9LV52 :	-0.05115712545676005
At1g22640 vs. Q9LZM8 :	0.056840713813615336
At1g22640 vs. Q9SZP1 :	0.8877146631439894
At1g22640 vs. Q9W0K7 :	0.03723404255319149
At1g22640 vs. T00179 :	0.024415055951169887
At1g22640 vs. T00349 :	0.055596196049743966
At1g22640 vs. T00665 :	0.05648854961832061
At1g22640 vs. T00772 :	0.02527283170591614
At1g22640 vs. T00956 :	0.04595997034840623
At1g22640 vs. T01128 :	0.031746031746031744
At1g22640 vs. T01265 :	0.011695906432748537
At1g22640 vs. T01526 :	-7.307270734380709E-4
At1g22640 vs. T01614 :	0.023483365949119372
At1g22640 vs. T01615 :	0.03165584415584415
At1g22640 vs. T02111 :	0.028873917228103944
At1g22640 vs. T02302 :	0.0447585394581861
At1g22640 vs. T02636 :	0.07697790449037777
At1g22640 vs. T02637 :	0.04148660328435609
At1g22640 vs. T02639 :	0.05290322580645161
At1g22640 vs. T02649 :	0.048945147679324896
At1g22640 vs. T02652 :	0.02526906878802059
At1g22640 vs. T02692 :	0.08819538670284939
At1g22640 vs. T03480 :	-9.385265133740028E-4
At1g22640 vs. T03481 :	-0.0273972602739726
At1g22640 vs. T03513 :	-0.02904040404040404
At1g22640 vs. T03590 :	-0.02239448751076658
At1g22640 vs. T03600 :	0.05541125541125541
At1g22640 vs. T03707 :	0.07386759581881533
At1g22640 vs. T04675 :	0.022792022792022793
At1g22640 vs. T04679 :	0.06139088729016787
At1g22640 vs. T04728 :	0.2935278030993619
At1g22640 vs. bin :	-0.023222060957910014
At1g22640 vs. eyg :	0.0908445706174592
At1g22640 vs. ind :	0.07331378299120235
At1g22640 vs. mirr :	0.06230031948881789
At1g22640 vs. tin :	0.03638814016172507
At2g46830 vs. At2g47190 :	0.1694915254237288
At2g46830 vs. At3g09230 :	0.13687436159346272
At2g46830 vs. Espl :	0.013363028953229399
At2g46830 vs. Med :	0.02410901467505241
At2g46830 vs. O18381 :	0.056074766355140186
At2g46830 vs. P07272 :	0.030927835051546393
At2g46830 vs. P29617 :	-0.0036849378166743437
At2g46830 vs. P39572 :	0.04838709677419355
At2g46830 vs. P42950 :	0.02217741935483871
At2g46830 vs. P51023 :	0.08963210702341137
At2g46830 vs. P52168 :	-0.07027818448023426
At2g46830 vs. P52172 :	-0.07860262008733625
At2g46830 vs. P55965 :	0.03719599427753934
At2g46830 vs. P82280 :	0.07272727272727272
At2g46830 vs. P98149 :	-0.025736820257368204
At2g46830 vs. Q05958 :	-0.02208835341365462
At2g46830 vs. Q06149 :	0.02490421455938697
At2g46830 vs. Q12151 :	-0.0481651376146789
At2g46830 vs. Q12172 :	0.07692307692307693
At2g46830 vs. Q24248 :	0.11061946902654868
At2g46830 vs. Q94527 :	-0.007936507936507936
At2g46830 vs. Q95RW8 :	0.04730831973898858
At2g46830 vs. Q9FJA2 :	0.10516066212268745
At2g46830 vs. Q9LV52 :	-0.0425531914893617
At2g46830 vs. Q9LZM8 :	0.05976095617529881
At2g46830 vs. Q9SZP1 :	0.15597235932872655
At2g46830 vs. Q9W0K7 :	0.04338394793926247
At2g46830 vs. T00179 :	-0.010940919037199124
At2g46830 vs. T00349 :	0.11275415896487985
At2g46830 vs. T00665 :	0.09674582233948989
At2g46830 vs. T00772 :	0.010238907849829351
At2g46830 vs. T00956 :	0.0034782608695652175
At2g46830 vs. T01128 :	0.027202838557066823
At2g46830 vs. T01265 :	0.015350877192982455
At2g46830 vs. T01526 :	-0.019700551615445233
At2g46830 vs. T01614 :	0.03298350824587706
At2g46830 vs. T01615 :	0.021445221445221447
At2g46830 vs. T02111 :	0.06628787878787878
At2g46830 vs. T02302 :	-0.026405451448040886
At2g46830 vs. T02636 :	0.08305647840531562
At2g46830 vs. T02637 :	0.09075907590759076
At2g46830 vs. T02639 :	0.10066617320503331
At2g46830 vs. T02649 :	0.07321131447587355
At2g46830 vs. T02652 :	-0.007223942208462332
At2g46830 vs. T02692 :	0.03137254901960784
At2g46830 vs. T03480 :	0.028985507246376812
At2g46830 vs. T03481 :	-0.021709633649932156
At2g46830 vs. T03513 :	-0.05927921859211856
At2g46830 vs. T03590 :	0.019783325482807347
At2g46830 vs. T03600 :	-0.016574585635359115
At2g46830 vs. T03707 :	0.05922865013774105
At2g46830 vs. T04675 :	0.07712082262210797
At2g46830 vs. T04679 :	0.051961823966065745
At2g46830 vs. T04728 :	0.12840466926070038
At2g46830 vs. bin :	-0.05806451612903226
At2g46830 vs. eyg :	0.06446280991735537
At2g46830 vs. ind :	0.096137339055794
At2g46830 vs. mirr :	0.11061946902654868
At2g46830 vs. tin :	0.08105726872246696
At2g47190 vs. At3g09230 :	0.487378640776699
At2g47190 vs. Espl :	0.040042149631190724
At2g47190 vs. Med :	0.026852312282446545
At2g47190 vs. O18381 :	0.08101667990468626
At2g47190 vs. P07272 :	0.06175771971496437
At2g47190 vs. P29617 :	0.023746701846965697
At2g47190 vs. P39572 :	0.015340364333652923
At2g47190 vs. P42950 :	0.06269592476489028
At2g47190 vs. P51023 :	0.08760951188986232
At2g47190 vs. P52168 :	-0.021798365122615803
At2g47190 vs. P52172 :	-0.05420054200542006
At2g47190 vs. P55965 :	-0.002364998029168309
At2g47190 vs. P82280 :	0.08604038630377524
At2g47190 vs. P98149 :	-0.005532503457814661
At2g47190 vs. Q05958 :	0.01350210970464135
At2g47190 vs. Q06149 :	0.007928642220019821
At2g47190 vs. Q12151 :	-0.013195098963242224
At2g47190 vs. Q12172 :	0.0204241948153967
At2g47190 vs. Q24248 :	0.06321839080459771
At2g47190 vs. Q94527 :	-0.014992503748125937
At2g47190 vs. Q95RW8 :	0.04240282685512368
At2g47190 vs. Q9FJA2 :	0.5936920222634509
At2g47190 vs. Q9LV52 :	-0.04250797024442083
At2g47190 vs. Q9LZM8 :	0.07588075880758807
At2g47190 vs. Q9SZP1 :	0.5958646616541353
At2g47190 vs. Q9W0K7 :	0.05448717948717949
At2g47190 vs. T00179 :	0.027198549410698096
At2g47190 vs. T00349 :	0.019417475728155338
At2g47190 vs. T00665 :	0.11455108359133127
At2g47190 vs. T00772 :	0.008597528210639442
At2g47190 vs. T00956 :	0.0670391061452514
At2g47190 vs. T01128 :	0.04589371980676329
At2g47190 vs. T01265 :	0.025431425976385105
At2g47190 vs. T01526 :	0.020446800454373342
At2g47190 vs. T01614 :	0.018093249826026444
At2g47190 vs. T01615 :	-0.006227758007117438
At2g47190 vs. T02111 :	0.06072477962781587
At2g47190 vs. T02302 :	0.04732762137902897
At2g47190 vs. T02636 :	0.06843455945252352
At2g47190 vs. T02637 :	0.06321334503950835
At2g47190 vs. T02639 :	0.09353507565337002
At2g47190 vs. T02649 :	0.06590038314176246
At2g47190 vs. T02652 :	0.03821656050955414
At2g47190 vs. T02692 :	0.055152394775036286
At2g47190 vs. T03480 :	0.030466830466830467
At2g47190 vs. T03481 :	-0.03455723542116631
At2g47190 vs. T03513 :	-0.024088541666666668
At2g47190 vs. T03590 :	0.014375561545372867
At2g47190 vs. T03600 :	0.0596078431372549
At2g47190 vs. T03707 :	0.029640084685956247
At2g47190 vs. T04675 :	0.0759493670886076
At2g47190 vs. T04679 :	0.05027652086475616
At2g47190 vs. T04728 :	0.2891566265060241
At2g47190 vs. bin :	-0.020864381520119227
At2g47190 vs. eyg :	0.05483625285605483
At2g47190 vs. ind :	0.12302839116719243
At2g47190 vs. mirr :	0.052478134110787174
At2g47190 vs. tin :	0.023054755043227664
At3g09230 vs. Espl :	0.013220018885741265
At3g09230 vs. Med :	0.04740292486132123
At3g09230 vs. O18381 :	0.07110300820419325
At3g09230 vs. P07272 :	0.06001395673412421
At3g09230 vs. P29617 :	0.018699910952804988
At3g09230 vs. P39572 :	0.01316872427983539
At3g09230 vs. P42950 :	0.03429796355841372
At3g09230 vs. P51023 :	0.05988857938718663
At3g09230 vs. P52168 :	-0.0
At3g09230 vs. P52172 :	-0.030660377358490566
At3g09230 vs. P55965 :	0.05454545454545454
At3g09230 vs. P82280 :	0.09494163424124513
At3g09230 vs. P98149 :	0.008856682769726247
At3g09230 vs. Q05958 :	0.027657735522904063
At3g09230 vs. Q06149 :	0.04467005076142132
At3g09230 vs. Q12151 :	0.00968054211035818
At3g09230 vs. Q12172 :	0.05783132530120482
At3g09230 vs. Q24248 :	0.06341463414634146
At3g09230 vs. Q94527 :	-0.022727272727272728
At3g09230 vs. Q95RW8 :	0.06398687448728466
At3g09230 vs. Q9FJA2 :	0.3605313092979127
At3g09230 vs. Q9LV52 :	-0.03943044906900329
At3g09230 vs. Q9LZM8 :	0.10879419764279238
At3g09230 vs. Q9SZP1 :	0.4307692307692308
At3g09230 vs. Q9W0K7 :	0.09760589318600368
At3g09230 vs. T00179 :	-0.029767441860465118
At3g09230 vs. T00349 :	0.027353177795655673
At3g09230 vs. T00665 :	0.08832807570977919
At3g09230 vs. T00772 :	0.016366612111292964
At3g09230 vs. T00956 :	0.02933088909257562
At3g09230 vs. T01128 :	0.02378255945639864
At3g09230 vs. T01265 :	-0.0130475302889096
At3g09230 vs. T01526 :	0.013011863758132415
At3g09230 vs. T01614 :	0.049680624556423
At3g09230 vs. T01615 :	-0.0045045045045045045
At3g09230 vs. T02111 :	0.012036108324974924
At3g09230 vs. T02302 :	0.008254230293025175
At3g09230 vs. T02636 :	0.0875684128225176
At3g09230 vs. T02637 :	0.027972027972027972
At3g09230 vs. T02639 :	0.04628330995792426
At3g09230 vs. T02649 :	0.08923884514435695
At3g09230 vs. T02652 :	0.013909587680079483
At3g09230 vs. T02692 :	0.09210526315789473
At3g09230 vs. T03480 :	0.014947683109118086
At3g09230 vs. T03481 :	-0.03926701570680628
At3g09230 vs. T03513 :	-0.04007884362680683
At3g09230 vs. T03590 :	-0.022747952684258416
At3g09230 vs. T03600 :	0.0272654370489174
At3g09230 vs. T03707 :	0.03929273084479371
At3g09230 vs. T04675 :	0.049049662783568364
At3g09230 vs. T04679 :	0.038755736868944415
At3g09230 vs. T04728 :	0.3184834123222749
At3g09230 vs. bin :	-0.04636785162287481
At3g09230 vs. eyg :	0.06950477845351868
At3g09230 vs. ind :	0.07741935483870968
At3g09230 vs. mirr :	0.05785123966942149
At3g09230 vs. tin :	0.05204460966542751
Espl vs. Med :	-0.03506787330316742
Espl vs. O18381 :	0.011811023622047244
Espl vs. P07272 :	0.022988505747126436
Espl vs. P29617 :	-0.06499261447562776
Espl vs. P39572 :	0.031982942430703626
Espl vs. P42950 :	-0.004694835680751174
Espl vs. P51023 :	0.02952029520295203
Espl vs. P52168 :	-0.04769475357710652
Espl vs. P52172 :	-0.037914691943127965
Espl vs. P55965 :	-0.05112781954887218
Espl vs. P82280 :	0.03925233644859813
Espl vs. P98149 :	-0.05376817981489643
Espl vs. Q05958 :	-0.02335456475583864
Espl vs. Q06149 :	-0.024336283185840708
Espl vs. Q12151 :	-0.06601466992665037
Espl vs. Q12172 :	-0.02524271844660194
Espl vs. Q24248 :	0.03148148148148148
Espl vs. Q94527 :	-0.04041237113402062
Espl vs. Q95RW8 :	0.029880478087649404
Espl vs. Q9FJA2 :	0.03494347379239465
Espl vs. Q9LV52 :	-0.014326647564469915
Espl vs. Q9LZM8 :	-0.0017035775127768314
Espl vs. Q9SZP1 :	0.08967674661105318
Espl vs. Q9W0K7 :	0.055299539170506916
Espl vs. T00179 :	-0.013953488372093023
Espl vs. T00349 :	0.005836575875486381
Espl vs. T00665 :	0.02695871946082561
Espl vs. T00772 :	-0.034610630407911
Espl vs. T00956 :	-0.033663366336633666
Espl vs. T01128 :	-0.037395228884590584
Espl vs. T01265 :	-0.02564102564102564
Espl vs. T01526 :	-0.020710059171597635
Espl vs. T01614 :	0.01340033500837521
Espl vs. T01615 :	-0.05057251908396947
Espl vs. T02111 :	0.002183406113537118
Espl vs. T02302 :	-0.057065217391304345
Espl vs. T02636 :	0.05075187969924812
Espl vs. T02637 :	0.007462686567164179
Espl vs. T02639 :	0.026424442609413706
Espl vs. T02649 :	0.054613935969868174
Espl vs. T02652 :	-0.03225806451612903
Espl vs. T02692 :	-0.0
Espl vs. T03480 :	-0.024553571428571428
Espl vs. T03481 :	-0.01171303074670571
Espl vs. T03513 :	-0.06786850477200425
Espl vs. T03590 :	-0.04336863338376198
Espl vs. T03600 :	0.015503875968992248
Espl vs. T03707 :	0.0350609756097561
Espl vs. T04675 :	-0.02824858757062147
Espl vs. T04679 :	-0.032073310423825885
Espl vs. T04728 :	-0.009823182711198428
Espl vs. bin :	-0.06007067137809187
Espl vs. eyg :	0.03303303303303303
Espl vs. ind :	0.04878048780487805
Espl vs. mirr :	0.01845018450184502
Espl vs. tin :	-0.016080402010050253
Med vs. O18381 :	0.09066666666666667
Med vs. P07272 :	0.03734827264239029
Med vs. P29617 :	0.04263959390862944
Med vs. P39572 :	0.008316008316008316
Med vs. P42950 :	-0.030405405405405407
Med vs. P51023 :	0.03637976929902396
Med vs. P52168 :	-0.07855763039278815
Med vs. P52172 :	-0.06294155427103404
Med vs. P55965 :	0.053449347420758235
Med vs. P82280 :	0.05791190864600326
Med vs. P98149 :	0.042593172564985904
Med vs. Q05958 :	-0.006430868167202572
Med vs. Q06149 :	0.015787099684258007
Med vs. Q12151 :	-0.02640642939150402
Med vs. Q12172 :	0.017400204708290685
Med vs. Q24248 :	0.001996007984031936
Med vs. Q94527 :	0.052553000895789785
Med vs. Q95RW8 :	0.022900763358778626
Med vs. Q9FJA2 :	0.043031784841075796
Med vs. Q9LV52 :	-0.06411837237977805
Med vs. Q9LZM8 :	0.028598665395614873
Med vs. Q9SZP1 :	0.046688899475940925
Med vs. Q9W0K7 :	0.04043545878693624
Med vs. T00179 :	0.021300448430493273
Med vs. T00349 :	0.0030737704918032786
Med vs. T00665 :	0.05096743747050495
Med vs. T00772 :	0.05428796223446106
Med vs. T00956 :	0.04343329886246122
Med vs. T01128 :	0.042828282828282827
Med vs. T01265 :	-0.026936026936026935
Med vs. T01526 :	0.06261288380493679
Med vs. T01614 :	0.015108593012275733
Med vs. T01615 :	0.06282007511095937
Med vs. T02111 :	0.009782608695652175
Med vs. T02302 :	0.05108556832694764
Med vs. T02636 :	0.02414486921529175
Med vs. T02637 :	0.043089430894308944
Med vs. T02639 :	0.03185011709601874
Med vs. T02649 :	0.03323262839879154
Med vs. T02652 :	0.041146216017634095
Med vs. T02692 :	-0.015541525012141816
Med vs. T03480 :	0.06701030927835051
Med vs. T03481 :	-0.0410783055198973
Med vs. T03513 :	0.04902744471089795
Med vs. T03590 :	0.03715170278637771
Med vs. T03600 :	0.015337423312883436
Med vs. T03707 :	0.05456171735241502
Med vs. T04675 :	0.09658119658119659
Med vs. T04679 :	0.10187265917602996
Med vs. T04728 :	0.010298661174047374
Med vs. bin :	-0.12019566736547868
Med vs. eyg :	0.0774243004982752
Med vs. ind :	0.016480853126514785
Med vs. mirr :	-0.001948368241597662
Med vs. tin :	0.010633156114064766
O18381 vs. P07272 :	0.04892086330935252
O18381 vs. P29617 :	0.03851444291609354
O18381 vs. P39572 :	0.010238907849829351
O18381 vs. P42950 :	0.022235225277940317
O18381 vs. P51023 :	0.0352622061482821
O18381 vs. P52168 :	0.039950062421972535
O18381 vs. P52172 :	0.007453416149068323
O18381 vs. P55965 :	0.04950809266899397
O18381 vs. P82280 :	0.04588235294117647
O18381 vs. P98149 :	0.04030710172744722
O18381 vs. Q05958 :	0.026929982046678635
O18381 vs. Q06149 :	0.03191246865739685
O18381 vs. Q12151 :	-0.028282828282828285
O18381 vs. Q12172 :	0.01782905086523335
O18381 vs. Q24248 :	0.16654049962149886
O18381 vs. Q94527 :	0.04242781378903948
O18381 vs. Q95RW8 :	0.1921768707482993
O18381 vs. Q9FJA2 :	0.12064965197215777
O18381 vs. Q9LV52 :	-0.03908045977011494
O18381 vs. Q9LZM8 :	0.16226415094339622
O18381 vs. Q9SZP1 :	0.053452115812917596
O18381 vs. Q9W0K7 :	0.046153846153846156
O18381 vs. T00179 :	-0.014968336211859529
O18381 vs. T00349 :	0.04833333333333333
O18381 vs. T00665 :	0.23781009409751924
O18381 vs. T00772 :	0.04363636363636364
O18381 vs. T00956 :	0.012854847348687734
O18381 vs. T01128 :	0.03488372093023256
O18381 vs. T01265 :	-0.037317784256559766
O18381 vs. T01526 :	0.044580152671755725
O18381 vs. T01614 :	0.07174231332357248
O18381 vs. T01615 :	0.0833051134439553
O18381 vs. T02111 :	0.034926470588235295
O18381 vs. T02302 :	0.026580226904376014
O18381 vs. T02636 :	0.028110359187922956
O18381 vs. T02637 :	0.04449648711943794
O18381 vs. T02639 :	0.028922631959508314
O18381 vs. T02649 :	0.03565640194489465
O18381 vs. T02652 :	0.05951035781544256
O18381 vs. T02692 :	0.0437375745526839
O18381 vs. T03480 :	0.061446234544773326
O18381 vs. T03481 :	0.05380116959064327
O18381 vs. T03513 :	0.015171798304328426
O18381 vs. T03590 :	0.04788732394366197
O18381 vs. T03600 :	0.06312292358803986
O18381 vs. T03707 :	0.04241585984324574
O18381 vs. T04675 :	0.03783545974483062
O18381 vs. T04679 :	0.03964925657643919
O18381 vs. T04728 :	0.06050420168067227
O18381 vs. bin :	-0.08401084010840108
O18381 vs. eyg :	0.6215780998389694
O18381 vs. ind :	0.3408521303258145
O18381 vs. mirr :	0.17524980784012298
O18381 vs. tin :	0.3067694944301628
P07272 vs. P29617 :	0.033264033264033266
P07272 vs. P39572 :	0.08333333333333333
P07272 vs. P42950 :	0.21206225680933852
P07272 vs. P51023 :	0.057511737089201875
P07272 vs. P52168 :	-0.002484472049689441
P07272 vs. P52172 :	-0.009888751545117428
P07272 vs. P55965 :	0.023238380809595203
P07272 vs. P82280 :	0.04016620498614958
P07272 vs. P98149 :	0.037783375314861464
P07272 vs. Q05958 :	0.334525939177102
P07272 vs. Q06149 :	0.25
P07272 vs. Q12151 :	0.2535211267605634
P07272 vs. Q12172 :	0.21061359867330018
P07272 vs. Q24248 :	0.011818778726198293
P07272 vs. Q94527 :	-0.007609823590453131
P07272 vs. Q95RW8 :	0.040059347181008904
P07272 vs. Q9FJA2 :	0.04899777282850779
P07272 vs. Q9LV52 :	-0.043478260869565216
P07272 vs. Q9LZM8 :	0.02454780361757106
P07272 vs. Q9SZP1 :	0.05181347150259067
P07272 vs. Q9W0K7 :	0.043509789702683106
P07272 vs. T00179 :	0.07335907335907337
P07272 vs. T00349 :	0.04817275747508306
P07272 vs. T00665 :	0.055433989788475566
P07272 vs. T00772 :	0.014056224899598393
P07272 vs. T00956 :	0.12310286677908938
P07272 vs. T01128 :	0.02909090909090909
P07272 vs. T01265 :	0.04061895551257253
P07272 vs. T01526 :	0.023809523809523808
P07272 vs. T01614 :	0.03795620437956204
P07272 vs. T01615 :	0.03783102143757881
P07272 vs. T02111 :	0.03875968992248062
P07272 vs. T02302 :	0.028523489932885907
P07272 vs. T02636 :	0.025806451612903226
P07272 vs. T02637 :	0.03664921465968586
P07272 vs. T02639 :	0.04921135646687697
P07272 vs. T02649 :	0.026462395543175487
P07272 vs. T02652 :	0.01289134438305709
P07272 vs. T02692 :	0.06712433257055683
P07272 vs. T03480 :	0.040627885503231764
P07272 vs. T03481 :	-0.015137180700094607
P07272 vs. T03513 :	0.01123946300343428
P07272 vs. T03590 :	-0.01612218922358931
P07272 vs. T03600 :	0.4205298013245033
P07272 vs. T03707 :	0.06524317912218268
P07272 vs. T04675 :	0.030167597765363128
P07272 vs. T04679 :	0.012264150943396227
P07272 vs. T04728 :	0.05603448275862069
P07272 vs. bin :	-0.1105121293800539
P07272 vs. eyg :	0.06420545746388442
P07272 vs. ind :	0.06328059950041633
P07272 vs. mirr :	0.007936507936507936
P07272 vs. tin :	0.06490179333902647
P29617 vs. P39572 :	-0.010059442158207591
P29617 vs. P42950 :	-0.06964198136341344
P29617 vs. P51023 :	0.04926499801350814
P29617 vs. P52168 :	-0.10462555066079295
P29617 vs. P52172 :	-0.11098901098901098
P29617 vs. P55965 :	0.07241088969969127
P29617 vs. P82280 :	0.07661141804788213
P29617 vs. P98149 :	0.06875
P29617 vs. Q05958 :	-0.05636449037106623
P29617 vs. Q06149 :	0.03193527783691718
P29617 vs. Q12151 :	-0.09077306733167083
P29617 vs. Q12172 :	-0.018944519621109608
P29617 vs. Q24248 :	0.0273972602739726
P29617 vs. Q94527 :	0.04983388704318937
P29617 vs. Q95RW8 :	0.010173802458668928
P29617 vs. Q9FJA2 :	-8.665511265164644E-4
P29617 vs. Q9LV52 :	-0.08169761273209548
P29617 vs. Q9LZM8 :	0.022871664548919948
P29617 vs. Q9SZP1 :	-0.011854360711261643
P29617 vs. Q9W0K7 :	-0.010036496350364963
P29617 vs. T00179 :	-0.05959941377625794
P29617 vs. T00349 :	0.04875846501128668
P29617 vs. T00665 :	0.02274641954507161
P29617 vs. T00772 :	0.0677361853832442
P29617 vs. T00956 :	-0.010923987255348202
P29617 vs. T01128 :	0.05697589481373265
P29617 vs. T01265 :	-0.037163814180929094
P29617 vs. T01526 :	0.06304044630404464
P29617 vs. T01614 :	0.007559848803023939
P29617 vs. T01615 :	0.06340579710144928
P29617 vs. T02111 :	-0.012363290537327628
P29617 vs. T02302 :	0.04653902798232695
P29617 vs. T02636 :	-0.011550422034651266
P29617 vs. T02637 :	0.08152772677194271
P29617 vs. T02639 :	0.010008340283569641
P29617 vs. T02649 :	-0.017785682525566917
P29617 vs. T02652 :	0.03819095477386935
P29617 vs. T02692 :	0.014642549526270457
P29617 vs. T03480 :	0.05572339711312521
P29617 vs. T03481 :	0.05406730828173849
P29617 vs. T03513 :	0.05727091633466135
P29617 vs. T03590 :	0.08138801261829653
P29617 vs. T03600 :	-0.018026137899954935
P29617 vs. T03707 :	0.055222088835534214
P29617 vs. T04675 :	0.03534383403764887
P29617 vs. T04679 :	0.05455165359699966
P29617 vs. T04728 :	0.0037019898195279964
P29617 vs. bin :	-0.1266400456360525
P29617 vs. eyg :	0.06128133704735376
P29617 vs. ind :	0.03181427343078246
P29617 vs. mirr :	0.015544041450777202
P29617 vs. tin :	0.02830188679245283
P39572 vs. P42950 :	0.02536997885835095
P39572 vs. P51023 :	0.03044341495698213
P39572 vs. P52168 :	-0.07468879668049792
P39572 vs. P52172 :	-0.10392902408111533
P39572 vs. P55965 :	-0.02122448979591837
P39572 vs. P82280 :	0.05851063829787234
P39572 vs. P98149 :	-0.0
P39572 vs. Q05958 :	0.08108108108108109
P39572 vs. Q06149 :	0.06613226452905811
P39572 vs. Q12151 :	0.11293634496919917
P39572 vs. Q12172 :	0.05338078291814947
P39572 vs. Q24248 :	0.07325383304940375
P39572 vs. Q94527 :	-0.02169701666020922
P39572 vs. Q95RW8 :	0.02843601895734597
P39572 vs. Q9FJA2 :	0.014814814814814815
P39572 vs. Q9LV52 :	-0.10606060606060606
P39572 vs. Q9LZM8 :	-0.021052631578947368
P39572 vs. Q9SZP1 :	0.06461307287753569
P39572 vs. Q9W0K7 :	-0.00545950864422202
P39572 vs. T00179 :	-0.045275590551181105
P39572 vs. T00349 :	0.07308377896613191
P39572 vs. T00665 :	0.08982584784601283
P39572 vs. T00772 :	0.030439684329199548
P39572 vs. T00956 :	0.018115942028985508
P39572 vs. T01128 :	-0.00364741641337386
P39572 vs. T01265 :	-0.0039447731755424065
P39572 vs. T01526 :	-0.03523884103367267
P39572 vs. T01614 :	-0.024844720496894408
P39572 vs. T01615 :	0.018650088809946713
P39572 vs. T02111 :	0.014925373134328358
P39572 vs. T02302 :	-0.03214596003475239
P39572 vs. T02636 :	0.05901639344262295
P39572 vs. T02637 :	0.06382978723404255
P39572 vs. T02639 :	0.051207022677395755
P39572 vs. T02649 :	0.11245674740484429
P39572 vs. T02652 :	-0.010570824524312896
P39572 vs. T02692 :	0.01627339300244101
P39572 vs. T03480 :	0.06262833675564682
P39572 vs. T03481 :	-0.07389749702026222
P39572 vs. T03513 :	-0.02680067001675042
P39572 vs. T03590 :	-0.02888781896966779
P39572 vs. T03600 :	0.06228956228956229
P39572 vs. T03707 :	0.009536784741144414
P39572 vs. T04675 :	0.06357615894039735
P39572 vs. T04679 :	0.025236593059936908
P39572 vs. T04728 :	0.056179775280898875
P39572 vs. bin :	-0.0696969696969697
P39572 vs. eyg :	0.023415977961432508
P39572 vs. ind :	0.10330228619813717
P39572 vs. mirr :	0.041935483870967745
P39572 vs. tin :	0.0830130668716372
P42950 vs. P51023 :	-0.0029895366218236174
P42950 vs. P52168 :	0.08163265306122448
P42950 vs. P52172 :	0.0967238689547582
P42950 vs. P55965 :	-0.07044410413476264
P42950 vs. P82280 :	-0.005758157389635317
P42950 vs. P98149 :	0.022364217252396165
P42950 vs. Q05958 :	0.28
P42950 vs. Q06149 :	0.24780701754385964
P42950 vs. Q12151 :	0.2711864406779661
P42950 vs. Q12172 :	0.25626204238921
P42950 vs. Q24248 :	-0.021052631578947368
P42950 vs. Q94527 :	-0.0427455815865187
P42950 vs. Q95RW8 :	0.023715415019762844
P42950 vs. Q9FJA2 :	0.09378185524974515
P42950 vs. Q9LV52 :	-0.06515580736543909
P42950 vs. Q9LZM8 :	0.027522935779816515
P42950 vs. Q9SZP1 :	0.09298393913778528
P42950 vs. Q9W0K7 :	-0.02171767028627838
P42950 vs. T00179 :	0.1175115207373272
P42950 vs. T00349 :	0.018633540372670808
P42950 vs. T00665 :	0.04611443210930828
P42950 vs. T00772 :	-0.008610086100861008
P42950 vs. T00956 :	0.06483300589390963
P42950 vs. T01128 :	0.014111610006414367
P42950 vs. T01265 :	0.04157043879907621
P42950 vs. T01526 :	-0.0
P42950 vs. T01614 :	-0.0
P42950 vs. T01615 :	-0.025832091405861898
P42950 vs. T02111 :	-0.008658008658008658
P42950 vs. T02302 :	-0.02527075812274368
P42950 vs. T02636 :	0.016791044776119403
P42950 vs. T02637 :	-0.009259259259259259
P42950 vs. T02639 :	-0.034454470877768664
P42950 vs. T02649 :	-0.031413612565445025
P42950 vs. T02652 :	-0.03765227021040975
P42950 vs. T02692 :	0.14173228346456693
P42950 vs. T03480 :	-0.04111111111111111
P42950 vs. T03481 :	-0.08972503617945007
P42950 vs. T03513 :	-0.07049700387733521
P42950 vs. T03590 :	-0.04218985434455048
P42950 vs. T03600 :	0.2153846153846154
P42950 vs. T03707 :	0.013636363636363636
P42950 vs. T04675 :	-0.009831460674157303
P42950 vs. T04679 :	-0.0661345496009122
P42950 vs. T04728 :	0.029239766081871343
P42950 vs. bin :	-0.0627177700348432
P42950 vs. eyg :	0.03680981595092025
P42950 vs. ind :	0.02516940948693127
P42950 vs. mirr :	-0.021052631578947368
P42950 vs. tin :	0.009970089730807577
P51023 vs. P52168 :	-0.01929824561403509
P51023 vs. P52172 :	-0.06118881118881119
P51023 vs. P55965 :	0.04563279857397504
P51023 vs. P82280 :	0.07454634624816087
P51023 vs. P98149 :	0.040787623066104076
P51023 vs. Q05958 :	-0.0
P51023 vs. Q06149 :	-0.014514514514514515
P51023 vs. Q12151 :	-0.01655379984951091
P51023 vs. Q12172 :	0.05408970976253298
P51023 vs. Q24248 :	0.08170961659333752
P51023 vs. Q94527 :	0.01580212985228444
P51023 vs. Q95RW8 :	0.062046204620462043
P51023 vs. Q9FJA2 :	0.08361891706648389
P51023 vs. Q9LV52 :	-0.02195945945945946
P51023 vs. Q9LZM8 :	0.04216867469879518
P51023 vs. Q9SZP1 :	0.054567022538552785
P51023 vs. Q9W0K7 :	0.03755868544600939
P51023 vs. T00179 :	-0.01337295690936107
P51023 vs. T00349 :	0.04491413474240423
P51023 vs. T00665 :	0.04778972520908005
P51023 vs. T00772 :	0.06653992395437262
P51023 vs. T00956 :	-0.0066844919786096255
P51023 vs. T01128 :	0.033382425135002454
P51023 vs. T01265 :	-0.01636904761904762
P51023 vs. T01526 :	0.039876246132691646
P51023 vs. T01614 :	0.04285714285714286
P51023 vs. T01615 :	0.02729827378562826
P51023 vs. T02111 :	0.007132667617689016
P51023 vs. T02302 :	0.030438010393466965
P51023 vs. T02636 :	0.02064516129032258
P51023 vs. T02637 :	0.06643869076697606
P51023 vs. T02639 :	0.0859465737514518
P51023 vs. T02649 :	0.040051679586563305
P51023 vs. T02652 :	0.07793345008756568
P51023 vs. T02692 :	0.05922270203578038
P51023 vs. T03480 :	0.0456540825285338
P51023 vs. T03481 :	-0.03934987168520103
P51023 vs. T03513 :	-6.033182503770739E-4
P51023 vs. T03590 :	0.0477926285945727
P51023 vs. T03600 :	0.019762845849802372
P51023 vs. T03707 :	0.0778642936596218
P51023 vs. T04675 :	0.07781282860147214
P51023 vs. T04679 :	0.06114311032343819
P51023 vs. T04728 :	0.05624591236102027
P51023 vs. bin :	-0.0779467680608365
P51023 vs. eyg :	0.021188392445877474
P51023 vs. ind :	0.032552083333333336
P51023 vs. mirr :	0.0664576802507837
P51023 vs. tin :	0.024307900067521943
P52168 vs. P52172 :	0.4880382775119617
P52168 vs. P55965 :	0.05581395348837209
P52168 vs. P82280 :	-0.06349206349206349
P52168 vs. P98149 :	-0.019851116625310174
P52168 vs. Q05958 :	0.06602475928473177
P52168 vs. Q06149 :	0.008708272859216255
P52168 vs. Q12151 :	0.05970149253731343
P52168 vs. Q12172 :	-0.04171779141104295
P52168 vs. Q24248 :	0.02204724409448819
P52168 vs. Q94527 :	-0.10045248868778281
P52168 vs. Q95RW8 :	-0.045627376425855515
P52168 vs. Q9FJA2 :	0.018469656992084433
P52168 vs. Q9LV52 :	-0.045548654244306416
P52168 vs. Q9LZM8 :	-0.03566121842496285
P52168 vs. Q9SZP1 :	0.013440860215053764
P52168 vs. Q9W0K7 :	-0.07341772151898734
P52168 vs. T00179 :	0.015503875968992248
P52168 vs. T00349 :	-0.047505938242280284
P52168 vs. T00665 :	-0.051440329218107
P52168 vs. T00772 :	-0.05702066999287242
P52168 vs. T00956 :	-0.05786163522012579
P52168 vs. T01128 :	-0.041916167664670656
P52168 vs. T01265 :	-0.015552099533437015
P52168 vs. T01526 :	-0.0824295010845987
P52168 vs. T01614 :	0.02168021680216802
P52168 vs. T01615 :	-0.09385474860335195
P52168 vs. T02111 :	-0.06562054208273894
P52168 vs. T02302 :	-0.05619668840943302
P52168 vs. T02636 :	-0.01744186046511628
P52168 vs. T02637 :	-0.04884004884004884
P52168 vs. T02639 :	-0.011428571428571429
P52168 vs. T02649 :	-0.03428571428571429
P52168 vs. T02652 :	-0.0972836386607707
P52168 vs. T02692 :	0.002173913043478261
P52168 vs. T03480 :	-0.12048192771084337
P52168 vs. T03481 :	-0.042735042735042736
P52168 vs. T03513 :	-0.12165263963274675
P52168 vs. T03590 :	-0.08936651583710407
P52168 vs. T03600 :	0.046511627906976744
P52168 vs. T03707 :	-0.054694621695533276
P52168 vs. T04675 :	-0.08992506244796003
P52168 vs. T04679 :	-0.11234487263226649
P52168 vs. T04728 :	-0.04216073781291173
P52168 vs. bin :	-0.0684931506849315
P52168 vs. eyg :	-0.0
P52168 vs. ind :	-0.03125
P52168 vs. mirr :	0.02204724409448819
P52168 vs. tin :	0.023076923076923078
P52172 vs. P55965 :	-0.03225806451612903
P52172 vs. P82280 :	-0.060753341433778855
P52172 vs. P98149 :	-0.05896805896805897
P52172 vs. Q05958 :	0.02188782489740082
P52172 vs. Q06149 :	-0.005772005772005772
P52172 vs. Q12151 :	0.026359143327841845
P52172 vs. Q12172 :	-0.031746031746031744
P52172 vs. Q24248 :	0.04932735426008968
P52172 vs. Q94527 :	-0.08888888888888889
P52172 vs. Q95RW8 :	-0.05044136191677175
P52172 vs. Q9FJA2 :	0.005249343832020997
P52172 vs. Q9LV52 :	-0.08213552361396304
P52172 vs. Q9LZM8 :	0.01772525849335303
P52172 vs. Q9SZP1 :	-0.026970954356846474
P52172 vs. Q9W0K7 :	-0.030441400304414
P52172 vs. T00179 :	0.09553158705701079
P52172 vs. T00349 :	-0.05647058823529412
P52172 vs. T00665 :	-0.06615776081424936
P52172 vs. T00772 :	-0.07391613361762615
P52172 vs. T00956 :	-0.015018773466833541
P52172 vs. T01128 :	-0.041791044776119404
P52172 vs. T01265 :	0.04636785162287481
P52172 vs. T01526 :	-0.043010752688172046
P52172 vs. T01614 :	0.005361930294906166
P52172 vs. T01615 :	-0.11148272017837235
P52172 vs. T02111 :	-0.07375886524822695
P52172 vs. T02302 :	-0.06409614421632448
P52172 vs. T02636 :	-0.034482758620689655
P52172 vs. T02637 :	-0.04413472706155633
P52172 vs. T02639 :	0.05084745762711865
P52172 vs. T02649 :	-0.08930669800235018
P52172 vs. T02652 :	-0.09073724007561437
P52172 vs. T02692 :	0.006493506493506494
P52172 vs. T03480 :	-0.10879190385831752
P52172 vs. T03481 :	-0.1228813559322034
P52172 vs. T03513 :	-0.12910618792971734
P52172 vs. T03590 :	-0.056433408577878104
P52172 vs. T03600 :	0.0438489646772229
P52172 vs. T03707 :	-0.03451407811080836
P52172 vs. T04675 :	-0.07634854771784233
P52172 vs. T04679 :	-0.1276872964169381
P52172 vs. T04728 :	-0.05204460966542751
P52172 vs. bin :	-0.061971830985915494
P52172 vs. eyg :	0.035164835164835165
P52172 vs. ind :	-0.01327433628318584
P52172 vs. mirr :	0.04932735426008968
P52172 vs. tin :	0.01020408163265306
P55965 vs. P82280 :	0.07857622565480188
P55965 vs. P98149 :	0.07629571165482768
P55965 vs. Q05958 :	-0.03556992724333064
P55965 vs. Q06149 :	0.05120967741935484
P55965 vs. Q12151 :	-0.07142857142857142
P55965 vs. Q12172 :	-0.05161290322580645
P55965 vs. Q24248 :	0.00969787392763894
P55965 vs. Q94527 :	0.06873894364417488
P55965 vs. Q95RW8 :	-0.0
P55965 vs. Q9FJA2 :	0.015113350125944584
P55965 vs. Q9LV52 :	0.057803468208092484
P55965 vs. Q9LZM8 :	0.005335365853658537
P55965 vs. Q9SZP1 :	0.005128205128205128
P55965 vs. Q9W0K7 :	0.009685230024213076
P55965 vs. T00179 :	0.00881057268722467
P55965 vs. T00349 :	0.0262582056892779
P55965 vs. T00665 :	0.011481056257175661
P55965 vs. T00772 :	0.037157757496740544
P55965 vs. T00956 :	-0.012330456226880395
P55965 vs. T01128 :	0.025324891702765744
P55965 vs. T01265 :	-0.026509572901325478
P55965 vs. T01526 :	0.7872773536895674
P55965 vs. T01614 :	0.08311688311688312
P55965 vs. T01615 :	0.07698986975397974
P55965 vs. T02111 :	-0.005578800557880056
P55965 vs. T02302 :	0.056861673045379986
P55965 vs. T02636 :	0.02631578947368421
P55965 vs. T02637 :	0.07040417209908735
P55965 vs. T02639 :	0.023332118118847976
P55965 vs. T02649 :	0.07253886010362694
P55965 vs. T02652 :	0.06606606606606606
P55965 vs. T02692 :	-0.013926499032882012
P55965 vs. T03480 :	0.057160048134777375
P55965 vs. T03481 :	0.03571428571428571
P55965 vs. T03513 :	0.05889226454779154
P55965 vs. T03590 :	0.04438122332859175
P55965 vs. T03600 :	-0.0327613104524181
P55965 vs. T03707 :	0.03258508327299059
P55965 vs. T04675 :	0.03628750872295883
P55965 vs. T04679 :	0.031914893617021274
P55965 vs. T04728 :	-0.017828200972447326
P55965 vs. bin :	-0.01948051948051948
P55965 vs. eyg :	0.024246192104445136
P55965 vs. ind :	0.002995132909022838
P55965 vs. mirr :	0.0015509887553315238
P55965 vs. tin :	0.0029884198729921555
P82280 vs. P98149 :	0.015246934040437522
P82280 vs. Q05958 :	-0.003424657534246575
P82280 vs. Q06149 :	0.004291845493562232
P82280 vs. Q12151 :	-0.013888888888888888
P82280 vs. Q12172 :	0.01592356687898089
P82280 vs. Q24248 :	0.06110201854882706
P82280 vs. Q94527 :	0.029591508523641043
P82280 vs. Q95RW8 :	0.0334051724137931
P82280 vs. Q9FJA2 :	0.08340283569641367
P82280 vs. Q9LV52 :	-0.04054054054054054
P82280 vs. Q9LZM8 :	0.0581270182992465
P82280 vs. Q9SZP1 :	0.09921671018276762
P82280 vs. Q9W0K7 :	0.062381852551984876
P82280 vs. T00179 :	0.015238095238095238
P82280 vs. T00349 :	0.024630541871921183
P82280 vs. T00665 :	0.08979155531801176
P82280 vs. T00772 :	0.028670721112076455
P82280 vs. T00956 :	0.07833333333333334
P82280 vs. T01128 :	0.009843400447427294
P82280 vs. T01265 :	0.013358778625954198
P82280 vs. T01526 :	0.04023361453601557
P82280 vs. T01614 :	0.04579339723109691
P82280 vs. T01615 :	0.05909576361694553
P82280 vs. T02111 :	0.09632224168126094
P82280 vs. T02302 :	0.03734439834024896
P82280 vs. T02636 :	0.42170542635658914
P82280 vs. T02637 :	0.8790849673202614
P82280 vs. T02639 :	0.2978427279053584
P82280 vs. T02649 :	0.41054313099041534
P82280 vs. T02652 :	0.06126482213438735
P82280 vs. T02692 :	0.028679245283018868
P82280 vs. T03480 :	0.022199798183652877
P82280 vs. T03481 :	-0.02487198244330651
P82280 vs. T03513 :	0.04042129234272701
P82280 vs. T03590 :	0.02924634420697413
P82280 vs. T03600 :	-0.017482517482517484
P82280 vs. T03707 :	0.0811623246492986
P82280 vs. T04675 :	0.05333333333333334
P82280 vs. T04679 :	0.05761316872427984
P82280 vs. T04728 :	0.06622516556291391
P82280 vs. bin :	-0.0707070707070707
P82280 vs. eyg :	0.04938271604938271
P82280 vs. ind :	0.055951727921009324
P82280 vs. mirr :	0.05846662989520132
P82280 vs. tin :	0.095004095004095
P98149 vs. Q05958 :	0.0446927374301676
P98149 vs. Q06149 :	0.0592118423684737
P98149 vs. Q12151 :	0.0472972972972973
P98149 vs. Q12172 :	-0.02143707820563716
P98149 vs. Q24248 :	-0.008547008547008548
P98149 vs. Q94527 :	0.3076923076923077
P98149 vs. Q95RW8 :	-0.012321909896033885
P98149 vs. Q9FJA2 :	-0.0204241948153967
P98149 vs. Q9LV52 :	-0.0635593220338983
P98149 vs. Q9LZM8 :	0.011265490048817123
P98149 vs. Q9SZP1 :	0.011538461538461539
P98149 vs. Q9W0K7 :	-0.014814814814814815
P98149 vs. T00179 :	0.012618296529968454
P98149 vs. T00349 :	0.057356608478802994
P98149 vs. T00665 :	0.0549618320610687
P98149 vs. T00772 :	0.06375287545185672
P98149 vs. T00956 :	0.007653061224489796
P98149 vs. T01128 :	0.029605263157894735
P98149 vs. T01265 :	-0.00949367088607595
P98149 vs. T01526 :	0.08161130002615746
P98149 vs. T01614 :	0.016399552739470743
P98149 vs. T01615 :	0.07308228730822873
P98149 vs. T02111 :	-0.011594202898550725
P98149 vs. T02302 :	0.04165539626724371
P98149 vs. T02636 :	-0.016070711128967456
P98149 vs. T02637 :	0.02446280991735537
P98149 vs. T02639 :	0.02359882005899705
P98149 vs. T02649 :	-0.005488043904351235
P98149 vs. T02652 :	0.06701830592615575
P98149 vs. T02692 :	0.0088008800880088
P98149 vs. T03480 :	0.03352636391344102
P98149 vs. T03481 :	-0.0031119090365050867
P98149 vs. T03513 :	0.0699397869383974
P98149 vs. T03590 :	0.02464788732394366
P98149 vs. T03600 :	-0.009925558312655087
P98149 vs. T03707 :	0.010230179028132993
P98149 vs. T04675 :	0.034494896163322776
P98149 vs. T04679 :	0.03647604327666151
P98149 vs. T04728 :	-0.01391731477691363
P98149 vs. bin :	-0.029411764705882353
P98149 vs. eyg :	0.05016077170418006
P98149 vs. ind :	0.028081123244929798
P98149 vs. mirr :	-0.0031323414252153485
P98149 vs. tin :	0.03735408560311284
Q05958 vs. Q06149 :	0.3153692614770459
Q05958 vs. Q12151 :	0.6943231441048034
Q05958 vs. Q12172 :	0.2765957446808511
Q05958 vs. Q24248 :	0.04219409282700422
Q05958 vs. Q94527 :	-0.010305192231470472
Q05958 vs. Q95RW8 :	0.028346456692913385
Q05958 vs. Q9FJA2 :	0.044298605414273995
Q05958 vs. Q9LV52 :	-0.06030150753768844
Q05958 vs. Q9LZM8 :	-0.01729559748427673
Q05958 vs. Q9SZP1 :	0.03613511390416339
Q05958 vs. Q9W0K7 :	-0.001813236627379873
Q05958 vs. T00179 :	0.1440501043841336
Q05958 vs. T00349 :	0.0497335701598579
Q05958 vs. T00665 :	0.0634184068058778
Q05958 vs. T00772 :	0.009324009324009324
Q05958 vs. T00956 :	0.13176895306859207
Q05958 vs. T01128 :	-0.027895694360218316
Q05958 vs. T01265 :	0.0794979079497908
Q05958 vs. T01526 :	-0.017628205128205128
Q05958 vs. T01614 :	-0.01393188854489164
Q05958 vs. T01615 :	-0.007608178792201617
Q05958 vs. T02111 :	0.03353057199211045
Q05958 vs. T02302 :	0.01647875108412836
Q05958 vs. T02636 :	-0.0378657487091222
Q05958 vs. T02637 :	0.023931623931623933
Q05958 vs. T02639 :	-0.01833460656990069
Q05958 vs. T02649 :	-0.015517241379310345
Q05958 vs. T02652 :	-0.016877637130801686
Q05958 vs. T02692 :	0.11030008110300081
Q05958 vs. T03480 :	-0.005291005291005291
Q05958 vs. T03481 :	-0.07682458386683738
Q05958 vs. T03513 :	-0.04783054321831227
Q05958 vs. T03590 :	-0.03844305622296973
Q05958 vs. T03600 :	0.2761061946902655
Q05958 vs. T03707 :	0.009929078014184398
Q05958 vs. T04675 :	0.002642007926023778
Q05958 vs. T04679 :	-0.031453362255965296
Q05958 vs. T04728 :	0.034050179211469536
Q05958 vs. bin :	-0.0963855421686747
Q05958 vs. eyg :	0.04280821917808219
Q05958 vs. ind :	0.0213713268032057
Q05958 vs. mirr :	0.04219409282700422
Q05958 vs. tin :	0.06275140788415125
Q06149 vs. Q12151 :	0.33940774487471526
Q06149 vs. Q12172 :	0.5082568807339449
Q06149 vs. Q24248 :	0.012280701754385965
Q06149 vs. Q94527 :	0.03627242909511866
Q06149 vs. Q95RW8 :	0.009398496240601503
Q06149 vs. Q9FJA2 :	0.011616650532429816
Q06149 vs. Q9LV52 :	-0.09498680738786279
Q06149 vs. Q9LZM8 :	-0.019448946515397084
Q06149 vs. Q9SZP1 :	0.06280667320902845
Q06149 vs. Q9W0K7 :	0.048826291079812206
Q06149 vs. T00179 :	0.07173913043478261
Q06149 vs. T00349 :	0.029411764705882353
Q06149 vs. T00665 :	0.07808764940239044
Q06149 vs. T00772 :	0.025029797377830752
Q06149 vs. T00956 :	0.12149532710280374
Q06149 vs. T01128 :	-0.024829298572315334
Q06149 vs. T01265 :	0.06318082788671024
Q06149 vs. T01526 :	0.04344391785150079
Q06149 vs. T01614 :	-0.03508771929824561
Q06149 vs. T01615 :	0.050093926111458985
Q06149 vs. T02111 :	0.040983606557377046
Q06149 vs. T02302 :	0.015182601559294214
Q06149 vs. T02636 :	0.0035587188612099642
Q06149 vs. T02637 :	0.002379819133745835
Q06149 vs. T02639 :	-0.012588512981904013
Q06149 vs. T02649 :	-0.0017825311942959
Q06149 vs. T02652 :	0.02956989247311828
Q06149 vs. T02692 :	0.10376569037656903
Q06149 vs. T03480 :	0.016599371915657246
Q06149 vs. T03481 :	0.02790600083927822
Q06149 vs. T03513 :	0.05676925530218466
Q06149 vs. T03590 :	0.031834803183480316
Q06149 vs. T03600 :	0.19230769230769232
Q06149 vs. T03707 :	0.014577259475218658
Q06149 vs. T04675 :	-0.014905149051490514
Q06149 vs. T04679 :	0.008612873980054397
Q06149 vs. T04728 :	0.06576402321083172
Q06149 vs. bin :	-0.10223642172523961
Q06149 vs. eyg :	0.02654867256637168
Q06149 vs. ind :	0.018433179723502304
Q06149 vs. mirr :	0.038461538461538464
Q06149 vs. tin :	0.043601895734597156
Q12151 vs. Q12172 :	0.2729083665338645
Q12151 vs. Q24248 :	-0.008904719501335707
Q12151 vs. Q94527 :	-0.06669445602334306
Q12151 vs. Q95RW8 :	-0.0
Q12151 vs. Q9FJA2 :	0.025343189017951427
Q12151 vs. Q9LV52 :	-0.07142857142857142
Q12151 vs. Q9LZM8 :	-0.02320185614849188
Q12151 vs. Q9SZP1 :	0.0278503046127067
Q12151 vs. Q9W0K7 :	-0.04275534441805225
Q12151 vs. T00179 :	0.0671462829736211
Q12151 vs. T00349 :	0.036065573770491806
Q12151 vs. T00665 :	0.022241231822070145
Q12151 vs. T00772 :	-0.016331658291457288
Q12151 vs. T00956 :	0.10569105691056911
Q12151 vs. T01128 :	-0.019672131147540985
Q12151 vs. T01265 :	0.06009615384615385
Q12151 vs. T01526 :	-0.027692307692307693
Q12151 vs. T01614 :	-0.03424657534246575
Q12151 vs. T01615 :	-0.03768115942028986
Q12151 vs. T02111 :	0.0449438202247191
Q12151 vs. T02302 :	-0.01833180568285976
Q12151 vs. T02636 :	-0.03468208092485549
Q12151 vs. T02637 :	-0.015873015873015872
Q12151 vs. T02639 :	-0.018565400843881856
Q12151 vs. T02649 :	-0.0444015444015444
Q12151 vs. T02652 :	-0.04966139954853273
Q12151 vs. T02692 :	0.0703336339044184
Q12151 vs. T03480 :	-0.0622876557191393
Q12151 vs. T03481 :	-0.0821917808219178
Q12151 vs. T03513 :	-0.07420620763467713
Q12151 vs. T03590 :	-0.0746039856923863
Q12151 vs. T03600 :	0.24652087475149106
Q12151 vs. T03707 :	-0.038880248833592534
Q12151 vs. T04675 :	-0.01870503597122302
Q12151 vs. T04679 :	-0.040697674418604654
Q12151 vs. T04728 :	0.004219409282700422
Q12151 vs. bin :	-0.040740740740740744
Q12151 vs. eyg :	-0.026771653543307086
Q12151 vs. ind :	-0.022022022022022022
Q12151 vs. mirr :	-0.005439709882139619
Q12151 vs. tin :	-0.0
Q12172 vs. Q24248 :	0.02843601895734597
Q12172 vs. Q94527 :	-0.025277671390271927
Q12172 vs. Q95RW8 :	0.010084033613445379
Q12172 vs. Q9FJA2 :	0.022953328232593728
Q12172 vs. Q9LV52 :	-0.08823529411764706
Q12172 vs. Q9LZM8 :	0.0148975791433892
Q12172 vs. Q9SZP1 :	0.0314410480349345
Q12172 vs. Q9W0K7 :	-0.003795066413662239
Q12172 vs. T00179 :	0.0497131931166348
Q12172 vs. T00349 :	0.044481054365733116
Q12172 vs. T00665 :	0.06424344885883347
Q12172 vs. T00772 :	0.036585365853658534
Q12172 vs. T00956 :	0.0903010033444816
Q12172 vs. T01128 :	-0.014968336211859529
Q12172 vs. T01265 :	0.05555555555555555
Q12172 vs. T01526 :	-0.03637770897832817
Q12172 vs. T01614 :	0.015942028985507246
Q12172 vs. T01615 :	0.020994979461433135
Q12172 vs. T02111 :	0.025408348457350273
Q12172 vs. T02302 :	0.014202172096908938
Q12172 vs. T02636 :	0.0272
Q12172 vs. T02637 :	0.005807200929152149
Q12172 vs. T02639 :	0.01717967072297781
Q12172 vs. T02649 :	0.046474358974358976
Q12172 vs. T02652 :	0.005040322580645161
Q12172 vs. T02692 :	0.045420136260408785
Q12172 vs. T03480 :	0.03134479271991911
Q12172 vs. T03481 :	-0.03452243958573072
Q12172 vs. T03513 :	-0.027860696517412936
Q12172 vs. T03590 :	-0.03872752420470263
Q12172 vs. T03600 :	0.23973727422003285
Q12172 vs. T03707 :	0.037383177570093455
Q12172 vs. T04675 :	0.0149812734082397
Q12172 vs. T04679 :	0.003105590062111801
Q12172 vs. T04728 :	0.059800664451827246
Q12172 vs. bin :	-0.09308510638297872
Q12172 vs. eyg :	0.029930518439337254
Q12172 vs. ind :	0.06275805119735756
Q12172 vs. mirr :	0.050393700787401574
Q12172 vs. tin :	0.0946656649135988
Q24248 vs. Q94527 :	-0.0
Q24248 vs. Q95RW8 :	0.2467741935483871
Q24248 vs. Q9FJA2 :	0.11079943899018233
Q24248 vs. Q9LV52 :	0.03131115459882583
Q24248 vs. Q9LZM8 :	0.5080459770114942
Q24248 vs. Q9SZP1 :	0.06094968107725018
Q24248 vs. Q9W0K7 :	0.08091603053435115
Q24248 vs. T00179 :	-0.010948905109489052
Q24248 vs. T00349 :	0.0529595015576324
Q24248 vs. T00665 :	0.20113544201135442
Q24248 vs. T00772 :	0.040992448759439054
Q24248 vs. T00956 :	0.0754414125200642
Q24248 vs. T01128 :	0.02574146614437605
Q24248 vs. T01265 :	0.011574074074074073
Q24248 vs. T01526 :	0.007399186089530152
Q24248 vs. T01614 :	0.023776223776223775
Q24248 vs. T01615 :	0.023376623376623377
Q24248 vs. T02111 :	0.050347222222222224
Q24248 vs. T02302 :	-0.00900163666121113
Q24248 vs. T02636 :	0.055384615384615386
Q24248 vs. T02637 :	0.05866376969038566
Q24248 vs. T02639 :	0.09366754617414248
Q24248 vs. T02649 :	0.053929121725731895
Q24248 vs. T02652 :	0.06784660766961652
Q24248 vs. T02692 :	0.03194444444444444
Q24248 vs. T03480 :	0.02956604673342871
Q24248 vs. T03481 :	0.07256894049346879
Q24248 vs. T03513 :	-0.02297383535417996
Q24248 vs. T03590 :	0.009615384615384616
Q24248 vs. T03600 :	0.052050473186119876
Q24248 vs. T03707 :	0.028423772609819122
Q24248 vs. T04675 :	0.03834979662986636
Q24248 vs. T04679 :	0.02145294978059483
Q24248 vs. T04728 :	0.08919123204837491
Q24248 vs. bin :	-0.01949317738791423
Q24248 vs. eyg :	0.33820459290187893
Q24248 vs. ind :	0.31932773109243695
Q24248 vs. mirr :	1.0
Q24248 vs. tin :	0.16246953696181965
Q94527 vs. Q95RW8 :	0.002905920813657828
Q94527 vs. Q9FJA2 :	-0.027387120651369355
Q94527 vs. Q9LV52 :	-0.06382978723404255
Q94527 vs. Q9LZM8 :	0.013067150635208712
Q94527 vs. Q9SZP1 :	-0.023947750362844702
Q94527 vs. Q9W0K7 :	-0.015467904098994586
Q94527 vs. T00179 :	-0.05527043031977892
Q94527 vs. T00349 :	0.029411764705882353
Q94527 vs. T00665 :	0.040345821325648415
Q94527 vs. T00772 :	0.05501719287277274
Q94527 vs. T00956 :	-0.010034735623311463
Q94527 vs. T01128 :	0.04533844189016603
Q94527 vs. T01265 :	-0.05610430659818254
Q94527 vs. T01526 :	0.06685096757979392
Q94527 vs. T01614 :	0.008371119637251482
Q94527 vs. T01615 :	0.07342942616263258
Q94527 vs. T02111 :	-0.02883460152182619
Q94527 vs. T02302 :	0.041741819118783816
Q94527 vs. T02636 :	-0.012098298676748583
Q94527 vs. T02637 :	0.02438241899262111
Q94527 vs. T02639 :	0.014326647564469915
Q94527 vs. T02649 :	-0.022701475595913734
Q94527 vs. T02652 :	0.05031074282332051
Q94527 vs. T02692 :	0.018409425625920472
Q94527 vs. T03480 :	0.0658167803142603
Q94527 vs. T03481 :	0.04835164835164835
Q94527 vs. T03513 :	0.06031746031746032
Q94527 vs. T03590 :	0.02899343544857768
Q94527 vs. T03600 :	-0.02602372751626483
Q94527 vs. T03707 :	0.029035603180089874
Q94527 vs. T04675 :	0.02869536202869536
Q94527 vs. T04679 :	0.03568294823047675
Q94527 vs. T04728 :	-0.026933435936898807
Q94527 vs. bin :	-0.05017921146953405
Q94527 vs. eyg :	0.04837721984078383
Q94527 vs. ind :	0.03823529411764706
Q94527 vs. mirr :	-0.0
Q94527 vs. tin :	0.0227111426543648
Q95RW8 vs. Q9FJA2 :	0.05776736924277908
Q95RW8 vs. Q9LV52 :	-0.039627039627039624
Q95RW8 vs. Q9LZM8 :	0.326171875
Q95RW8 vs. Q9SZP1 :	0.06292134831460675
Q95RW8 vs. Q9W0K7 :	0.05351170568561873
Q95RW8 vs. T00179 :	-0.011764705882352941
Q95RW8 vs. T00349 :	0.048672566371681415
Q95RW8 vs. T00665 :	0.18323249783923942
Q95RW8 vs. T00772 :	0.015416238437821172
Q95RW8 vs. T00956 :	0.061285500747384154
Q95RW8 vs. T01128 :	0.026609898882384245
Q95RW8 vs. T01265 :	-0.01768172888015717
Q95RW8 vs. T01526 :	0.022010271460014674
Q95RW8 vs. T01614 :	0.04730617608409987
Q95RW8 vs. T01615 :	0.014573510501500214
Q95RW8 vs. T02111 :	0.02090032154340836
Q95RW8 vs. T02302 :	0.0015772870662460567
Q95RW8 vs. T02636 :	0.040229885057471264
Q95RW8 vs. T02637 :	0.043991416309012876
Q95RW8 vs. T02639 :	0.06887589343729694
Q95RW8 vs. T02649 :	0.03436988543371522
Q95RW8 vs. T02652 :	0.059266227657572904
Q95RW8 vs. T02692 :	0.021621621621621623
Q95RW8 vs. T03480 :	0.04433962264150943
Q95RW8 vs. T03481 :	0.033214709371293
Q95RW8 vs. T03513 :	-0.022806461830852075
Q95RW8 vs. T03590 :	0.007788836001730853
Q95RW8 vs. T03600 :	0.03823529411764706
Q95RW8 vs. T03707 :	0.015853658536585366
Q95RW8 vs. T04675 :	0.04357798165137615
Q95RW8 vs. T04679 :	0.019286403085824494
Q95RW8 vs. T04728 :	0.008915304606240713
Q95RW8 vs. bin :	-0.0718562874251497
Q95RW8 vs. eyg :	0.18048780487804877
Q95RW8 vs. ind :	0.18565400843881857
Q95RW8 vs. mirr :	0.24670287044220326
Q95RW8 vs. tin :	0.17835497835497835
Q9FJA2 vs. Q9LV52 :	-0.04353083434099154
Q9FJA2 vs. Q9LZM8 :	0.11665387567152724
Q9FJA2 vs. Q9SZP1 :	0.65625
Q9FJA2 vs. Q9W0K7 :	0.0483619344773791
Q9FJA2 vs. T00179 :	0.03518029903254178
Q9FJA2 vs. T00349 :	0.022988505747126436
Q9FJA2 vs. T00665 :	0.08472222222222223
Q9FJA2 vs. T00772 :	0.052770448548812667
Q9FJA2 vs. T00956 :	0.03418803418803419
Q9FJA2 vs. T01128 :	0.03172866520787746
Q9FJA2 vs. T01265 :	-0.001762114537444934
Q9FJA2 vs. T01526 :	0.00822429906542056
Q9FJA2 vs. T01614 :	0.024473147518694765
Q9FJA2 vs. T01615 :	0.014899211218229623
Q9FJA2 vs. T02111 :	0.03253588516746411
Q9FJA2 vs. T02302 :	0.045875251509054325
Q9FJA2 vs. T02636 :	0.06370494551550712
Q9FJA2 vs. T02637 :	0.06618863761720904
Q9FJA2 vs. T02639 :	0.05970149253731343
Q9FJA2 vs. T02649 :	0.07388748950461797
Q9FJA2 vs. T02652 :	0.026024096385542168
Q9FJA2 vs. T02692 :	0.06232294617563739
Q9FJA2 vs. T03480 :	0.02319961333977767
Q9FJA2 vs. T03481 :	-0.03201970443349754
Q9FJA2 vs. T03513 :	-0.028976175144880875
Q9FJA2 vs. T03590 :	0.01504424778761062
Q9FJA2 vs. T03600 :	0.061115355233002294
Q9FJA2 vs. T03707 :	0.055517002081887576
Q9FJA2 vs. T04675 :	0.0448907265209687
Q9FJA2 vs. T04679 :	0.020761245674740483
Q9FJA2 vs. T04728 :	0.2991840435176791
Q9FJA2 vs. bin :	-0.034532374100719423
Q9FJA2 vs. eyg :	0.0775588048315321
Q9FJA2 vs. ind :	0.06912442396313365
Q9FJA2 vs. mirr :	0.10384068278805121
Q9FJA2 vs. tin :	0.040787623066104076
Q9LV52 vs. Q9LZM8 :	0.07008086253369272
Q9LV52 vs. Q9SZP1 :	-0.06997084548104957
Q9LV52 vs. Q9W0K7 :	-0.04155124653739612
Q9LV52 vs. T00179 :	-0.008403361344537815
Q9LV52 vs. T00349 :	-0.036734693877551024
Q9LV52 vs. T00665 :	-0.02669208770257388
Q9LV52 vs. T00772 :	-0.042119565217391304
Q9LV52 vs. T00956 :	-0.09490740740740741
Q9LV52 vs. T01128 :	-0.06832740213523132
Q9LV52 vs. T01265 :	-0.0056179775280898875
Q9LV52 vs. T01526 :	-0.045283018867924525
Q9LV52 vs. T01614 :	-0.06297709923664122
Q9LV52 vs. T01615 :	-0.09230769230769231
Q9LV52 vs. T02111 :	-0.0025974025974025974
Q9LV52 vs. T02302 :	-0.07953443258971872
Q9LV52 vs. T02636 :	-0.004357298474945534
Q9LV52 vs. T02637 :	-0.02702702702702703
Q9LV52 vs. T02639 :	-0.024413145539906103
Q9LV52 vs. T02649 :	0.00477326968973747
Q9LV52 vs. T02652 :	-0.06295399515738499
Q9LV52 vs. T02692 :	-0.06066734074823053
Q9LV52 vs. T03480 :	-0.05103280680437424
Q9LV52 vs. T03481 :	0.21601489757914338
Q9LV52 vs. T03513 :	-0.1073425270219903
Q9LV52 vs. T03590 :	-0.03592814371257485
Q9LV52 vs. T03600 :	-0.02708803611738149
Q9LV52 vs. T03707 :	-0.0
Q9LV52 vs. T04675 :	-0.01889763779527559
Q9LV52 vs. T04679 :	-0.08125
Q9LV52 vs. T04728 :	-0.02981651376146789
Q9LV52 vs. bin :	0.009523809523809525
Q9LV52 vs. eyg :	-0.015151515151515152
Q9LV52 vs. ind :	-0.06243705941591138
Q9LV52 vs. mirr :	0.03131115459882583
Q9LV52 vs. tin :	-0.01884570082449941
Q9LZM8 vs. Q9SZP1 :	0.0691029900332226
Q9LZM8 vs. Q9W0K7 :	0.10486891385767791
Q9LZM8 vs. T00179 :	-0.0
Q9LZM8 vs. T00349 :	0.027982326951399118
Q9LZM8 vs. T00665 :	0.14770158251695553
Q9LZM8 vs. T00772 :	0.00842358604091456
Q9LZM8 vs. T00956 :	-0.019402985074626865
Q9LZM8 vs. T01128 :	0.001063264221158958
Q9LZM8 vs. T01265 :	-0.0066518847006651885
Q9LZM8 vs. T01526 :	0.010263929618768328
Q9LZM8 vs. T01614 :	0.019769357495881382
Q9LZM8 vs. T01615 :	0.004073319755600814
Q9LZM8 vs. T02111 :	0.060995184590690206
Q9LZM8 vs. T02302 :	0.002364066193853428
Q9LZM8 vs. T02636 :	0.024390243902439025
Q9LZM8 vs. T02637 :	0.04180064308681672
Q9LZM8 vs. T02639 :	0.05191434133679429
Q9LZM8 vs. T02649 :	0.04597701149425287
Q9LZM8 vs. T02652 :	0.02913533834586466
Q9LZM8 vs. T02692 :	0.020477815699658702
Q9LZM8 vs. T03480 :	-0.00942507068803016
Q9LZM8 vs. T03481 :	0.017069701280227598
Q9LZM8 vs. T03513 :	-0.029756251978474202
Q9LZM8 vs. T03590 :	0.01988759187202767
Q9LZM8 vs. T03600 :	0.00929368029739777
Q9LZM8 vs. T03707 :	0.04506699147381242
Q9LZM8 vs. T04675 :	0.052054794520547946
Q9LZM8 vs. T04679 :	0.03564547206165703
Q9LZM8 vs. T04728 :	0.03560830860534125
Q9LZM8 vs. bin :	-0.03795066413662239
Q9LZM8 vs. eyg :	0.19154929577464788
Q9LZM8 vs. ind :	0.1646398503274088
Q9LZM8 vs. mirr :	0.5080459770114942
Q9LZM8 vs. tin :	0.17536945812807883
Q9SZP1 vs. Q9W0K7 :	0.060714285714285714
Q9SZP1 vs. T00179 :	-0.0033585222502099076
Q9SZP1 vs. T00349 :	0.03532008830022075
Q9SZP1 vs. T00665 :	0.05683563748079877
Q9SZP1 vs. T00772 :	0.024628014366341714
Q9SZP1 vs. T00956 :	0.06413124533929904
Q9SZP1 vs. T01128 :	0.03506907545164718
Q9SZP1 vs. T01265 :	0.01345668629100084
Q9SZP1 vs. T01526 :	-0.004397215097105167
Q9SZP1 vs. T01614 :	0.02622950819672131
Q9SZP1 vs. T01615 :	0.02280130293159609
Q9SZP1 vs. T02111 :	0.03685741998060136
Q9SZP1 vs. T02302 :	0.028357621110673494
Q9SZP1 vs. T02636 :	0.08602150537634409
Q9SZP1 vs. T02637 :	0.06614447345517842
Q9SZP1 vs. T02639 :	0.055771725032425425
Q9SZP1 vs. T02649 :	0.05097706032285471
Q9SZP1 vs. T02652 :	0.024424612494128698
Q9SZP1 vs. T02692 :	0.08731241473396999
Q9SZP1 vs. T03480 :	0.011304757418747056
Q9SZP1 vs. T03481 :	-0.05325443786982249
Q9SZP1 vs. T03513 :	-0.02721518987341772
Q9SZP1 vs. T03590 :	-0.00667302192564347
Q9SZP1 vs. T03600 :	0.04548789435069699
Q9SZP1 vs. T03707 :	0.05886475122634898
Q9SZP1 vs. T04675 :	0.024041213508872353
Q9SZP1 vs. T04679 :	0.043331728454501686
Q9SZP1 vs. T04728 :	0.28833792470156105
Q9SZP1 vs. bin :	-0.01762114537444934
Q9SZP1 vs. eyg :	0.08565310492505353
Q9SZP1 vs. ind :	0.07079646017699115
Q9SZP1 vs. mirr :	0.06109324758842444
Q9SZP1 vs. tin :	0.036585365853658534
Q9W0K7 vs. T00179 :	-0.029382957884427033
Q9W0K7 vs. T00349 :	0.08915054667788057
Q9W0K7 vs. T00665 :	0.04599406528189911
Q9W0K7 vs. T00772 :	0.023608768971332208
Q9W0K7 vs. T00956 :	0.032450896669513236
Q9W0K7 vs. T01128 :	0.014018691588785047
Q9W0K7 vs. T01265 :	-0.013738959764474975
Q9W0K7 vs. T01526 :	0.03142857142857143
Q9W0K7 vs. T01614 :	0.007380073800738007
Q9W0K7 vs. T01615 :	-0.006463527239150508
Q9W0K7 vs. T02111 :	0.07242339832869081
Q9W0K7 vs. T02302 :	-0.022794428028704093
Q9W0K7 vs. T02636 :	0.0163265306122449
Q9W0K7 vs. T02637 :	0.06049149338374291
Q9W0K7 vs. T02639 :	0.08017492711370262
Q9W0K7 vs. T02649 :	0.05560098119378577
Q9W0K7 vs. T02652 :	0.011230219499744768
Q9W0K7 vs. T02692 :	0.02070750647109577
Q9W0K7 vs. T03480 :	0.010240655401945725
Q9W0K7 vs. T03481 :	0.014144271570014143
Q9W0K7 vs. T03513 :	-0.03411371237458194
Q9W0K7 vs. T03590 :	-0.018656716417910446
Q9W0K7 vs. T03600 :	0.05113636363636364
Q9W0K7 vs. T03707 :	-0.01347305389221557
Q9W0K7 vs. T04675 :	0.0375
Q9W0K7 vs. T04679 :	-0.01048767697954903
Q9W0K7 vs. T04728 :	0.07803223070398643
Q9W0K7 vs. bin :	0.04406779661016949
Q9W0K7 vs. eyg :	0.04057971014492753
Q9W0K7 vs. ind :	0.003372681281618887
Q9W0K7 vs. mirr :	0.07285342584562012
Q9W0K7 vs. tin :	0.06401384083044982
T00179 vs. T00349 :	0.003067484662576687
T00179 vs. T00665 :	0.03751233958538993
T00179 vs. T00772 :	-0.02447980416156671
T00179 vs. T00956 :	0.02729044834307992
T00179 vs. T01128 :	-0.012763241863433313
T00179 vs. T01265 :	0.585812356979405
T00179 vs. T01526 :	-0.005780346820809248
T00179 vs. T01614 :	-0.006611570247933884
T00179 vs. T01615 :	-0.0
T00179 vs. T02111 :	0.030042918454935622
T00179 vs. T02302 :	-0.018884892086330936
T00179 vs. T02636 :	0.011111111111111112
T00179 vs. T02637 :	-0.0038095238095238095
T00179 vs. T02639 :	-0.008149959250203748
T00179 vs. T02649 :	-0.0037105751391465678
T00179 vs. T02652 :	-0.05512679162072767
T00179 vs. T02692 :	0.052128583840139006
T00179 vs. T03480 :	-0.032079646017699116
T00179 vs. T03481 :	-0.05436337625178827
T00179 vs. T03513 :	-0.06608084358523726
T00179 vs. T03590 :	-0.04102051025512756
T00179 vs. T03600 :	0.13358778625954199
T00179 vs. T03707 :	-0.025602409638554216
T00179 vs. T04675 :	-0.002793296089385475
T00179 vs. T04679 :	-0.056753688989784334
T00179 vs. T04728 :	0.03288201160541586
T00179 vs. bin :	-0.05154639175257732
T00179 vs. eyg :	0.003683241252302026
T00179 vs. ind :	-0.008658008658008658
T00179 vs. mirr :	0.01818181818181818
T00179 vs. tin :	-0.03560830860534125
T00349 vs. T00665 :	0.06604572396274344
T00349 vs. T00772 :	0.033296337402885685
T00349 vs. T00956 :	0.048576214405360134
T00349 vs. T01128 :	0.026512968299711816
T00349 vs. T01265 :	0.07677543186180422
T00349 vs. T01526 :	-0.022463206816421378
T00349 vs. T01614 :	0.05079825834542816
T00349 vs. T01615 :	0.01644586569209685
T00349 vs. T02111 :	0.07344632768361582
T00349 vs. T02302 :	0.0033444816053511705
T00349 vs. T02636 :	0.03205128205128205
T00349 vs. T02637 :	0.04597701149425287
T00349 vs. T02639 :	0.031541218637992835
T00349 vs. T02649 :	0.04012841091492777
T00349 vs. T02652 :	-0.0010090817356205853
T00349 vs. T02692 :	0.04700530705079606
T00349 vs. T03480 :	0.05668016194331984
T00349 vs. T03481 :	0.06315789473684211
T00349 vs. T03513 :	-0.019913707268503153
T00349 vs. T03590 :	0.009229349330872173
T00349 vs. T03600 :	0.03289473684210526
T00349 vs. T03707 :	0.004010695187165776
T00349 vs. T04675 :	0.06875
T00349 vs. T04679 :	-0.014507772020725389
T00349 vs. T04728 :	0.039723661485319514
T00349 vs. bin :	-0.046822742474916385
T00349 vs. eyg :	0.06060606060606061
T00349 vs. ind :	0.07032967032967033
T00349 vs. mirr :	0.0529595015576324
T00349 vs. tin :	0.07972858354537744
T00665 vs. T00772 :	0.08363448631905007
T00665 vs. T00956 :	0.006878761822871883
T00665 vs. T01128 :	0.028877005347593583
T00665 vs. T01265 :	0.011869436201780416
T00665 vs. T01526 :	0.038600723763570564
T00665 vs. T01614 :	0.01423948220064725
T00665 vs. T01615 :	0.044135676338373515
T00665 vs. T02111 :	0.030182684670373314
T00665 vs. T02302 :	0.003907776475185619
T00665 vs. T02636 :	0.04483007953723789
T00665 vs. T02637 :	0.09047365620010644
T00665 vs. T02639 :	0.036601307189542485
T00665 vs. T02649 :	0.03950617283950617
T00665 vs. T02652 :	0.03495512517713746
T00665 vs. T02692 :	0.029503105590062112
T00665 vs. T03480 :	0.059729351376574896
T00665 vs. T03481 :	0.003898635477582846
T00665 vs. T03513 :	-0.012706480304955527
T00665 vs. T03590 :	0.027515047291487533
T00665 vs. T03600 :	0.023138105567606652
T00665 vs. T03707 :	0.03801348865726548
T00665 vs. T04675 :	0.07953890489913544
T00665 vs. T04679 :	0.03814973772055317
T00665 vs. T04728 :	0.068810770381451
T00665 vs. bin :	-0.08344923504867872
T00665 vs. eyg :	0.18806214227309895
T00665 vs. ind :	0.23938879456706283
T00665 vs. mirr :	0.19725141471301536
T00665 vs. tin :	0.2700348432055749
T00772 vs. T00956 :	0.011210762331838564
T00772 vs. T01128 :	0.01806451612903226
T00772 vs. T01265 :	-0.030637254901960783
T00772 vs. T01526 :	0.025220680958385876
T00772 vs. T01614 :	-0.0
T00772 vs. T01615 :	0.08348326736236056
T00772 vs. T02111 :	-0.009467455621301775
T00772 vs. T02302 :	0.04896042924211938
T00772 vs. T02636 :	0.029379760609358
T00772 vs. T02637 :	0.03722943722943723
T00772 vs. T02639 :	0.05138539042821159
T00772 vs. T02649 :	0.004357298474945534
T00772 vs. T02652 :	0.07698289269051321
T00772 vs. T02692 :	0.027239392352016764
T00772 vs. T03480 :	0.06313328137178488
T00772 vs. T03481 :	-0.06099476439790576
T00772 vs. T03513 :	0.022758812101026923
T00772 vs. T03590 :	0.028291621327529923
T00772 vs. T03600 :	0.03986710963455149
T00772 vs. T03707 :	0.09491850431447747
T00772 vs. T04675 :	0.0319634703196347
T00772 vs. T04679 :	0.06507936507936508
T00772 vs. T04728 :	0.05022321428571429
T00772 vs. bin :	-0.09701492537313433
T00772 vs. eyg :	0.051207729468599035
T00772 vs. ind :	0.04077365394668061
T00772 vs. mirr :	0.05166846071044134
T00772 vs. tin :	0.053152683689421575
T00956 vs. T01128 :	0.015142690739662202
T00956 vs. T01265 :	0.078125
T00956 vs. T01526 :	-0.02574102964118565
T00956 vs. T01614 :	0.01911764705882353
T00956 vs. T01615 :	-0.011976047904191617
T00956 vs. T02111 :	0.051756007393715345
T00956 vs. T02302 :	0.002527379949452401
T00956 vs. T02636 :	0.01951219512195122
T00956 vs. T02637 :	0.035
T00956 vs. T02639 :	0.011619462599854757
T00956 vs. T02649 :	0.017915309446254073
T00956 vs. T02652 :	0.031568228105906315
T00956 vs. T02692 :	0.09992313604919292
T00956 vs. T03480 :	-0.024514811031664963
T00956 vs. T03481 :	-0.10600706713780919
T00956 vs. T03513 :	-0.05356669318483161
T00956 vs. T03590 :	-0.05490926012098651
T00956 vs. T03600 :	0.15358931552587646
T00956 vs. T03707 :	0.02029769959404601
T00956 vs. T04675 :	0.006321112515802781
T00956 vs. T04679 :	0.012552301255230125
T00956 vs. T04728 :	-0.005067567567567568
T00956 vs. bin :	-0.07103825136612021
T00956 vs. eyg :	0.021035598705501618
T00956 vs. ind :	0.022988505747126436
T00956 vs. mirr :	0.0896
T00956 vs. tin :	0.07017543859649122
T01128 vs. T01265 :	-0.021725239616613417
T01128 vs. T01526 :	0.03735909822866344
T01128 vs. T01614 :	0.03787480273540242
T01128 vs. T01615 :	0.03392330383480826
T01128 vs. T02111 :	-0.0073937153419593345
T01128 vs. T02302 :	0.046655231560891935
T01128 vs. T02636 :	0.01129305477131564
T01128 vs. T02637 :	0.028533214444939812
T01128 vs. T02639 :	0.028154327424400417
T01128 vs. T02649 :	-0.02035048049745619
T01128 vs. T02652 :	0.056686626746506985
T01128 vs. T02692 :	0.04017372421281216
T01128 vs. T03480 :	0.04801920768307323
T01128 vs. T03481 :	-0.06330935251798561
T01128 vs. T03513 :	-0.0
T01128 vs. T03590 :	0.03940520446096654
T01128 vs. T03600 :	0.005750431282346176
T01128 vs. T03707 :	0.0475482912332838
T01128 vs. T04675 :	0.009420631182289214
T01128 vs. T04679 :	0.028536485935589075
T01128 vs. T04728 :	-0.002318840579710145
T01128 vs. bin :	-0.10054988216810684
T01128 vs. eyg :	0.034947578632051925
T01128 vs. ind :	0.028169014084507043
T01128 vs. mirr :	0.01786711334450028
T01128 vs. tin :	-0.012958963282937365
T01265 vs. T01526 :	-0.04477611940298507
T01265 vs. T01614 :	0.029801324503311258
T01265 vs. T01615 :	-0.01188707280832095
T01265 vs. T02111 :	0.04946236559139785
T01265 vs. T02302 :	-0.022502250225022502
T01265 vs. T02636 :	0.014842300556586271
T01265 vs. T02637 :	-0.03244274809160305
T01265 vs. T02639 :	0.013816925734024179
T01265 vs. T02649 :	-0.01858736059479554
T01265 vs. T02652 :	-0.0640176600441501
T01265 vs. T02692 :	0.022628372497824196
T01265 vs. T03480 :	-0.04540420819490587
T01265 vs. T03481 :	-0.028694404591104734
T01265 vs. T03513 :	-0.06331340133661625
T01265 vs. T03590 :	-0.05508262393590386
T01265 vs. T03600 :	0.0994263862332696
T01265 vs. T03707 :	-0.0030165912518853697
T01265 vs. T04675 :	0.008391608391608392
T01265 vs. T04679 :	-0.053409090909090906
T01265 vs. T04728 :	0.023255813953488372
T01265 vs. bin :	-0.08620689655172414
T01265 vs. eyg :	0.03690036900369004
T01265 vs. ind :	0.026019080659150044
T01265 vs. mirr :	0.011574074074074073
T01265 vs. tin :	-0.015857284440039643
T01526 vs. T01614 :	-0.00727802037845706
T01526 vs. T01615 :	0.07305422871593144
T01526 vs. T02111 :	0.013368983957219251
T01526 vs. T02302 :	0.05263157894736842
T01526 vs. T02636 :	-0.0030557677616501145
T01526 vs. T02637 :	0.0634304207119741
T01526 vs. T02639 :	0.037613019891500905
T01526 vs. T02649 :	-0.008409785932721712
T01526 vs. T02652 :	0.07756563245823389
T01526 vs. T02692 :	-0.010412792859799182
T01526 vs. T03480 :	0.04602510460251046
T01526 vs. T03481 :	-0.009976247030878859
T01526 vs. T03513 :	0.05065023956194387
T01526 vs. T03590 :	0.05145603618886062
T01526 vs. T03600 :	-0.02165506573859242
T01526 vs. T03707 :	0.02512212142358688
T01526 vs. T04675 :	0.039057239057239054
T01526 vs. T04679 :	0.05818181818181818
T01526 vs. T04728 :	-0.007058823529411765
T01526 vs. bin :	-0.10050251256281408
T01526 vs. eyg :	0.02778635381290522
T01526 vs. ind :	-0.0
T01526 vs. mirr :	0.003032600454890068
T01526 vs. tin :	-0.0029640607632456465
T01614 vs. T01615 :	0.02802547770700637
T01614 vs. T02111 :	0.053712480252764615
T01614 vs. T02302 :	0.013291634089132134
T01614 vs. T02636 :	0.12040133779264214
T01614 vs. T02637 :	0.053022269353128315
T01614 vs. T02639 :	0.014093529788597053
T01614 vs. T02649 :	0.04107648725212465
T01614 vs. T02652 :	0.025139664804469275
T01614 vs. T02692 :	0.06464646464646465
T01614 vs. T03480 :	0.035480859010270774
T01614 vs. T03481 :	-0.044530493707647625
T01614 vs. T03513 :	-0.005662157911292859
T01614 vs. T03590 :	0.02400342906129447
T01614 vs. T03600 :	0.04775687409551375
T01614 vs. T03707 :	0.02045728038507822
T01614 vs. T04675 :	0.039637599093997736
T01614 vs. T04679 :	0.01812977099236641
T01614 vs. T04728 :	0.008771929824561403
T01614 vs. bin :	-0.08496732026143791
T01614 vs. eyg :	0.06439854191980558
T01614 vs. ind :	0.021490933512424447
T01614 vs. mirr :	0.022792022792022793
T01614 vs. tin :	0.034782608695652174
T01615 vs. T02111 :	-0.009629272989889264
T01615 vs. T02302 :	0.058469475494411005
T01615 vs. T02636 :	0.021321961620469083
T01615 vs. T02637 :	0.06970708194289951
T01615 vs. T02639 :	0.04215851602023609
T01615 vs. T02649 :	-0.0
T01615 vs. T02652 :	0.05542412977357215
T01615 vs. T02692 :	0.02152317880794702
T01615 vs. T03480 :	0.07293035479632064
T01615 vs. T03481 :	-0.013550135501355014
T01615 vs. T03513 :	0.0681265206812652
T01615 vs. T03590 :	0.03431372549019608
T01615 vs. T03600 :	0.0043782837127845885
T01615 vs. T03707 :	0.08087343307723413
T01615 vs. T04675 :	0.06599925843529848
T01615 vs. T04679 :	0.05870580386924616
T01615 vs. T04728 :	0.0027535566773749425
T01615 vs. bin :	-0.1123335263462652
T01615 vs. eyg :	0.05379639087504256
T01615 vs. ind :	0.030578512396694214
T01615 vs. mirr :	0.00611353711790393
T01615 vs. tin :	0.031222896790980052
T02111 vs. T02302 :	-0.03333333333333333
T02111 vs. T02636 :	0.09683098591549295
T02111 vs. T02637 :	0.0867992766726944
T02111 vs. T02639 :	0.03117692907248636
T02111 vs. T02649 :	0.05114638447971781
T02111 vs. T02652 :	-0.03208556149732621
T02111 vs. T02692 :	0.0115990057995029
T02111 vs. T03480 :	-0.02575107296137339
T02111 vs. T03481 :	-0.013245033112582781
T02111 vs. T03513 :	-0.07583591864874181
T02111 vs. T03590 :	-0.027250608272506083
T02111 vs. T03600 :	0.018115942028985508
T02111 vs. T03707 :	0.036127167630057806
T02111 vs. T04675 :	0.026881720430107527
T02111 vs. T04679 :	-0.025302530253025302
T02111 vs. T04728 :	0.019120458891013385
T02111 vs. bin :	-0.06896551724137931
T02111 vs. eyg :	0.0595446584938704
T02111 vs. ind :	0.03828623518687329
T02111 vs. mirr :	0.021691973969631236
T02111 vs. tin :	0.12325390304026294
T02302 vs. T02636 :	-0.011532125205930808
T02302 vs. T02637 :	0.0496551724137931
T02302 vs. T02639 :	0.016310679611650485
T02302 vs. T02649 :	-0.0247320692497939
T02302 vs. T02652 :	0.04364326375711575
T02302 vs. T02692 :	0.0056022408963585435
T02302 vs. T03480 :	0.053231939163498096
T02302 vs. T03481 :	-0.01919805589307412
T02302 vs. T03513 :	0.04435964703076556
T02302 vs. T03590 :	0.04362115327158649
T02302 vs. T03600 :	0.030884808013355594
T02302 vs. T03707 :	0.042600896860986545
T02302 vs. T04675 :	0.02302158273381295
T02302 vs. T04679 :	0.05659163987138264
T02302 vs. T04728 :	0.005877413937867338
T02302 vs. bin :	-0.11709844559585492
T02302 vs. eyg :	0.02361429977041653
T02302 vs. ind :	0.003995205753096284
T02302 vs. mirr :	0.004901960784313725
T02302 vs. tin :	-0.005579912315663611
T02636 vs. T02637 :	0.3931888544891641
T02636 vs. T02639 :	0.36428571428571427
T02636 vs. T02649 :	0.5857142857142857
T02636 vs. T02652 :	0.040634291377601585
T02636 vs. T02692 :	0.016236162361623615
T02636 vs. T03480 :	0.033797216699801194
T02636 vs. T03481 :	-0.020100502512562814
T02636 vs. T03513 :	-0.0321416857986225
T02636 vs. T03590 :	-0.0018157058556513845
T02636 vs. T03600 :	-0.020766773162939296
T02636 vs. T03707 :	0.03263707571801567
T02636 vs. T04675 :	0.05012224938875306
T02636 vs. T04679 :	0.01627670396744659
T02636 vs. T04728 :	0.05025125628140704
T02636 vs. bin :	0.07207207207207207
T02636 vs. eyg :	0.04496124031007752
T02636 vs. ind :	0.03090507726269316
T02636 vs. mirr :	0.07975460122699386
T02636 vs. tin :	0.03956043956043956
T02637 vs. T02639 :	0.2876997915218902
T02637 vs. T02649 :	0.3767441860465116
T02637 vs. T02652 :	0.05330700888450148
T02637 vs. T02692 :	0.03393541324575807
T02637 vs. T03480 :	0.040257648953301126
T02637 vs. T03481 :	-0.016
T02637 vs. T03513 :	0.03578528827037773
T02637 vs. T03590 :	0.04635514018691589
T02637 vs. T03600 :	-0.012761020881670533
T02637 vs. T03707 :	0.10079840319361277
T02637 vs. T04675 :	0.058823529411764705
T02637 vs. T04679 :	0.04593929450369155
T02637 vs. T04728 :	0.057947019867549666
T02637 vs. bin :	-0.07142857142857142
T02637 vs. eyg :	0.056753688989784334
T02637 vs. ind :	0.056799563080284
T02637 vs. mirr :	0.058209774848984076
T02637 vs. tin :	0.06967882416984214
T02639 vs. T02649 :	0.43356643356643354
T02639 vs. T02652 :	0.023094688221709007
T02639 vs. T02692 :	0.0492676431424767
T02639 vs. T03480 :	0.05743399722093562
T02639 vs. T03481 :	-0.0
T02639 vs. T03513 :	-0.015644555694618274
T02639 vs. T03590 :	0.00425531914893617
T02639 vs. T03600 :	-0.005718370264474625
T02639 vs. T03707 :	0.0023823704586063135
T02639 vs. T04675 :	0.08076275939427931
T02639 vs. T04679 :	0.03502129673450071
T02639 vs. T04728 :	0.04909747292418772
T02639 vs. bin :	0.13157894736842105
T02639 vs. eyg :	0.04592901878914405
T02639 vs. ind :	0.03017241379310345
T02639 vs. mirr :	0.09759358288770054
T02639 vs. tin :	0.07275132275132275
T02649 vs. T02652 :	-0.00992063492063492
T02649 vs. T02692 :	-0.014781966001478197
T02649 vs. T03480 :	0.042786069651741296
T02649 vs. T03481 :	-0.0049504950495049506
T02649 vs. T03513 :	-0.021660649819494584
T02649 vs. T03590 :	-0.023625624716038164
T02649 vs. T03600 :	-0.016
T02649 vs. T03707 :	-0.00261437908496732
T02649 vs. T04675 :	0.04773561811505508
T02649 vs. T04679 :	0.01120162932790224
T02649 vs. T04728 :	0.043689320388349516
T02649 vs. bin :	-0.02631578947368421
T02649 vs. eyg :	0.05812417437252312
T02649 vs. ind :	0.035398230088495575
T02649 vs. mirr :	0.05837173579109063
T02649 vs. tin :	0.0719002201027146
T02652 vs. T02692 :	-0.003829583532790809
T02652 vs. T03480 :	0.037144938091769844
T02652 vs. T03481 :	-0.04680306905370844
T02652 vs. T03513 :	0.03119217552207243
T02652 vs. T03590 :	0.03609124957439564
T02652 vs. T03600 :	0.004028197381671702
T02652 vs. T03707 :	0.018534863195057368
T02652 vs. T04675 :	0.0540084388185654
T02652 vs. T04679 :	0.06074074074074074
T02652 vs. T04728 :	0.018255578093306288
T02652 vs. bin :	-0.12236842105263158
T02652 vs. eyg :	0.06441834028040924
T02652 vs. ind :	0.008600095556617296
T02652 vs. mirr :	0.07065750736015702
T02652 vs. tin :	0.00857551214864221
T02692 vs. T03480 :	-0.009601536245799328
T02692 vs. T03481 :	-0.022587268993839837
T02692 vs. T03513 :	-0.021794871794871794
T02692 vs. T03590 :	-0.0079155672823219
T02692 vs. T03600 :	0.06046863189720333
T02692 vs. T03707 :	0.06737367436057393
T02692 vs. T04675 :	0.0351493848857645
T02692 vs. T04679 :	-0.005891016200294551
T02692 vs. T04728 :	0.007639419404125287
T02692 vs. bin :	-0.08168028004667445
T02692 vs. eyg :	0.05437178545187362
T02692 vs. ind :	0.044755244755244755
T02692 vs. mirr :	0.011636363636363636
T02692 vs. tin :	0.04596100278551532
T03480 vs. T03481 :	-0.033273611466598414
T03480 vs. T03513 :	0.054011119936457505
T03480 vs. T03590 :	0.04503582395087001
T03480 vs. T03600 :	0.011111111111111112
T03480 vs. T03707 :	0.021238938053097345
T03480 vs. T04675 :	0.0676818950930626
T03480 vs. T04679 :	0.05196733481811433
T03480 vs. T04728 :	0.04170905391658189
T03480 vs. bin :	-0.12945838837516513
T03480 vs. eyg :	0.06152677554120775
T03480 vs. ind :	0.05079060852898898
T03480 vs. mirr :	0.02407318247472316
T03480 vs. tin :	0.061156235069278544
T03481 vs. T03513 :	0.040718811675496
T03481 vs. T03590 :	0.016489693941286694
T03481 vs. T03600 :	0.013777267508610792
T03481 vs. T03707 :	-0.026064291920069503
T03481 vs. T04675 :	-0.02549800796812749
T03481 vs. T04679 :	-0.03269824922760041
T03481 vs. T04728 :	-0.004667444574095682
T03481 vs. bin :	-0.12138728323699421
T03481 vs. eyg :	0.019801980198019802
T03481 vs. ind :	0.08764940239043825
T03481 vs. mirr :	0.07256894049346879
T03481 vs. tin :	0.02158273381294964
T03513 vs. T03590 :	0.038306451612903226
T03513 vs. T03600 :	-0.024527676499834273
T03513 vs. T03707 :	-0.018198362147406732
T03513 vs. T04675 :	0.02175830638047633
T03513 vs. T04679 :	0.030554811042615922
T03513 vs. T04728 :	-0.044622044622044624
T03513 vs. bin :	-0.14504116032928263
T03513 vs. eyg :	0.015258855585831062
T03513 vs. ind :	-0.028169014084507043
T03513 vs. mirr :	-0.024405908798972382
T03513 vs. tin :	-0.04249871991807476
T03590 vs. T03600 :	-0.010133578995854445
T03590 vs. T03707 :	0.0277437780497756
T03590 vs. T04675 :	0.0563600782778865
T03590 vs. T04679 :	0.04922010398613518
T03590 vs. T04728 :	-0.022253129346314324
T03590 vs. bin :	-0.10909090909090909
T03590 vs. eyg :	0.053824362606232294
T03590 vs. ind :	0.035996488147497806
T03590 vs. mirr :	-0.003527336860670194
T03590 vs. tin :	0.008434864104967198
T03600 vs. T03707 :	0.013333333333333334
T03600 vs. T04675 :	0.016209476309226933
T03600 vs. T04679 :	-0.02688728024819028
T03600 vs. T04728 :	-0.0
T03600 vs. bin :	-0.11405835543766578
T03600 vs. eyg :	0.046104928457869634
T03600 vs. ind :	0.05935696619950536
T03600 vs. mirr :	0.03930817610062893
T03600 vs. tin :	0.05409974640743871
T03707 vs. T04675 :	0.07006369426751592
T03707 vs. T04679 :	0.05871725383920506
T03707 vs. T04728 :	0.05383580080753701
T03707 vs. bin :	-0.10058027079303675
T03707 vs. eyg :	0.014862981885740827
T03707 vs. ind :	0.031113876789047916
T03707 vs. mirr :	0.015174506828528073
T03707 vs. tin :	0.019838809671419714
T04675 vs. T04679 :	0.181190681622088
T04675 vs. T04728 :	0.07421383647798742
T04675 vs. bin :	-0.10193321616871705
T04675 vs. eyg :	0.05460385438972163
T04675 vs. ind :	0.048841577958672514
T04675 vs. mirr :	0.030570252792475015
T04675 vs. tin :	0.029355456285896617
T04679 vs. T04728 :	0.010416666666666666
T04679 vs. bin :	-0.1362397820163488
T04679 vs. eyg :	0.029117379435850774
T04679 vs. ind :	0.04899559039686428
T04679 vs. mirr :	0.006893156080748399
T04679 vs. tin :	0.03224230581338544
T04728 vs. bin :	-0.049926578560939794
T04728 vs. eyg :	0.07
T04728 vs. ind :	0.09007506255212677
T04728 vs. mirr :	0.08749040675364543
T04728 vs. tin :	0.08212147134302823
bin vs. eyg :	-0.08247422680412371
bin vs. ind :	-0.09202453987730061
bin vs. mirr :	-0.01949317738791423
bin vs. tin :	-0.08647140864714087
eyg vs. ind :	0.5443298969072164
eyg vs. mirr :	0.33820459290187893
eyg vs. tin :	0.29975429975429974
ind vs. mirr :	0.31932773109243695
ind vs. tin :	0.4030612244897959
mirr vs. tin :	0.1671875
