NA  Q8NHW3
XX
BM  none
XX
MA  none
XX
//
XX
NA  Q15672
XX
BM  none
XX
MA  none
XX
//
XX
NA  Q9ULX9
XX
BM  T02202  0.9777791374670053
BM  T09239  0.9777791374670053
XX
MA  0	0	0	0	100	T
MA  1	4	15	81	0	G
MA  2	73	19	4	4	A
MA  3	15	81	0	4	C
MA  4	15	8	0	77	T
MA  5	4	84	8	4	C
MA  6	62	23	0	15	A
MA  7	19	8	58	15	N
MA  8	8	61	19	12	C
XX
//
XX
NA  Q0VG99
XX
BM  none
XX
MA  none
XX
//
XX
NA  O60675
XX
BM  T10145  0.9605204681929014
BM  T05752  0.95165317084085
XX
MA  0	0	0	0	100	T
MA  1	4	15	81	0	G
MA  2	73	19	4	4	A
MA  3	15	81	0	4	C
MA  4	15	8	0	77	T
MA  5	4	84	8	4	C
MA  6	62	23	0	15	A
MA  7	19	8	58	15	N
MA  8	8	61	19	12	C
XX
//
XX
NA  Q53EU0
XX
BM  none
XX
MA  none
XX
//
XX
NA  O14867
XX
BM  none
XX
MA  none
XX
//
XX
NA  Q13516
XX
BM  none
XX
MA  none
XX
//
XX
NA  P01106
XX
BM  none
XX
MA  none
XX
//
XX
NA  O96004
XX
BM  none
XX
MA  none
XX
//
XX
NA  P61296
XX
BM  none
XX
MA  none
XX
//
XX
NA  Q92858
XX
BM  none
XX
MA  none
XX
//
XX
NA  P15336
XX
BM  none
XX
MA  none
XX
//
XX
NA  Q8NDC7
XX
BM  none
XX
MA  none
XX
//
XX
NA  P50539
XX
BM  none
XX
MA  none
XX
//
XX
NA  P36956
XX
BM  none
XX
MA  none
XX
//
XX
NA  O15516
XX
BM  none
XX
MA  none
XX
//
XX
NA  Q9HBZ2
XX
BM  none
XX
MA  none
XX
//
XX
NA  Q15853
XX
BM  none
XX
MA  none
XX
//
XX
NA  A8K645
XX
BM  none
XX
MA  none
XX
//
XX
NA  P12980
XX
BM  none
XX
MA  none
XX
//
XX
NA  A2I2N9
XX
BM  none
XX
MA  none
XX
//
XX
NA  Q9HBZ2
XX
BM  none
XX
MA  none
XX
//
XX
NA  Q68CJ9
XX
BM  none
XX
MA  none
XX
//
XX
NA  Q03060
XX
BM  T09069  0.9745340358649652
XX
MA  0	1	4	5	90	T
MA  1	0	7	93	0	G
MA  2	99	0	1	0	A
MA  3	5	88	1	6	C
MA  4	4	2	93	1	G
MA  5	20	10	3	67	t
MA  6	22	65	6	7	c
MA  7	70	4	11	15	a
XX
//
XX
NA  Q6P9C1
XX
BM  none
XX
MA  none
XX
//
XX
NA  P22415
XX
BM  none
XX
MA  none
XX
//
XX
NA  P49716
XX
BM  T00216  1.0046327189635553
XX
MA  0	0	10	0	90	T
MA  1	1	0	16	83	T
MA  2	27	4	34	35	N
MA  3	9	91	0	0	C
MA  4	54	21	7	18	N
MA  5	32	28	20	20	N
MA  6	73	17	5	5	A
MA  7	71	3	13	13	A
XX
//
XX
NA  Q02575
XX
BM  none
XX
MA  none
XX
//
XX
NA  Q9Y4A8
XX
BM  none
XX
MA  none
XX
//
XX
NA  Q92858
XX
BM  none
XX
MA  none
XX
//
XX
NA  Q9HD90
XX
BM  none
XX
MA  none
XX
//
XX
NA  P35869
XX
BM  none
XX
MA  none
XX
//
XX
NA  P17861
XX
BM  none
XX
MA  none
XX
//
XX
NA  P61296
XX
BM  none
XX
MA  none
XX
//
XX
NA  Q53EU0
XX
BM  none
XX
MA  none
XX
//
XX
NA  Q8WVJ9
XX
BM  none
XX
MA  none
XX
//
XX
NA  A2I2P5
XX
BM  none
XX
MA  none
XX
//
XX
NA  Q16520
XX
BM  T02672  1.0884720980172853
BM  T02809  1.0253104116461396
BM  T02205  0.9986038503166527
BM  T02676  0.9641908671089374
XX
MA  0	11	4	37	48	k
MA  1	1	0	89	10	g
MA  2	12	37	0	51	Y
MA  3	0	58	42	0	S
MA  4	100	0	0	0	A
MA  5	0	75	22	3	C
MA  6	1	7	87	5	G
MA  7	0	0	0	100	t
MA  8	0	7	93	0	g
MA  9	7	0	72	21	g
MA  10	25	68	7	0	c
MA  11	71	29	0	0	a
XX
//
XX
NA  Q9BYV9
XX
BM  none
XX
MA  none
XX
//
XX
NA  Q8NHW3
XX
BM  none
XX
MA  none
XX
//
XX
NA  P15336
XX
BM  none
XX
MA  none
XX
//
XX
NA  Q92754
XX
BM  none
XX
MA  none
XX
//
XX
NA  Q15744
XX
BM  T09569  1.008866135092236
XX
MA  0	33	0	67	0	G
MA  1	0	0	0	100	T
MA  2	6	0	0	94	T
MA  3	77	6	17	0	A
MA  4	0	77	6	17	C
MA  5	39	0	61	0	G
MA  6	6	39	0	55	Y
MA  7	66	28	6	0	A
MA  8	94	0	0	6	A
MA  9	11	17	6	66	T
XX
//
XX
NA  Q86TN1
XX
BM  none
XX
MA  none
XX
//
XX
NA  Q9UH92
XX
BM  none
XX
MA  none
XX
//
XX
NA  P50553
XX
BM  none
XX
MA  none
XX
//
XX
NA  Q16621
XX
BM  none
XX
MA  none
XX
//
XX
NA  Q01664
XX
BM  none
XX
MA  none
XX
//
XX
NA  Q7RTU4
XX
BM  none
XX
MA  none
XX
//
XX
NA  Q10586
XX
BM  none
XX
MA  none
XX
//
XX
NA  O75030
XX
BM  none
XX
MA  none
XX
//
XX
NA  P17861
XX
BM  none
XX
MA  none
XX
//
XX
NA  Q86TN1
XX
BM  none
XX
MA  none
XX
//
XX
NA  Q12772
XX
BM  none
XX
MA  none
XX
//
XX
NA  Q6QHK4
XX
BM  none
XX
MA  none
XX
//
XX
NA  Q14494
XX
BM  none
XX
MA  none
XX
//
XX
NA  P17544
XX
BM  none
XX
MA  none
XX
//
XX
NA  Q9UH92
XX
BM  none
XX
MA  none
XX
//
XX
NA  Q68CJ9
XX
BM  none
XX
MA  none
XX
//
XX
NA  P15923
XX
BM  none
XX
MA  none
XX
//
XX
NA  Q99814
XX
BM  none
XX
MA  none
XX
//
XX
NA  Q13562
XX
BM  none
XX
MA  none
XX
//
XX
NA  Q14494
XX
BM  none
XX
MA  none
XX
//
XX
NA  P54845
XX
BM  none
XX
MA  none
XX
//
XX
NA  P54845
XX
BM  none
XX
MA  none
XX
//
XX
NA  Q7Z3A3
XX
BM  none
XX
MA  none
XX
//
XX
NA  Q9BYE0
XX
BM  none
XX
MA  none
XX
//
XX
NA  Q16621
XX
BM  none
XX
MA  none
XX
//
XX
NA  Q9UH92
XX
BM  none
XX
MA  none
XX
//
XX
NA  Q96RJ6
XX
BM  none
XX
MA  none
XX
//
XX
NA  Q16534
XX
BM  none
XX
MA  none
XX
//
XX
NA  Q9C0J9
XX
BM  none
XX
MA  none
XX
//
XX
NA  O43889
XX
BM  none
XX
MA  none
XX
//
XX
NA  P54845
XX
BM  none
XX
MA  none
XX
//
XX
NA  Q53SQ3
XX
BM  none
XX
MA  none
XX
//
XX
NA  Q9NR55
XX
BM  none
XX
MA  none
XX
//
XX
NA  Q8WYA1
XX
BM  none
XX
MA  none
XX
//
XX
NA  P51826
XX
BM  none
XX
MA  none
XX
//
XX
NA  P17676
XX
BM  T00216  1.0010103902544825
BM  T09178  0.9718096277563295
XX
MA  0	1	6	3	90	T
MA  1	2	0	10	88	T
MA  2	22	4	52	22	N
MA  3	8	79	9	4	C
MA  4	54	21	7	18	n
MA  5	32	28	20	20	n
MA  6	73	17	5	5	a
MA  7	71	3	13	13	a
XX
//
XX
NA  Q9Y2D1
XX
BM  T04850  0.960206022344205
XX
MA  0	0	57	43	0	s
MA  1	14	14	72	0	g
MA  2	37	25	25	13	n
MA  3	19	11	4	66	T
MA  4	7	11	65	17	G
MA  5	83	3	10	4	A
MA  6	0	93	0	7	C
MA  7	11	5	83	1	G
MA  8	0	1	5	94	T
MA  9	5	95	0	0	C
MA  10	99	1	0	0	A
MA  11	5	36	38	21	N
MA  12	42	29	29	0	n
XX
//
XX
NA  Q6QHK4
XX
BM  none
XX
MA  none
XX
//
XX
NA  Q9Y2D1
XX
BM  T04850  0.960206022344205
XX
MA  0	0	57	43	0	s
MA  1	14	14	72	0	g
MA  2	37	25	25	13	n
MA  3	19	11	4	66	T
MA  4	7	11	65	17	G
MA  5	83	3	10	4	A
MA  6	0	93	0	7	C
MA  7	11	5	83	1	G
MA  8	0	1	5	94	T
MA  9	5	95	0	0	C
MA  10	99	1	0	0	A
MA  11	5	36	38	21	N
MA  12	42	29	29	0	n
XX
//
XX
NA  Q12870
XX
BM  none
XX
MA  none
XX
//
XX
NA  Q16665
XX
BM  none
XX
MA  none
XX
//
XX
NA  O60682
XX
BM  none
XX
MA  none
XX
//
XX
NA  Q02577
XX
BM  none
XX
MA  none
XX
//
XX
NA  P18848
XX
BM  none
XX
MA  none
XX
//
XX
NA  Q16559
XX
BM  none
XX
MA  none
XX
//
XX
NA  Q14494
XX
BM  none
XX
MA  none
XX
//
XX
NA  Q9UH92
XX
BM  none
XX
MA  none
XX
//
XX
NA  Q7RTS1
XX
BM  none
XX
MA  none
XX
//
XX
NA  Q9BYV9
XX
BM  none
XX
MA  none
XX
//
XX
NA  B0AZM1
XX
BM  none
XX
MA  none
XX
//
XX
NA  Q6XD76
XX
BM  none
XX
MA  none
XX
//
XX
NA  Q14190
XX
BM  none
XX
MA  none
XX
//
XX
NA  Q14494
XX
BM  none
XX
MA  none
XX
//
XX
NA  Q7RTU7
XX
BM  none
XX
MA  none
XX
//
XX
NA  Q8TAK6
XX
BM  none
XX
MA  none
XX
//
XX
NA  Q9BRJ9
XX
BM  none
XX
MA  none
XX
//
XX
