NA  P13682
XX
BM  none
XX
MA  none
XX
//
XX
NA  Q9HCB2
XX
BM  none
XX
MA  none
XX
//
XX
NA  P10071
XX
BM  none
XX
MA  none
XX
//
XX
NA  Q01538
XX
BM  none
XX
MA  none
XX
//
XX
NA  Q9Y6R6
XX
BM  none
XX
MA  none
XX
//
XX
NA  Q6GZ76
XX
BM  none
XX
MA  none
XX
//
XX
NA  Q96MN9
XX
BM  none
XX
MA  none
XX
//
XX
NA  P56270
XX
BM  none
XX
MA  none
XX
//
XX
NA  Q5T6F5
XX
BM  none
XX
MA  none
XX
//
XX
NA  Q6GZ81
XX
BM  none
XX
MA  none
XX
//
XX
NA  Q9C0D4
XX
BM  none
XX
MA  none
XX
//
XX
NA  Q8NEA6
XX
BM  none
XX
MA  none
XX
//
XX
NA  Q63HK3
XX
BM  none
XX
MA  none
XX
//
XX
NA  P10589
XX
BM  none
XX
MA  none
XX
//
XX
NA  Q9Y5R5
XX
BM  none
XX
MA  none
XX
//
XX
NA  P21506
XX
BM  none
XX
MA  none
XX
//
XX
NA  Q96PE6
XX
BM  none
XX
MA  none
XX
//
XX
NA  Q5CZA5
XX
BM  none
XX
MA  none
XX
//
XX
NA  Q96I27
XX
BM  none
XX
MA  none
XX
//
XX
NA  A8K3J9
XX
BM  none
XX
MA  none
XX
//
XX
NA  Q8TA94
XX
BM  none
XX
MA  none
XX
//
XX
NA  Q9Y2Q1
XX
BM  none
XX
MA  none
XX
//
XX
NA  Q9UNY4
XX
BM  none
XX
MA  none
XX
//
XX
NA  Q7Z398
XX
BM  none
XX
MA  none
XX
//
XX
NA  Q8IYX0
XX
BM  none
XX
MA  none
XX
//
XX
NA  Q86XU0
XX
BM  none
XX
MA  none
XX
//
XX
NA  A1L4K5
XX
BM  none
XX
MA  none
XX
//
XX
NA  P17021
XX
BM  none
XX
MA  none
XX
//
XX
NA  Q8TF32
XX
BM  none
XX
MA  none
XX
//
XX
NA  Q6AZW8
XX
BM  none
XX
MA  none
XX
//
XX
NA  Q9UID6
XX
BM  none
XX
MA  none
XX
//
XX
NA  A6NF79
XX
BM  none
XX
MA  none
XX
//
XX
NA  P10070
XX
BM  none
XX
MA  none
XX
//
XX
NA  Q6TZ08
XX
BM  none
XX
MA  none
XX
//
XX
NA  Q14591
XX
BM  none
XX
MA  none
XX
//
XX
NA  Q0QJH8
XX
BM  none
XX
MA  none
XX
//
XX
NA  Q6P3U7
XX
BM  none
XX
MA  none
XX
//
XX
NA  Q9BUG6
XX
BM  none
XX
MA  none
XX
//
XX
NA  P55055
XX
BM  none
XX
MA  none
XX
//
XX
NA  Q2M1K9
XX
BM  none
XX
MA  none
XX
//
XX
NA  Q8NCA9
XX
BM  none
XX
MA  none
XX
//
XX
NA  Q3MIS6
XX
BM  none
XX
MA  none
XX
//
XX
NA  Q14186
XX
BM  none
XX
MA  none
XX
//
XX
NA  Q9H2C1
XX
BM  T08621  1.0093690778086906
XX
MA  0	4	0	0	96	T
MA  1	100	0	0	0	A
MA  2	100	0	0	0	A
MA  3	0	0	0	100	T
MA  4	28	0	56	16	R
MA  5	100	0	0	0	A
MA  6	0	0	0	100	T
MA  7	12	4	12	72	T
MA  8	24	20	56	0	R
XX
//
XX
NA  Q3KNR4
XX
BM  none
XX
MA  none
XX
//
XX
NA  O43365
XX
BM  none
XX
MA  none
XX
//
XX
NA  Q99626
XX
BM  none
XX
MA  none
XX
//
XX
NA  Q9NY43
XX
BM  none
XX
MA  none
XX
//
XX
NA  Q06710
XX
BM  none
XX
MA  none
XX
//
XX
NA  Q9UBX0
XX
BM  none
XX
MA  none
XX
//
XX
NA  A6NJ46
XX
BM  none
XX
MA  none
XX
//
XX
NA  P14652
XX
BM  none
XX
MA  none
XX
//
XX
NA  O15266
XX
BM  none
XX
MA  none
XX
//
XX
NA  Q03052
XX
BM  none
XX
MA  none
XX
//
XX
NA  Q0VA99
XX
BM  none
XX
MA  none
XX
//
XX
NA  A6NNA5
XX
BM  none
XX
MA  none
XX
//
XX
NA  Q6PIV2
XX
BM  none
XX
MA  none
XX
//
XX
NA  Q9NY43
XX
BM  none
XX
MA  none
XX
//
XX
NA  Q3C1V8
XX
BM  none
XX
MA  none
XX
//
XX
NA  Q00444
XX
BM  T04028  0.9513280008499285
XX
MA  0	0	100	0	0	C
MA  1	100	0	0	0	A
MA  2	100	0	0	0	A
MA  3	0	0	0	100	T
MA  4	0	0	0	100	T
MA  5	100	0	0	0	A
MA  6	0	0	0	100	T
MA  7	0	0	0	100	T
MA  8	100	0	0	0	A
XX
//
XX
NA  Q2XU32
XX
BM  none
XX
MA  none
XX
//
XX
NA  Q9H2C1
XX
BM  T08621  1.0093690778086906
XX
MA  0	4	0	0	96	T
MA  1	100	0	0	0	A
MA  2	100	0	0	0	A
MA  3	0	0	0	100	T
MA  4	28	0	56	16	R
MA  5	100	0	0	0	A
MA  6	0	0	0	100	T
MA  7	12	4	12	72	T
MA  8	24	20	56	0	R
XX
//
XX
NA  Q5XKR4
XX
BM  none
XX
MA  none
XX
//
XX
NA  Q9UIW0
XX
BM  none
XX
MA  none
XX
//
XX
NA  A8K9H3
XX
BM  none
XX
MA  none
XX
//
XX
NA  Q2XU31
XX
BM  none
XX
MA  none
XX
//
XX
NA  Q9H3D4
XX
BM  none
XX
MA  none
XX
//
XX
NA  Q9NZI5
XX
BM  none
XX
MA  none
XX
//
XX
NA  Q59GX4
XX
BM  none
XX
MA  none
XX
//
XX
NA  Q2XSC7
XX
BM  none
XX
MA  none
XX
//
XX
NA  Q3LRW1
XX
BM  none
XX
MA  none
XX
//
XX
NA  O15119
XX
BM  none
XX
MA  none
XX
//
XX
NA  Q2XSC7
XX
BM  none
XX
MA  none
XX
//
XX
NA  Q8TE85
XX
BM  none
XX
MA  none
XX
//
XX
NA  Q13950
XX
BM  none
XX
MA  none
XX
//
XX
NA  A8K720
XX
BM  none
XX
MA  none
XX
//
XX
NA  Q3LRW5
XX
BM  none
XX
MA  none
XX
//
XX
NA  P51692
XX
BM  none
XX
MA  none
XX
//
XX
NA  P42224
XX
BM  none
XX
MA  none
XX
//
XX
NA  Q8TE85
XX
BM  none
XX
MA  none
XX
//
XX
NA  A8K720
XX
BM  none
XX
MA  none
XX
//
XX
NA  Q16650
XX
BM  none
XX
MA  none
XX
//
XX
NA  Q53GA5
XX
BM  none
XX
MA  none
XX
//
XX
NA  A8K720
XX
BM  none
XX
MA  none
XX
//
XX
NA  Q8IWI9
XX
BM  none
XX
MA  none
XX
//
XX
NA  Q99593
XX
BM  none
XX
MA  none
XX
//
XX
NA  Q59GX4
XX
BM  none
XX
MA  none
XX
//
XX
NA  Q59GX4
XX
BM  none
XX
MA  none
XX
//
XX
NA  Q01196
XX
BM  none
XX
MA  none
XX
//
XX
NA  Q3LRW2
XX
BM  none
XX
MA  none
XX
//
XX
NA  Q2XSC7
XX
BM  none
XX
MA  none
XX
//
XX
NA  P67809
XX
BM  none
XX
MA  none
XX
//
XX
NA  P42229
XX
BM  none
XX
MA  none
XX
//
XX
NA  O15178
XX
BM  none
XX
MA  none
XX
//
XX
NA  P57082
XX
BM  none
XX
MA  none
XX
//
XX
NA  P67809
XX
BM  none
XX
MA  none
XX
//
XX
NA  O43435
XX
BM  none
XX
MA  none
XX
//
XX
NA  A4GW74
XX
BM  none
XX
MA  none
XX
//
XX
NA  Q96SF7
XX
BM  none
XX
MA  none
XX
//
XX
NA  Q99593
XX
BM  none
XX
MA  none
XX
//
XX
