AAH36092 vs. At1g22640 :	0.07170294494238157
AAH36092 vs. At2g46830 :	0.016282225237449117
AAH36092 vs. At2g47190 :	0.03430079155672823
AAH36092 vs. At3g09230 :	0.06684491978609626
AAH36092 vs. Espl :	0.26944444444444443
AAH36092 vs. Med :	-0.0684931506849315
AAH36092 vs. O18381 :	0.08545034642032333
AAH36092 vs. P07272 :	0.042833607907743
AAH36092 vs. P29617 :	0.027225130890052355
AAH36092 vs. P39572 :	0.14285714285714285
AAH36092 vs. P42950 :	-0.06645569620253164
AAH36092 vs. P51023 :	-0.0017574692442882249
AAH36092 vs. P52168 :	0.021534320323014805
AAH36092 vs. P52172 :	-0.05673758865248227
AAH36092 vs. P55965 :	-0.06373626373626373
AAH36092 vs. P82280 :	0.032
AAH36092 vs. P98149 :	0.0621301775147929
AAH36092 vs. Q05958 :	0.019769357495881382
AAH36092 vs. Q06149 :	0.03257328990228013
AAH36092 vs. Q12151 :	0.04304635761589404
AAH36092 vs. Q12172 :	-0.0065040650406504065
AAH36092 vs. Q24248 :	0.04819277108433735
AAH36092 vs. Q24533 :	0.08294930875576037
AAH36092 vs. Q39204 :	0.3515151515151515
AAH36092 vs. Q94527 :	0.05925925925925926
AAH36092 vs. Q95RW8 :	0.08554913294797688
AAH36092 vs. Q9FJA2 :	-0.007104795737122558
AAH36092 vs. Q9LV52 :	0.014411529223378704
AAH36092 vs. Q9LZM8 :	0.06073752711496746
AAH36092 vs. Q9SZP1 :	0.08300907911802853
AAH36092 vs. Q9U1H0 :	0.07289293849658314
AAH36092 vs. Q9W0K7 :	0.02875816993464052
AAH36092 vs. T00179 :	0.024896265560165973
AAH36092 vs. T00349 :	0.02952029520295203
AAH36092 vs. T00665 :	0.07803790412486064
AAH36092 vs. T00772 :	-0.03954802259887006
AAH36092 vs. T00956 :	0.0891089108910891
AAH36092 vs. T01128 :	0.0262582056892779
AAH36092 vs. T01265 :	-0.005547850208044383
AAH36092 vs. T01526 :	-0.06546644844517185
AAH36092 vs. T01614 :	0.07851239669421488
AAH36092 vs. T01615 :	0.021341463414634148
AAH36092 vs. T02111 :	0.008928571428571428
AAH36092 vs. T02302 :	-0.021196063588190765
AAH36092 vs. T02636 :	0.041189931350114416
AAH36092 vs. T02637 :	-0.035687732342007436
AAH36092 vs. T02639 :	0.045845272206303724
AAH36092 vs. T02649 :	0.05203252032520325
AAH36092 vs. T02652 :	-0.040973111395646605
AAH36092 vs. T02692 :	0.054336468129571575
AAH36092 vs. T03480 :	-0.003787878787878788
AAH36092 vs. T03481 :	-0.019316493313521546
AAH36092 vs. T03513 :	-0.08808808808808809
AAH36092 vs. T03590 :	-0.036684782608695655
AAH36092 vs. T03600 :	0.10264900662251655
AAH36092 vs. T03707 :	-0.011009174311926606
AAH36092 vs. T04675 :	-0.0027913468248429866
AAH36092 vs. T04679 :	0.0029006526468455403
AAH36092 vs. T04728 :	0.026281208935611037
AAH36092 vs. T04783 :	0.016243654822335026
AAH36092 vs. bin :	0.06628242074927954
AAH36092 vs. d-mtTFA :	0.07934655775962661
AAH36092 vs. eyg :	0.09666283084004602
AAH36092 vs. ind :	0.12702078521939955
AAH36092 vs. mirr :	0.04805491990846682
AAH36092 vs. tin :	0.06414662084765177
At1g22640 vs. At2g46830 :	0.265
At1g22640 vs. At2g47190 :	0.6536248561565017
At1g22640 vs. At3g09230 :	0.6077922077922078
At1g22640 vs. Espl :	0.010217113665389528
At1g22640 vs. Med :	-0.03992015968063872
At1g22640 vs. O18381 :	0.07534983853606028
At1g22640 vs. P07272 :	-0.016713091922005572
At1g22640 vs. P29617 :	0.013133208255159476
At1g22640 vs. P39572 :	0.0032520325203252032
At1g22640 vs. P42950 :	0.013458950201884253
At1g22640 vs. P51023 :	0.040032025620496396
At1g22640 vs. P52168 :	0.07962529274004684
At1g22640 vs. P52172 :	0.035555555555555556
At1g22640 vs. P55965 :	-0.03992015968063872
At1g22640 vs. P82280 :	0.039660056657223795
At1g22640 vs. P98149 :	0.035182679296346414
At1g22640 vs. Q05958 :	0.031578947368421054
At1g22640 vs. Q06149 :	0.0215633423180593
At1g22640 vs. Q12151 :	0.0316622691292876
At1g22640 vs. Q12172 :	0.01084010840108401
At1g22640 vs. Q24248 :	0.018442622950819672
At1g22640 vs. Q24533 :	0.07735849056603773
At1g22640 vs. Q39204 :	0.007782101167315175
At1g22640 vs. Q94527 :	0.04607046070460705
At1g22640 vs. Q95RW8 :	0.1102514506769826
At1g22640 vs. Q9FJA2 :	0.5111821086261981
At1g22640 vs. Q9LV52 :	0.021341463414634148
At1g22640 vs. Q9LZM8 :	0.05033881897386254
At1g22640 vs. Q9SZP1 :	1.0
At1g22640 vs. Q9U1H0 :	0.046598322460391424
At1g22640 vs. Q9W0K7 :	0.050724637681159424
At1g22640 vs. T00179 :	0.02158273381294964
At1g22640 vs. T00349 :	0.045941807044410414
At1g22640 vs. T00665 :	0.10300429184549356
At1g22640 vs. T00772 :	-0.010478061558611657
At1g22640 vs. T00956 :	0.016073478760045924
At1g22640 vs. T01128 :	0.013333333333333334
At1g22640 vs. T01265 :	0.02295918367346939
At1g22640 vs. T01526 :	-0.029747149231531978
At1g22640 vs. T01614 :	0.010084033613445379
At1g22640 vs. T01615 :	0.07040417209908735
At1g22640 vs. T02111 :	0.025995125913891144
At1g22640 vs. T02302 :	0.07262569832402235
At1g22640 vs. T02636 :	0.10364145658263306
At1g22640 vs. T02637 :	0.022727272727272728
At1g22640 vs. T02639 :	0.07374631268436578
At1g22640 vs. T02649 :	0.058997050147492625
At1g22640 vs. T02652 :	-0.01353846153846154
At1g22640 vs. T02692 :	0.009363295880149813
At1g22640 vs. T03480 :	0.01353637901861252
At1g22640 vs. T03481 :	0.014194464158977998
At1g22640 vs. T03513 :	-0.09803921568627451
At1g22640 vs. T03590 :	-0.005211726384364821
At1g22640 vs. T03600 :	-0.0
At1g22640 vs. T03707 :	-0.029605263157894735
At1g22640 vs. T04675 :	0.001336898395721925
At1g22640 vs. T04679 :	0.03467406380027739
At1g22640 vs. T04728 :	0.30275229357798167
At1g22640 vs. T04783 :	0.07238095238095238
At1g22640 vs. bin :	0.084472049689441
At1g22640 vs. d-mtTFA :	0.10845986984815618
At1g22640 vs. eyg :	0.08369098712446352
At1g22640 vs. ind :	0.07534983853606028
At1g22640 vs. mirr :	0.016243654822335026
At1g22640 vs. tin :	0.1047008547008547
At2g46830 vs. At2g47190 :	0.21575757575757576
At2g46830 vs. At3g09230 :	0.23255813953488372
At2g46830 vs. Espl :	0.03811944091486658
At2g46830 vs. Med :	-0.07920792079207921
At2g46830 vs. O18381 :	0.06430868167202572
At2g46830 vs. P07272 :	-0.04154302670623145
At2g46830 vs. P29617 :	-0.0
At2g46830 vs. P39572 :	-0.028021015761821366
At2g46830 vs. P42950 :	-0.008583690987124463
At2g46830 vs. P51023 :	0.024896265560165973
At2g46830 vs. P52168 :	0.044444444444444446
At2g46830 vs. P52172 :	-0.044374009508716325
At2g46830 vs. P55965 :	-0.04083665338645418
At2g46830 vs. P82280 :	0.04670912951167728
At2g46830 vs. P98149 :	0.059219380888290714
At2g46830 vs. Q05958 :	-0.05307262569832402
At2g46830 vs. Q06149 :	-0.02005730659025788
At2g46830 vs. Q12151 :	-0.011204481792717087
At2g46830 vs. Q12172 :	-0.03519061583577713
At2g46830 vs. Q24248 :	0.04081632653061224
At2g46830 vs. Q24533 :	0.05451127819548872
At2g46830 vs. Q39204 :	0.07977991746905089
At2g46830 vs. Q94527 :	0.03504043126684636
At2g46830 vs. Q95RW8 :	0.09696969696969697
At2g46830 vs. Q9FJA2 :	0.13968253968253969
At2g46830 vs. Q9LV52 :	0.0182370820668693
At2g46830 vs. Q9LZM8 :	0.054600606673407485
At2g46830 vs. Q9SZP1 :	0.265
At2g46830 vs. Q9U1H0 :	0.02414113277623027
At2g46830 vs. Q9W0K7 :	0.06009615384615385
At2g46830 vs. T00179 :	0.04050632911392405
At2g46830 vs. T00349 :	0.06896551724137931
At2g46830 vs. T00665 :	0.08974358974358974
At2g46830 vs. T00772 :	-0.026972353337828724
At2g46830 vs. T00956 :	0.006857142857142857
At2g46830 vs. T01128 :	0.0103397341211226
At2g46830 vs. T01265 :	0.015228426395939087
At2g46830 vs. T01526 :	-0.0425531914893617
At2g46830 vs. T01614 :	0.003629764065335753
At2g46830 vs. T01615 :	0.0995850622406639
At2g46830 vs. T02111 :	0.016849199663016005
At2g46830 vs. T02302 :	0.03025936599423631
At2g46830 vs. T02636 :	0.06376195536663125
At2g46830 vs. T02637 :	-0.0084985835694051
At2g46830 vs. T02639 :	0.07331378299120235
At2g46830 vs. T02649 :	0.06744868035190615
At2g46830 vs. T02652 :	-0.03192142418661756
At2g46830 vs. T02692 :	0.041015625
At2g46830 vs. T03480 :	-0.043697478991596636
At2g46830 vs. T03481 :	0.007077140835102618
At2g46830 vs. T03513 :	-0.10052219321148825
At2g46830 vs. T03590 :	0.007797270955165692
At2g46830 vs. T03600 :	-0.00894187779433681
At2g46830 vs. T03707 :	-0.029411764705882353
At2g46830 vs. T04675 :	0.012
At2g46830 vs. T04679 :	0.04426002766251729
At2g46830 vs. T04728 :	0.21256038647342995
At2g46830 vs. T04783 :	0.07590132827324478
At2g46830 vs. bin :	-0.03942181340341656
At2g46830 vs. d-mtTFA :	0.09090909090909091
At2g46830 vs. eyg :	0.05128205128205128
At2g46830 vs. ind :	0.07288317256162916
At2g46830 vs. mirr :	0.05951115834218916
At2g46830 vs. tin :	0.08297872340425531
At2g47190 vs. At3g09230 :	0.4904306220095694
At2g47190 vs. Espl :	-0.009900990099009901
At2g47190 vs. Med :	-0.0
At2g47190 vs. O18381 :	0.05241090146750524
At2g47190 vs. P07272 :	-0.020460358056265986
At2g47190 vs. P29617 :	0.040268456375838924
At2g47190 vs. P39572 :	0.006944444444444444
At2g47190 vs. P42950 :	0.027777777777777776
At2g47190 vs. P51023 :	0.048939641109298535
At2g47190 vs. P52168 :	0.08182912154031288
At2g47190 vs. P52172 :	-0.03374233128834356
At2g47190 vs. P55965 :	-0.02759980285855101
At2g47190 vs. P82280 :	0.06149341142020498
At2g47190 vs. P98149 :	0.07068062827225131
At2g47190 vs. Q05958 :	-0.0027137042062415195
At2g47190 vs. Q06149 :	-0.03337969401947149
At2g47190 vs. Q12151 :	-0.0
At2g47190 vs. Q12172 :	-0.002797202797202797
At2g47190 vs. Q24248 :	0.03396603396603397
At2g47190 vs. Q24533 :	0.06903765690376569
At2g47190 vs. Q39204 :	-0.016666666666666666
At2g47190 vs. Q94527 :	0.04456094364351245
At2g47190 vs. Q95RW8 :	0.09099901088031652
At2g47190 vs. Q9FJA2 :	0.6721991701244814
At2g47190 vs. Q9LV52 :	0.0074794315632011965
At2g47190 vs. Q9LZM8 :	0.07722772277227723
At2g47190 vs. Q9SZP1 :	0.619324796274738
At2g47190 vs. Q9U1H0 :	0.01639344262295082
At2g47190 vs. Q9W0K7 :	0.053927315357561546
At2g47190 vs. T00179 :	0.059186189889025895
At2g47190 vs. T00349 :	0.031746031746031744
At2g47190 vs. T00665 :	0.0041797283176593526
At2g47190 vs. T00772 :	-0.03590425531914894
At2g47190 vs. T00956 :	-0.008928571428571428
At2g47190 vs. T01128 :	0.04979253112033195
At2g47190 vs. T01265 :	-0.014833127317676144
At2g47190 vs. T01526 :	-0.012732615083251714
At2g47190 vs. T01614 :	0.024475524475524476
At2g47190 vs. T01615 :	0.053763440860215055
At2g47190 vs. T02111 :	0.0033112582781456954
At2g47190 vs. T02302 :	0.0468417317246274
At2g47190 vs. T02636 :	0.12156295224312591
At2g47190 vs. T02637 :	0.02930914166085136
At2g47190 vs. T02639 :	0.09669211195928754
At2g47190 vs. T02649 :	0.07112375533428165
At2g47190 vs. T02652 :	-0.0048484848484848485
At2g47190 vs. T02692 :	0.019138755980861243
At2g47190 vs. T03480 :	-0.0
At2g47190 vs. T03481 :	0.019525801952580194
At2g47190 vs. T03513 :	-0.0952998379254457
At2g47190 vs. T03590 :	-0.002564102564102564
At2g47190 vs. T03600 :	0.023121387283236993
At2g47190 vs. T03707 :	-0.0631911532385466
At2g47190 vs. T04675 :	0.018408941485864562
At2g47190 vs. T04679 :	0.0027266530334014998
At2g47190 vs. T04728 :	0.3486454652532391
At2g47190 vs. T04783 :	0.03727865796831314
At2g47190 vs. bin :	0.017902813299232736
At2g47190 vs. d-mtTFA :	0.044444444444444446
At2g47190 vs. eyg :	0.03343782654127482
At2g47190 vs. ind :	0.07127882599580712
At2g47190 vs. mirr :	0.058212058212058215
At2g47190 vs. tin :	0.022892819979188347
At3g09230 vs. Espl :	0.017543859649122806
At3g09230 vs. Med :	-0.06201550387596899
At3g09230 vs. O18381 :	0.07838983050847458
At3g09230 vs. P07272 :	0.017518248175182483
At3g09230 vs. P29617 :	0.024193548387096774
At3g09230 vs. P39572 :	0.020618556701030927
At3g09230 vs. P42950 :	-0.022535211267605635
At3g09230 vs. P51023 :	0.023026315789473683
At3g09230 vs. P52168 :	0.07435897435897436
At3g09230 vs. P52172 :	-0.040498442367601244
At3g09230 vs. P55965 :	-0.03943377148634985
At3g09230 vs. P82280 :	0.08604407135362015
At3g09230 vs. P98149 :	0.056100981767180924
At3g09230 vs. Q05958 :	0.061313868613138686
At3g09230 vs. Q06149 :	-0.03757225433526012
At3g09230 vs. Q12151 :	0.093841642228739
At3g09230 vs. Q12172 :	0.002886002886002886
At3g09230 vs. Q24248 :	0.06736842105263158
At3g09230 vs. Q24533 :	0.13742071881606766
At3g09230 vs. Q39204 :	0.04607046070460705
At3g09230 vs. Q94527 :	0.07584269662921349
At3g09230 vs. Q95RW8 :	0.0979020979020979
At3g09230 vs. Q9FJA2 :	0.38333333333333336
At3g09230 vs. Q9LV52 :	0.03110419906687403
At3g09230 vs. Q9LZM8 :	0.07
At3g09230 vs. Q9SZP1 :	0.6077922077922078
At3g09230 vs. Q9U1H0 :	0.06303724928366762
At3g09230 vs. Q9W0K7 :	0.054567022538552785
At3g09230 vs. T00179 :	0.039473684210526314
At3g09230 vs. T00349 :	-0.03454231433506045
At3g09230 vs. T00665 :	0.07602956705385427
At3g09230 vs. T00772 :	-0.018741633199464525
At3g09230 vs. T00956 :	-0.014201183431952662
At3g09230 vs. T01128 :	0.006042296072507553
At3g09230 vs. T01265 :	0.047493403693931395
At3g09230 vs. T01526 :	-0.04218985434455048
At3g09230 vs. T01614 :	0.021352313167259787
At3g09230 vs. T01615 :	0.013623978201634877
At3g09230 vs. T02111 :	0.01901469317199654
At3g09230 vs. T02302 :	0.061472480343102216
At3g09230 vs. T02636 :	0.058823529411764705
At3g09230 vs. T02637 :	0.002894356005788712
At3g09230 vs. T02639 :	0.046012269938650305
At3g09230 vs. T02649 :	0.10101010101010101
At3g09230 vs. T02652 :	-0.0050031269543464665
At3g09230 vs. T02692 :	0.017391304347826087
At3g09230 vs. T03480 :	0.010619469026548672
At3g09230 vs. T03481 :	0.0014461315979754157
At3g09230 vs. T03513 :	-0.1008130081300813
At3g09230 vs. T03590 :	-0.03313452617627568
At3g09230 vs. T03600 :	-0.026392961876832845
At3g09230 vs. T03707 :	-0.037800687285223365
At3g09230 vs. T04675 :	0.005294506949040371
At3g09230 vs. T04679 :	0.01694915254237288
At3g09230 vs. T04728 :	0.3837902264600715
At3g09230 vs. T04783 :	0.06653620352250489
At3g09230 vs. bin :	0.023316062176165803
At3g09230 vs. d-mtTFA :	0.06919642857142858
At3g09230 vs. eyg :	0.08870116156282999
At3g09230 vs. ind :	0.04449152542372881
At3g09230 vs. mirr :	0.048298572996706916
At3g09230 vs. tin :	0.058885383806519455
Espl vs. Med :	-0.11065573770491803
Espl vs. O18381 :	0.05246589716684155
Espl vs. P07272 :	0.0578386605783866
Espl vs. P29617 :	0.021890547263681594
Espl vs. P39572 :	0.05415162454873646
Espl vs. P42950 :	-0.05865102639296188
Espl vs. P51023 :	0.003367003367003367
Espl vs. P52168 :	-0.017654476670870115
Espl vs. P52172 :	-0.07166123778501629
Espl vs. P55965 :	-0.053475935828877004
Espl vs. P82280 :	0.07783783783783783
Espl vs. P98149 :	0.05785123966942149
Espl vs. Q05958 :	0.0487062404870624
Espl vs. Q06149 :	0.09036144578313253
Espl vs. Q12151 :	0.045871559633027525
Espl vs. Q12172 :	0.08421052631578947
Espl vs. Q24248 :	0.05192107995846314
Espl vs. Q24533 :	0.1503267973856209
Espl vs. Q39204 :	0.19154929577464788
Espl vs. Q94527 :	0.06620689655172414
Espl vs. Q95RW8 :	0.05245901639344262
Espl vs. Q9FJA2 :	0.009787928221859706
Espl vs. Q9LV52 :	-0.049268668206312545
Espl vs. Q9LZM8 :	0.06584362139917696
Espl vs. Q9SZP1 :	0.010217113665389528
Espl vs. Q9U1H0 :	0.11132075471698114
Espl vs. Q9W0K7 :	0.0049079754601227
Espl vs. T00179 :	0.01034928848641656
Espl vs. T00349 :	-0.02702702702702703
Espl vs. T00665 :	0.06969376979936642
Espl vs. T00772 :	-0.0
Espl vs. T00956 :	0.037296037296037296
Espl vs. T01128 :	-0.031413612565445025
Espl vs. T01265 :	-0.023346303501945526
Espl vs. T01526 :	-0.053106744556558685
Espl vs. T01614 :	0.0299625468164794
Espl vs. T01615 :	0.141643059490085
Espl vs. T02111 :	0.011494252873563218
Espl vs. T02302 :	-0.0175054704595186
Espl vs. T02636 :	0.042879019908116385
Espl vs. T02637 :	-0.02007168458781362
Espl vs. T02639 :	0.1293233082706767
Espl vs. T02649 :	0.06616541353383458
Espl vs. T02652 :	0.0012406947890818859
Espl vs. T02692 :	-0.033763654419066536
Espl vs. T03480 :	0.03460207612456748
Espl vs. T03481 :	-0.03868194842406877
Espl vs. T03513 :	-0.09189366590088612
Espl vs. T03590 :	-0.040735873850197106
Espl vs. T03600 :	0.12844036697247707
Espl vs. T03707 :	-0.01680672268907563
Espl vs. T04675 :	-0.033715441672285906
Espl vs. T04679 :	0.008397480755773267
Espl vs. T04728 :	0.07398273736128237
Espl vs. T04783 :	0.08100289296046287
Espl vs. bin :	0.12634408602150538
Espl vs. d-mtTFA :	0.0814081408140814
Espl vs. eyg :	0.06528835690968444
Espl vs. ind :	0.09388646288209607
Espl vs. mirr :	0.08658008658008658
Espl vs. tin :	0.11917659804983749
Med vs. O18381 :	-0.0473186119873817
Med vs. P07272 :	-0.02666666666666667
Med vs. P29617 :	-0.11065006915629322
Med vs. P39572 :	0.022058823529411766
Med vs. P42950 :	-0.07
Med vs. P51023 :	-0.11699779249448124
Med vs. P52168 :	-0.07827788649706457
Med vs. P52172 :	-0.08433734939759036
Med vs. P55965 :	-0.14979520187244003
Med vs. P82280 :	-0.0440771349862259
Med vs. P98149 :	-0.07207207207207207
Med vs. Q05958 :	-0.08533333333333333
Med vs. Q06149 :	-0.07518796992481203
Med vs. Q12151 :	-0.06451612903225806
Med vs. Q12172 :	-0.0731070496083551
Med vs. Q24248 :	-0.12922173274596183
Med vs. Q24533 :	-0.08490566037735849
Med vs. Q39204 :	-0.05357142857142857
Med vs. Q94527 :	-0.12189616252821671
Med vs. Q95RW8 :	-0.12954186413902052
Med vs. Q9FJA2 :	-0.0
Med vs. Q9LV52 :	-0.15339233038348082
Med vs. Q9LZM8 :	-0.10434782608695652
Med vs. Q9SZP1 :	0.029585798816568046
Med vs. Q9U1H0 :	-0.13003095975232198
Med vs. Q9W0K7 :	0.09174311926605505
Med vs. T00179 :	-0.004073319755600814
Med vs. T00349 :	-0.06451612903225806
Med vs. T00665 :	-0.09419152276295134
Med vs. T00772 :	-0.13682432432432431
Med vs. T00956 :	-0.1076388888888889
Med vs. T01128 :	-0.0
Med vs. T01265 :	-0.08588957055214724
Med vs. T01526 :	-0.1524047470331043
Med vs. T01614 :	0.031746031746031744
Med vs. T01615 :	0.14659685863874344
Med vs. T02111 :	-0.06837606837606838
Med vs. T02302 :	-0.14847161572052403
Med vs. T02636 :	-0.08099688473520249
Med vs. T02637 :	-0.13836477987421383
Med vs. T02639 :	0.020887728459530026
Med vs. T02649 :	-0.015665796344647518
Med vs. T02652 :	-0.14586466165413534
Med vs. T02692 :	-0.10758620689655173
Med vs. T03480 :	-0.11486486486486487
Med vs. T03481 :	-0.14721723518850988
Med vs. T03513 :	-0.17721518987341772
Med vs. T03590 :	-0.17096774193548386
Med vs. T03600 :	-0.031496062992125984
Med vs. T03707 :	-0.1597444089456869
Med vs. T04675 :	-0.15154038301415487
Med vs. T04679 :	-0.13775065387968613
Med vs. T04728 :	-0.11342155009451796
Med vs. T04783 :	-0.07682119205298013
Med vs. bin :	-0.09956709956709957
Med vs. d-mtTFA :	-0.10207336523125997
Med vs. eyg :	-0.10047095761381476
Med vs. ind :	-0.10094637223974763
Med vs. mirr :	-0.08722741433021806
Med vs. tin :	-0.1029641185647426
O18381 vs. P07272 :	0.0224159402241594
O18381 vs. P29617 :	0.1026936026936027
O18381 vs. P39572 :	0.04857142857142857
O18381 vs. P42950 :	-0.03980099502487562
O18381 vs. P51023 :	0.04809200209095661
O18381 vs. P52168 :	0.010649627263045794
O18381 vs. P52172 :	-0.07169529499626587
O18381 vs. P55965 :	0.061855670103092786
O18381 vs. P82280 :	0.06060606060606061
O18381 vs. P98149 :	0.08256880733944955
O18381 vs. Q05958 :	-0.009962640099626401
O18381 vs. Q06149 :	-0.05432098765432099
O18381 vs. Q12151 :	-0.0325
O18381 vs. Q12172 :	-0.05660377358490566
O18381 vs. Q24248 :	0.2547993019197208
O18381 vs. Q24533 :	0.15413533834586465
O18381 vs. Q39204 :	0.07242990654205607
O18381 vs. Q94527 :	0.02066590126291619
O18381 vs. Q95RW8 :	0.235626767200754
O18381 vs. Q9FJA2 :	0.005270092226613966
O18381 vs. Q9LV52 :	0.06126482213438735
O18381 vs. Q9LZM8 :	0.16103896103896104
O18381 vs. Q9SZP1 :	0.07534983853606028
O18381 vs. Q9U1H0 :	0.08193668528864059
O18381 vs. Q9W0K7 :	0.08116545265348596
O18381 vs. T00179 :	0.041349292709466814
O18381 vs. T00349 :	-0.025806451612903226
O18381 vs. T00665 :	0.27981220657276995
O18381 vs. T00772 :	0.05203103605659516
O18381 vs. T00956 :	0.0398406374501992
O18381 vs. T01128 :	0.04473684210526316
O18381 vs. T01265 :	-0.014675052410901468
O18381 vs. T01526 :	0.05368098159509203
O18381 vs. T01614 :	-0.014705882352941176
O18381 vs. T01615 :	0.014084507042253521
O18381 vs. T02111 :	0.08211143695014662
O18381 vs. T02302 :	0.056704980842911874
O18381 vs. T02636 :	0.06142728093947606
O18381 vs. T02637 :	0.06463878326996197
O18381 vs. T02639 :	0.029593094944512947
O18381 vs. T02649 :	0.059186189889025895
O18381 vs. T02652 :	0.08729139922978177
O18381 vs. T02692 :	0.04041570438799076
O18381 vs. T03480 :	-0.04204993429697766
O18381 vs. T03481 :	0.066006600660066
O18381 vs. T03513 :	0.02386002120890774
O18381 vs. T03590 :	0.05518469069870939
O18381 vs. T03600 :	0.027194066749072928
O18381 vs. T03707 :	0.002699055330634278
O18381 vs. T04675 :	0.09963768115942029
O18381 vs. T04679 :	0.06592386258124419
O18381 vs. T04728 :	0.06896551724137931
O18381 vs. T04783 :	0.11494252873563218
O18381 vs. bin :	0.0022471910112359553
O18381 vs. d-mtTFA :	0.11355311355311355
O18381 vs. eyg :	0.7342723004694836
O18381 vs. ind :	0.3935969868173258
O18381 vs. mirr :	0.23738317757009345
O18381 vs. tin :	0.3423760523854069
P07272 vs. P29617 :	-0.05605381165919283
P07272 vs. P39572 :	0.11791383219954649
P07272 vs. P42950 :	0.2906574394463668
P07272 vs. P51023 :	-0.07627906976744186
P07272 vs. P52168 :	0.03529411764705882
P07272 vs. P52172 :	0.03529411764705882
P07272 vs. P55965 :	-0.11383039271485487
P07272 vs. P82280 :	0.034482758620689655
P07272 vs. P98149 :	-0.04241435562805873
P07272 vs. Q05958 :	0.5367647058823529
P07272 vs. Q06149 :	0.41379310344827586
P07272 vs. Q12151 :	0.5212569316081331
P07272 vs. Q12172 :	0.39855072463768115
P07272 vs. Q24248 :	-0.01647058823529412
P07272 vs. Q24533 :	0.017391304347826087
P07272 vs. Q39204 :	0.06700167504187604
P07272 vs. Q94527 :	0.016339869281045753
P07272 vs. Q95RW8 :	-0.004987531172069825
P07272 vs. Q9FJA2 :	0.0037735849056603774
P07272 vs. Q9LV52 :	-0.08094435075885328
P07272 vs. Q9LZM8 :	-0.06984866123399301
P07272 vs. Q9SZP1 :	0.04597701149425287
P07272 vs. Q9U1H0 :	0.051533742331288344
P07272 vs. Q9W0K7 :	-0.017094017094017096
P07272 vs. T00179 :	0.014947683109118086
P07272 vs. T00349 :	-0.09016393442622951
P07272 vs. T00665 :	0.009925558312655087
P07272 vs. T00772 :	-0.03547671840354767
P07272 vs. T00956 :	0.129973474801061
P07272 vs. T01128 :	-0.01015228426395939
P07272 vs. T01265 :	0.038980509745127435
P07272 vs. T01526 :	-0.103954802259887
P07272 vs. T01614 :	0.057007125890736345
P07272 vs. T01615 :	-0.026578073089700997
P07272 vs. T02111 :	-0.04127579737335835
P07272 vs. T02302 :	-0.030206677265500796
P07272 vs. T02636 :	-0.025925925925925925
P07272 vs. T02637 :	-0.062402496099843996
P07272 vs. T02639 :	-0.043478260869565216
P07272 vs. T02649 :	-0.0036231884057971015
P07272 vs. T02652 :	-0.07471647765176785
P07272 vs. T02692 :	0.031007751937984496
P07272 vs. T03480 :	0.05063291139240506
P07272 vs. T03481 :	-0.06391270459859703
P07272 vs. T03513 :	-0.12338104976141787
P07272 vs. T03590 :	-0.12491128459900638
P07272 vs. T03600 :	0.6511627906976745
P07272 vs. T03707 :	0.048879837067209775
P07272 vs. T04675 :	-0.06423357664233577
P07272 vs. T04679 :	-0.07698113207547169
P07272 vs. T04728 :	-0.02865329512893983
P07272 vs. T04783 :	-0.03463203463203463
P07272 vs. bin :	0.006339144215530904
P07272 vs. d-mtTFA :	0.02763819095477387
P07272 vs. eyg :	0.004962779156327543
P07272 vs. ind :	0.04234122042341221
P07272 vs. mirr :	0.009864364981504316
P07272 vs. tin :	0.03209876543209877
P29617 vs. P39572 :	-0.06337135614702155
P29617 vs. P42950 :	-0.061068702290076333
P29617 vs. P51023 :	0.036542515811665496
P29617 vs. P52168 :	0.0019455252918287938
P29617 vs. P52172 :	0.002355712603062426
P29617 vs. P55965 :	0.01140142517814727
P29617 vs. P82280 :	0.09232688708671241
P29617 vs. P98149 :	0.031217481789802288
P29617 vs. Q05958 :	-0.08137044967880086
P29617 vs. Q06149 :	-0.008898776418242492
P29617 vs. Q12151 :	-0.0815450643776824
P29617 vs. Q12172 :	-0.057777777777777775
P29617 vs. Q24248 :	0.11018363939899833
P29617 vs. Q24533 :	0.06591500433651344
P29617 vs. Q39204 :	0.07407407407407407
P29617 vs. Q94527 :	0.07291666666666667
P29617 vs. Q95RW8 :	0.10260869565217391
P29617 vs. Q9FJA2 :	0.01611047180667434
P29617 vs. Q9LV52 :	0.03911342894393742
P29617 vs. Q9LZM8 :	0.12590799031476999
P29617 vs. Q9SZP1 :	-0.0
P29617 vs. Q9U1H0 :	0.07566638005159071
P29617 vs. Q9W0K7 :	0.015238095238095238
P29617 vs. T00179 :	0.003968253968253968
P29617 vs. T00349 :	-0.07496977025392987
P29617 vs. T00665 :	0.0779896013864818
P29617 vs. T00772 :	0.031746031746031744
P29617 vs. T00956 :	-0.007319304666056725
P29617 vs. T01128 :	0.007633587786259542
P29617 vs. T01265 :	-0.005964214711729622
P29617 vs. T01526 :	0.0056657223796034
P29617 vs. T01614 :	-0.09362808842652796
P29617 vs. T01615 :	0.012752391073326248
P29617 vs. T02111 :	0.04555160142348755
P29617 vs. T02302 :	-0.012453300124533
P29617 vs. T02636 :	-0.003451251078515962
P29617 vs. T02637 :	0.06012269938650307
P29617 vs. T02639 :	0.008138351983723296
P29617 vs. T02649 :	0.024054982817869417
P29617 vs. T02652 :	0.06063887384948565
P29617 vs. T02692 :	-0.0
P29617 vs. T03480 :	-0.02214022140221402
P29617 vs. T03481 :	0.03801348865726548
P29617 vs. T03513 :	-0.04509445460085314
P29617 vs. T03590 :	0.02390438247011952
P29617 vs. T03600 :	-0.02249718785151856
P29617 vs. T03707 :	-0.07710843373493977
P29617 vs. T04675 :	0.005820721769499418
P29617 vs. T04679 :	0.013221153846153846
P29617 vs. T04728 :	0.028680688336520075
P29617 vs. T04783 :	0.08647798742138364
P29617 vs. bin :	-0.028600612870275793
P29617 vs. d-mtTFA :	0.10664335664335664
P29617 vs. eyg :	0.08838821490467938
P29617 vs. ind :	0.07819287576020852
P29617 vs. mirr :	0.12079378774805867
P29617 vs. tin :	0.12435233160621761
P39572 vs. P42950 :	-0.04291845493562232
P39572 vs. P51023 :	-0.0411522633744856
P39572 vs. P52168 :	0.09358752166377816
P39572 vs. P52172 :	0.005025125628140704
P39572 vs. P55965 :	-0.12454655380894801
P39572 vs. P82280 :	-0.018648018648018648
P39572 vs. P98149 :	0.03529411764705882
P39572 vs. Q05958 :	0.08616780045351474
P39572 vs. Q06149 :	0.04017857142857143
P39572 vs. Q12151 :	0.0958904109589041
P39572 vs. Q12172 :	0.0935412026726058
P39572 vs. Q24248 :	0.040160642570281124
P39572 vs. Q24533 :	0.04843304843304843
P39572 vs. Q39204 :	0.06882591093117409
P39572 vs. Q94527 :	0.011787819253438114
P39572 vs. Q95RW8 :	0.017167381974248927
P39572 vs. Q9FJA2 :	0.06872852233676977
P39572 vs. Q9LV52 :	-0.08494921514312095
P39572 vs. Q9LZM8 :	-0.015873015873015872
P39572 vs. Q9SZP1 :	0.11455847255369929
P39572 vs. Q9U1H0 :	0.014044943820224719
P39572 vs. Q9W0K7 :	0.056338028169014086
P39572 vs. T00179 :	-0.02872531418312388
P39572 vs. T00349 :	0.0425531914893617
P39572 vs. T00665 :	0.09302325581395349
P39572 vs. T00772 :	-0.0992
P39572 vs. T00956 :	0.028037383177570093
P39572 vs. T01128 :	0.35738831615120276
P39572 vs. T01265 :	0.0036036036036036037
P39572 vs. T01526 :	-0.1295740851829634
P39572 vs. T01614 :	0.46540880503144655
P39572 vs. T01615 :	0.08560311284046693
P39572 vs. T02111 :	-0.07337526205450734
P39572 vs. T02302 :	-0.08311688311688312
P39572 vs. T02636 :	0.13729977116704806
P39572 vs. T02637 :	-0.11195928753180662
P39572 vs. T02639 :	0.041353383458646614
P39572 vs. T02649 :	0.11581291759465479
P39572 vs. T02652 :	-0.10744985673352435
P39572 vs. T02692 :	-0.05562579013906448
P39572 vs. T03480 :	0.08287292817679558
P39572 vs. T03481 :	-0.07627118644067797
P39572 vs. T03513 :	-0.15330271988696573
P39572 vs. T03590 :	-0.12098009188361408
P39572 vs. T03600 :	0.0502283105022831
P39572 vs. T03707 :	-0.07387862796833773
P39572 vs. T04675 :	-0.08997632202052092
P39572 vs. T04679 :	-0.11046990931574609
P39572 vs. T04728 :	0.07058823529411765
P39572 vs. T04783 :	-0.029232643118148598
P39572 vs. bin :	-0.03787878787878788
P39572 vs. d-mtTFA :	0.011577424023154847
P39572 vs. eyg :	0.05405405405405406
P39572 vs. ind :	0.022857142857142857
P39572 vs. mirr :	0.07627118644067797
P39572 vs. tin :	-0.0
P42950 vs. P51023 :	-0.014545454545454545
P42950 vs. P52168 :	-0.00749063670411985
P42950 vs. P52172 :	-0.011406844106463879
P42950 vs. P55965 :	-0.10549943883277217
P42950 vs. P82280 :	-0.04062126642771804
P42950 vs. P98149 :	-0.09090909090909091
P42950 vs. Q05958 :	0.2520458265139116
P42950 vs. Q06149 :	0.40134907251264756
P42950 vs. Q12151 :	0.24958949096880131
P42950 vs. Q12172 :	0.3870967741935484
P42950 vs. Q24248 :	-0.09828571428571428
P42950 vs. Q24533 :	-0.0746987951807229
P42950 vs. Q39204 :	-0.02572347266881029
P42950 vs. Q94527 :	-0.0847723704866562
P42950 vs. Q95RW8 :	-0.04353083434099154
P42950 vs. Q9FJA2 :	-0.003663003663003663
P42950 vs. Q9LV52 :	-0.07431874483897605
P42950 vs. Q9LZM8 :	-0.06331877729257641
P42950 vs. Q9SZP1 :	-0.01637107776261937
P42950 vs. Q9U1H0 :	-0.04523809523809524
P42950 vs. Q9W0K7 :	-0.07281553398058252
P42950 vs. T00179 :	0.06423357664233577
P42950 vs. T00349 :	0.01984126984126984
P42950 vs. T00665 :	-0.031287605294825514
P42950 vs. T00772 :	-0.07111756168359942
P42950 vs. T00956 :	0.03896103896103896
P42950 vs. T01128 :	-0.016012810248198558
P42950 vs. T01265 :	0.0527086383601757
P42950 vs. T01526 :	-0.09916434540389972
P42950 vs. T01614 :	-0.03587443946188341
P42950 vs. T01615 :	-0.009708737864077669
P42950 vs. T02111 :	-0.05132743362831858
P42950 vs. T02302 :	-0.03273577552611068
P42950 vs. T02636 :	-0.04784688995215311
P42950 vs. T02637 :	-0.090283091048202
P42950 vs. T02639 :	-0.01386481802426343
P42950 vs. T02649 :	-0.04280618311533888
P42950 vs. T02652 :	-0.06430446194225722
P42950 vs. T02692 :	0.04787812840043525
P42950 vs. T03480 :	-0.05714285714285714
P42950 vs. T03481 :	-0.04892966360856269
P42950 vs. T03513 :	-0.12369043595809395
P42950 vs. T03590 :	-0.1087866108786611
P42950 vs. T03600 :	0.35478260869565215
P42950 vs. T03707 :	-0.0
P42950 vs. T04675 :	-0.06881720430107527
P42950 vs. T04679 :	-0.08501118568232663
P42950 vs. T04728 :	-0.04149377593360996
P42950 vs. T04783 :	-0.06322444678609063
P42950 vs. bin :	-0.03353658536585366
P42950 vs. d-mtTFA :	-0.08302808302808302
P42950 vs. eyg :	-0.036101083032490974
P42950 vs. ind :	-0.03864734299516908
P42950 vs. mirr :	-0.08373205741626795
P42950 vs. tin :	-0.05029940119760479
P51023 vs. P52168 :	0.02972749793559042
P51023 vs. P52172 :	-0.05426356589147287
P51023 vs. P55965 :	0.027972027972027972
P51023 vs. P82280 :	0.060470324748040316
P51023 vs. P98149 :	-0.012237762237762238
P51023 vs. Q05958 :	-0.03939122649955237
P51023 vs. Q06149 :	-0.053604436229205174
P51023 vs. Q12151 :	-0.04304932735426009
P51023 vs. Q12172 :	-0.043835616438356165
P51023 vs. Q24248 :	0.017378711078928313
P51023 vs. Q24533 :	0.10778443113772455
P51023 vs. Q39204 :	0.024822695035460994
P51023 vs. Q94527 :	-0.017497812773403325
P51023 vs. Q95RW8 :	0.0301941049604601
P51023 vs. Q9FJA2 :	-0.015209125475285171
P51023 vs. Q9LV52 :	0.1188118811881188
P51023 vs. Q9LZM8 :	0.04360056258790436
P51023 vs. Q9SZP1 :	0.008071025020177562
P51023 vs. Q9U1H0 :	0.04736129905277402
P51023 vs. Q9W0K7 :	0.024330900243309004
P51023 vs. T00179 :	-0.02518891687657431
P51023 vs. T00349 :	-0.039603960396039604
P51023 vs. T00665 :	0.03663003663003663
P51023 vs. T00772 :	0.08174097664543524
P51023 vs. T00956 :	-0.009404388714733543
P51023 vs. T01128 :	0.03304843304843305
P51023 vs. T01265 :	-0.0
P51023 vs. T01526 :	0.02955236853541938
P51023 vs. T01614 :	-0.09663865546218488
P51023 vs. T01615 :	-0.0071174377224199285
P51023 vs. T02111 :	0.055415617128463476
P51023 vs. T02302 :	0.06931246506428172
P51023 vs. T02636 :	0.06706408345752608
P51023 vs. T02637 :	0.03861003861003861
P51023 vs. T02639 :	0.010291595197255575
P51023 vs. T02649 :	0.06829992576095026
P51023 vs. T02652 :	0.06600985221674877
P51023 vs. T02692 :	0.016842105263157894
P51023 vs. T03480 :	-0.07228915662650602
P51023 vs. T03481 :	0.09151047409040794
P51023 vs. T03513 :	-0.01847041847041847
P51023 vs. T03590 :	0.06597938144329897
P51023 vs. T03600 :	-0.08140610545790934
P51023 vs. T03707 :	-0.02566633761105627
P51023 vs. T04675 :	0.051551814834297736
P51023 vs. T04679 :	0.03789929615592853
P51023 vs. T04728 :	0.024410089503661515
P51023 vs. T04783 :	0.04817618719889883
P51023 vs. bin :	0.01721170395869191
P51023 vs. d-mtTFA :	0.04981132075471698
P51023 vs. eyg :	0.06173558532323821
P51023 vs. ind :	0.06296851574212893
P51023 vs. mirr :	0.013412816691505217
P51023 vs. tin :	0.0686055182699478
P52168 vs. P52172 :	0.6351931330472103
P52168 vs. P55965 :	-0.04369414101290963
P52168 vs. P82280 :	0.002109704641350211
P52168 vs. P98149 :	0.0026702269692923898
P52168 vs. Q05958 :	0.05263157894736842
P52168 vs. Q06149 :	0.03125
P52168 vs. Q12151 :	0.07680945347119646
P52168 vs. Q12172 :	0.06
P52168 vs. Q24248 :	0.028397565922920892
P52168 vs. Q24533 :	0.05526036131774708
P52168 vs. Q39204 :	0.04365620736698499
P52168 vs. Q94527 :	0.08021390374331551
P52168 vs. Q95RW8 :	0.024096385542168676
P52168 vs. Q9FJA2 :	-0.0
P52168 vs. Q9LV52 :	0.006051437216338881
P52168 vs. Q9LZM8 :	0.06030150753768844
P52168 vs. Q9SZP1 :	0.06635071090047394
P52168 vs. Q9U1H0 :	0.01662049861495845
P52168 vs. Q9W0K7 :	0.026252983293556086
P52168 vs. T00179 :	0.0829145728643216
P52168 vs. T00349 :	0.032520325203252036
P52168 vs. T00665 :	0.04883227176220807
P52168 vs. T00772 :	0.010745466756212223
P52168 vs. T00956 :	0.09988649262202043
P52168 vs. T01128 :	0.022641509433962263
P52168 vs. T01265 :	0.05793450881612091
P52168 vs. T01526 :	-0.031573754316724226
P52168 vs. T01614 :	0.03231597845601436
P52168 vs. T01615 :	0.05017921146953405
P52168 vs. T02111 :	0.018440905280804692
P52168 vs. T02302 :	0.021520803443328552
P52168 vs. T02636 :	0.023231256599788808
P52168 vs. T02637 :	-0.02538787023977433
P52168 vs. T02639 :	0.018158236057068743
P52168 vs. T02649 :	0.023255813953488372
P52168 vs. T02652 :	-0.020795107033639144
P52168 vs. T02692 :	0.06407766990291262
P52168 vs. T03480 :	-0.019966722129783693
P52168 vs. T03481 :	0.028188865398167725
P52168 vs. T03513 :	-0.09055374592833876
P52168 vs. T03590 :	-0.02330097087378641
P52168 vs. T03600 :	0.029542097488921712
P52168 vs. T03707 :	-0.05177993527508091
P52168 vs. T04675 :	-0.01195219123505976
P52168 vs. T04679 :	-0.03581267217630854
P52168 vs. T04728 :	0.08872901678657075
P52168 vs. T04783 :	0.00945179584120983
P52168 vs. bin :	0.04954367666232073
P52168 vs. d-mtTFA :	0.02795698924731183
P52168 vs. eyg :	0.016985138004246284
P52168 vs. ind :	0.0362087326943557
P52168 vs. mirr :	0.05279831045406547
P52168 vs. tin :	0.0507399577167019
P52172 vs. P55965 :	-0.0991825613079019
P52172 vs. P82280 :	-0.06241872561768531
P52172 vs. P98149 :	-0.031578947368421054
P52172 vs. Q05958 :	0.05156537753222836
P52172 vs. Q06149 :	0.07238095238095238
P52172 vs. Q12151 :	0.06284658040665435
P52172 vs. Q12172 :	0.10609037328094302
P52172 vs. Q24248 :	-0.05452292441140025
P52172 vs. Q24533 :	-0.031496062992125984
P52172 vs. Q39204 :	-0.05054151624548736
P52172 vs. Q94527 :	0.04569420035149385
P52172 vs. Q95RW8 :	-0.007905138339920948
P52172 vs. Q9FJA2 :	0.06694560669456066
P52172 vs. Q9LV52 :	-0.08398950131233596
P52172 vs. Q9LZM8 :	-0.05188679245283019
P52172 vs. Q9SZP1 :	0.0709812108559499
P52172 vs. Q9U1H0 :	-0.033185840707964605
P52172 vs. Q9W0K7 :	-0.0
P52172 vs. T00179 :	-0.09724473257698542
P52172 vs. T00349 :	-0.0045871559633027525
P52172 vs. T00665 :	-0.04298356510745891
P52172 vs. T00772 :	-0.08549618320610687
P52172 vs. T00956 :	-0.03133903133903134
P52172 vs. T01128 :	-0.022792022792022793
P52172 vs. T01265 :	-0.07479674796747968
P52172 vs. T01526 :	-0.1038961038961039
P52172 vs. T01614 :	-0.005291005291005291
P52172 vs. T01615 :	0.08727272727272728
P52172 vs. T02111 :	-0.04930966469428008
P52172 vs. T02302 :	-0.06824754193175246
P52172 vs. T02636 :	-0.012072434607645875
P52172 vs. T02637 :	-0.08555286521388217
P52172 vs. T02639 :	-0.023575638506876228
P52172 vs. T02649 :	-0.018111254851228976
P52172 vs. T02652 :	-0.11813186813186813
P52172 vs. T02692 :	-0.03525264394829612
P52172 vs. T03480 :	-0.12322274881516587
P52172 vs. T03481 :	-0.07419354838709677
P52172 vs. T03513 :	-0.15012106537530268
P52172 vs. T03590 :	-0.07613469985358712
P52172 vs. T03600 :	0.04339250493096647
P52172 vs. T03707 :	-0.10022779043280182
P52172 vs. T04675 :	-0.07987942727957799
P52172 vs. T04679 :	-0.10526315789473684
P52172 vs. T04728 :	-0.0061068702290076335
P52172 vs. T04783 :	-0.06370875995449374
P52172 vs. bin :	-0.017006802721088437
P52172 vs. d-mtTFA :	-0.07171314741035857
P52172 vs. eyg :	-0.05599300087489064
P52172 vs. ind :	-0.11052631578947368
P52172 vs. mirr :	-0.06510416666666667
P52172 vs. tin :	-0.07301173402868318
P55965 vs. P82280 :	0.0888373889532638
P55965 vs. P98149 :	-0.0416210295728368
P55965 vs. Q05958 :	-0.10116731517509728
P55965 vs. Q06149 :	-0.11678004535147392
P55965 vs. Q12151 :	-0.09794101279910963
P55965 vs. Q12172 :	-0.10764872521246459
P55965 vs. Q24248 :	0.018419777023751818
P55965 vs. Q24533 :	0.033535165346995806
P55965 vs. Q39204 :	-0.05966850828729282
P55965 vs. Q94527 :	-0.044931506849315066
P55965 vs. Q95RW8 :	-0.01731996353691887
P55965 vs. Q9FJA2 :	-0.099241097489784
P55965 vs. Q9LV52 :	0.06252605252188412
P55965 vs. Q9LZM8 :	0.011685393258426966
P55965 vs. Q9SZP1 :	-0.03721841332027424
P55965 vs. Q9U1H0 :	0.0263042525208242
P55965 vs. Q9W0K7 :	-0.009399477806788513
P55965 vs. T00179 :	-0.046983449012279764
P55965 vs. T00349 :	-0.11583924349881797
P55965 vs. T00665 :	0.01074743527112848
P55965 vs. T00772 :	0.05066250974279034
P55965 vs. T00956 :	-0.04290091930541369
P55965 vs. T01128 :	0.03831118060985145
P55965 vs. T01265 :	-0.05558524853019776
P55965 vs. T01526 :	0.8223255813953488
P55965 vs. T01614 :	-0.1346389228886169
P55965 vs. T01615 :	-0.058693244739756366
P55965 vs. T02111 :	0.050220264317180616
P55965 vs. T02302 :	0.05829145728643216
P55965 vs. T02636 :	0.023715415019762844
P55965 vs. T02637 :	0.09327217125382263
P55965 vs. T02639 :	-0.04004329004329004
P55965 vs. T02649 :	-0.006899950714637753
P55965 vs. T02652 :	0.07227138643067847
P55965 vs. T02692 :	-0.01613668723303275
P55965 vs. T03480 :	-0.09892729439809297
P55965 vs. T03481 :	0.11057692307692307
P55965 vs. T03513 :	0.060449859418931585
P55965 vs. T03590 :	0.08009153318077804
P55965 vs. T03600 :	-0.11060433295324971
P55965 vs. T03707 :	-0.11563421828908554
P55965 vs. T04675 :	0.051877661633759196
P55965 vs. T04679 :	0.06247528667457493
P55965 vs. T04728 :	-0.04232283464566929
P55965 vs. T04783 :	0.026204960224613945
P55965 vs. bin :	-0.08026030368763558
P55965 vs. d-mtTFA :	-0.012941762070681932
P55965 vs. eyg :	0.049187161317215504
P55965 vs. ind :	-0.011904761904761904
P55965 vs. mirr :	0.0029644268774703555
P55965 vs. tin :	-0.006920415224913495
P82280 vs. P98149 :	0.05902383654937571
P82280 vs. Q05958 :	-0.012315270935960592
P82280 vs. Q06149 :	-0.06593406593406594
P82280 vs. Q12151 :	0.009888751545117428
P82280 vs. Q12172 :	-0.04390243902439024
P82280 vs. Q24248 :	0.06278026905829596
P82280 vs. Q24533 :	0.10699088145896657
P82280 vs. Q39204 :	0.03930635838150289
P82280 vs. Q94527 :	0.1590909090909091
P82280 vs. Q95RW8 :	0.03946530872056015
P82280 vs. Q9FJA2 :	0.05737704918032787
P82280 vs. Q9LV52 :	0.07063784923563521
P82280 vs. Q9LZM8 :	0.06367041198501873
P82280 vs. Q9SZP1 :	0.0389344262295082
P82280 vs. Q9U1H0 :	0.10012062726176116
P82280 vs. Q9W0K7 :	0.06597938144329897
P82280 vs. T00179 :	0.015432098765432098
P82280 vs. T00349 :	-0.0321285140562249
P82280 vs. T00665 :	0.05566343042071197
P82280 vs. T00772 :	0.02810077519379845
P82280 vs. T00956 :	0.017857142857142856
P82280 vs. T01128 :	0.024806201550387597
P82280 vs. T01265 :	-0.004319654427645789
P82280 vs. T01526 :	0.06610299769408147
P82280 vs. T01614 :	-0.002902757619738752
P82280 vs. T01615 :	0.016260162601626018
P82280 vs. T02111 :	0.1013215859030837
P82280 vs. T02302 :	0.06524365686669352
P82280 vs. T02636 :	0.4448563484708063
P82280 vs. T02637 :	0.8389362769693929
P82280 vs. T02639 :	0.3037037037037037
P82280 vs. T02649 :	0.4575645756457565
P82280 vs. T02652 :	0.06153846153846154
P82280 vs. T02692 :	0.027538726333907058
P82280 vs. T03480 :	-0.004415011037527594
P82280 vs. T03481 :	0.0712136409227683
P82280 vs. T03513 :	0.007681755829903978
P82280 vs. T03590 :	0.03679245283018868
P82280 vs. T03600 :	-0.034610630407911
P82280 vs. T03707 :	-0.04
P82280 vs. T04675 :	0.04517059106198943
P82280 vs. T04679 :	0.09768130241736557
P82280 vs. T04728 :	0.039337474120082816
P82280 vs. T04783 :	0.11009174311926606
P82280 vs. bin :	0.02224694104560623
P82280 vs. d-mtTFA :	0.06578947368421052
P82280 vs. eyg :	0.051417270929466054
P82280 vs. ind :	0.05042016806722689
P82280 vs. mirr :	0.07621550591327202
P82280 vs. tin :	0.08905380333951762
P98149 vs. Q05958 :	-0.022838499184339316
P98149 vs. Q06149 :	-0.02903225806451613
P98149 vs. Q12151 :	-0.03278688524590164
P98149 vs. Q12172 :	-0.04830917874396135
P98149 vs. Q24248 :	0.036996735582154515
P98149 vs. Q24533 :	0.08695652173913043
P98149 vs. Q39204 :	0.042042042042042045
P98149 vs. Q94527 :	0.49045521292217326
P98149 vs. Q95RW8 :	0.04133180252583238
P98149 vs. Q9FJA2 :	0.03023758099352052
P98149 vs. Q9LV52 :	0.004780876494023904
P98149 vs. Q9LZM8 :	0.0625
P98149 vs. Q9SZP1 :	0.035182679296346414
P98149 vs. Q9U1H0 :	0.05429864253393665
P98149 vs. Q9W0K7 :	0.0311284046692607
P98149 vs. T00179 :	0.0438957475994513
P98149 vs. T00349 :	-0.06204379562043796
P98149 vs. T00665 :	0.10285714285714286
P98149 vs. T00772 :	0.0014064697609001407
P98149 vs. T00956 :	0.012285012285012284
P98149 vs. T01128 :	-0.020108275328692964
P98149 vs. T01265 :	-0.04126547455295736
P98149 vs. T01526 :	-0.052202283849918436
P98149 vs. T01614 :	0.04081632653061224
P98149 vs. T01615 :	0.030211480362537766
P98149 vs. T02111 :	-0.0034071550255536627
P98149 vs. T02302 :	-0.03617181612660136
P98149 vs. T02636 :	0.0722495894909688
P98149 vs. T02637 :	-0.01776461880088823
P98149 vs. T02639 :	0.008522727272727272
P98149 vs. T02649 :	0.08135593220338982
P98149 vs. T02652 :	-0.036989795918367346
P98149 vs. T02692 :	-0.0020768431983385254
P98149 vs. T03480 :	0.018726591760299626
P98149 vs. T03481 :	0.0073964497041420114
P98149 vs. T03513 :	-0.10522810522810523
P98149 vs. T03590 :	-0.02165087956698241
P98149 vs. T03600 :	-0.04262295081967213
P98149 vs. T03707 :	-0.0
P98149 vs. T04675 :	-0.015288394718554551
P98149 vs. T04679 :	-0.04332129963898917
P98149 vs. T04728 :	0.06258148631029987
P98149 vs. T04783 :	0.06861755802219979
P98149 vs. bin :	-0.045714285714285714
P98149 vs. d-mtTFA :	0.13441483198146004
P98149 vs. eyg :	0.06628571428571428
P98149 vs. ind :	0.06651376146788991
P98149 vs. mirr :	0.06818181818181818
P98149 vs. tin :	0.10693970420932879
Q05958 vs. Q06149 :	0.4500907441016334
Q05958 vs. Q12151 :	0.9094269870609981
Q05958 vs. Q12172 :	0.4891304347826087
Q05958 vs. Q24248 :	-0.02242152466367713
Q05958 vs. Q24533 :	0.009937888198757764
Q05958 vs. Q39204 :	0.03015075376884422
Q05958 vs. Q94527 :	-0.006535947712418301
Q05958 vs. Q95RW8 :	-0.034912718204488775
Q05958 vs. Q9FJA2 :	-0.015228426395939087
Q05958 vs. Q9LV52 :	-0.0893760539629005
Q05958 vs. Q9LZM8 :	-0.10210876803551609
Q05958 vs. Q9SZP1 :	0.018666666666666668
Q05958 vs. Q9U1H0 :	-0.0392638036809816
Q05958 vs. Q9W0K7 :	-0.03133903133903134
Q05958 vs. T00179 :	0.1
Q05958 vs. T00349 :	0.0041753653444676405
Q05958 vs. T00665 :	0.03117505995203837
Q05958 vs. T00772 :	-0.03727598566308244
Q05958 vs. T00956 :	0.08894536213468869
Q05958 vs. T01128 :	0.01015228426395939
Q05958 vs. T01265 :	0.0851063829787234
Q05958 vs. T01526 :	-0.08057395143487858
Q05958 vs. T01614 :	0.0855106888361045
Q05958 vs. T01615 :	0.07559055118110236
Q05958 vs. T02111 :	-0.029117379435850774
Q05958 vs. T02302 :	-0.019077901430842606
Q05958 vs. T02636 :	-0.025925925925925925
Q05958 vs. T02637 :	-0.0686427457098284
Q05958 vs. T02639 :	-0.008862629246676515
Q05958 vs. T02649 :	0.006993006993006993
Q05958 vs. T02652 :	-0.07268007787151201
Q05958 vs. T02692 :	0.020134228187919462
Q05958 vs. T03480 :	-0.017204301075268817
Q05958 vs. T03481 :	-0.0649056603773585
Q05958 vs. T03513 :	-0.1135752688172043
Q05958 vs. T03590 :	-0.1019986216402481
Q05958 vs. T03600 :	0.44731977818853974
Q05958 vs. T03707 :	-0.04580152671755725
Q05958 vs. T04675 :	-0.029197080291970802
Q05958 vs. T04679 :	-0.06332842415316642
Q05958 vs. T04728 :	-0.034383954154727794
Q05958 vs. T04783 :	-0.049891540130151846
Q05958 vs. bin :	-0.012678288431061807
Q05958 vs. d-mtTFA :	-0.017587939698492462
Q05958 vs. eyg :	-0.022332506203473945
Q05958 vs. ind :	-0.039850560398505604
Q05958 vs. mirr :	0.0023446658851113715
Q05958 vs. tin :	-0.03051643192488263
Q06149 vs. Q12151 :	0.45255474452554745
Q06149 vs. Q12172 :	0.7048300536672629
Q06149 vs. Q24248 :	-0.05263157894736842
Q06149 vs. Q24533 :	-0.0024125452352231603
Q06149 vs. Q39204 :	-0.01288244766505636
Q06149 vs. Q94527 :	-0.0
Q06149 vs. Q95RW8 :	-0.03955500618046971
Q06149 vs. Q9FJA2 :	-0.022018348623853212
Q06149 vs. Q9LV52 :	-0.08264462809917356
Q06149 vs. Q9LZM8 :	-0.0645879732739421
Q06149 vs. Q9SZP1 :	-0.00546448087431694
Q06149 vs. Q9U1H0 :	0.0170316301703163
Q06149 vs. Q9W0K7 :	-0.019464720194647202
Q06149 vs. T00179 :	0.07602339181286549
Q06149 vs. T00349 :	-0.00823045267489712
Q06149 vs. T00665 :	-0.01927710843373494
Q06149 vs. T00772 :	0.0029411764705882353
Q06149 vs. T00956 :	0.1508452535760728
Q06149 vs. T01128 :	-0.03827751196172249
Q06149 vs. T01265 :	0.12330827067669173
Q06149 vs. T01526 :	-0.09566685424873382
Q06149 vs. T01614 :	0.05393258426966292
Q06149 vs. T01615 :	0.023333333333333334
Q06149 vs. T02111 :	-0.025901942645698426
Q06149 vs. T02302 :	-0.028458498023715414
Q06149 vs. T02636 :	-0.021937842778793418
Q06149 vs. T02637 :	-0.08068269976726145
Q06149 vs. T02639 :	-0.03819444444444445
Q06149 vs. T02649 :	-0.024305555555555556
Q06149 vs. T02652 :	-0.05121470781352593
Q06149 vs. T02692 :	0.058823529411764705
Q06149 vs. T03480 :	-0.0
Q06149 vs. T03481 :	-0.02142310635042081
Q06149 vs. T03513 :	-0.1345503718728871
Q06149 vs. T03590 :	-0.10028248587570622
Q06149 vs. T03600 :	0.37282229965156793
Q06149 vs. T03707 :	0.011857707509881422
Q06149 vs. T04675 :	-0.06886657101865136
Q06149 vs. T04679 :	-0.07407407407407407
Q06149 vs. T04728 :	-0.03404255319148936
Q06149 vs. T04783 :	-0.03164556962025317
Q06149 vs. bin :	0.0030534351145038168
Q06149 vs. d-mtTFA :	-0.0024390243902439024
Q06149 vs. eyg :	-0.03690036900369004
Q06149 vs. ind :	0.022222222222222223
Q06149 vs. mirr :	-0.06227544910179641
Q06149 vs. tin :	0.009592326139088728
Q12151 vs. Q12172 :	0.4918032786885246
Q12151 vs. Q24248 :	-0.0448642266824085
Q12151 vs. Q24533 :	-0.0024937655860349127
Q12151 vs. Q39204 :	0.0707070707070707
Q12151 vs. Q94527 :	-0.003284072249589491
Q12151 vs. Q95RW8 :	-0.02753441802252816
Q12151 vs. Q9FJA2 :	-0.0
Q12151 vs. Q9LV52 :	-0.08453085376162299
Q12151 vs. Q9LZM8 :	-0.10233592880978866
Q12151 vs. Q9SZP1 :	0.02553191489361702
Q12151 vs. Q9U1H0 :	-0.016374269005847954
Q12151 vs. Q9W0K7 :	-0.04291845493562232
Q12151 vs. T00179 :	0.1035007610350076
Q12151 vs. T00349 :	-0.0
Q12151 vs. T00665 :	0.0024067388688327317
Q12151 vs. T00772 :	-0.05333333333333334
Q12151 vs. T00956 :	0.048407643312101914
Q12151 vs. T01128 :	0.015345268542199489
Q12151 vs. T01265 :	0.10381679389312977
Q12151 vs. T01526 :	-0.08287292817679558
Q12151 vs. T01614 :	0.07809110629067245
Q12151 vs. T01615 :	0.07898894154818326
Q12151 vs. T02111 :	-0.0
Q12151 vs. T02302 :	-0.006374501992031873
Q12151 vs. T02636 :	-0.0148975791433892
Q12151 vs. T02637 :	-0.0906958561376075
Q12151 vs. T02639 :	-0.014571948998178506
Q12151 vs. T02649 :	-0.007285974499089253
Q12151 vs. T02652 :	-0.06107862248213125
Q12151 vs. T02692 :	0.04264870931537598
Q12151 vs. T03480 :	-0.025974025974025976
Q12151 vs. T03481 :	-0.06802721088435375
Q12151 vs. T03513 :	-0.12373907195696032
Q12151 vs. T03590 :	-0.10810810810810811
Q12151 vs. T03600 :	0.49814126394052044
Q12151 vs. T03707 :	-0.034482758620689655
Q12151 vs. T04675 :	-0.040965618141916606
Q12151 vs. T04679 :	-0.045722713864306784
Q12151 vs. T04728 :	-0.02168021680216802
Q12151 vs. T04783 :	-0.037422037422037424
Q12151 vs. bin :	-0.012738853503184714
Q12151 vs. d-mtTFA :	-0.019184652278177457
Q12151 vs. eyg :	-0.04234122042341221
Q12151 vs. ind :	-0.035
Q12151 vs. mirr :	-0.017326732673267328
Q12151 vs. tin :	-0.023529411764705882
Q12172 vs. Q24248 :	-0.03218390804597701
Q12172 vs. Q24533 :	0.009696969696969697
Q12172 vs. Q39204 :	-0.003305785123966942
Q12172 vs. Q94527 :	-0.04838709677419355
Q12172 vs. Q95RW8 :	-0.0340632603406326
Q12172 vs. Q9FJA2 :	0.015122873345935728
Q12172 vs. Q9LV52 :	-0.06030150753768844
Q12172 vs. Q9LZM8 :	-0.034129692832764506
Q12172 vs. Q9SZP1 :	0.05660377358490566
Q12172 vs. Q9U1H0 :	0.014580801944106925
Q12172 vs. Q9W0K7 :	-0.0
Q12172 vs. T00179 :	0.06287425149700598
Q12172 vs. T00349 :	-0.008213552361396304
Q12172 vs. T00665 :	-0.004750593824228029
Q12172 vs. T00772 :	-0.01763409257898604
Q12172 vs. T00956 :	0.10718954248366012
Q12172 vs. T01128 :	-0.029850746268656716
Q12172 vs. T01265 :	0.08108108108108109
Q12172 vs. T01526 :	-0.09786276715410573
Q12172 vs. T01614 :	0.04081632653061224
Q12172 vs. T01615 :	0.015789473684210527
Q12172 vs. T02111 :	-0.06009389671361502
Q12172 vs. T02302 :	-0.00315955766192733
Q12172 vs. T02636 :	0.039285714285714285
Q12172 vs. T02637 :	-0.06201550387596899
Q12172 vs. T02639 :	-0.0061068702290076335
Q12172 vs. T02649 :	0.05244755244755245
Q12172 vs. T02652 :	-0.07504937458854509
Q12172 vs. T02692 :	0.015317286652078774
Q12172 vs. T03480 :	0.012684989429175475
Q12172 vs. T03481 :	-0.055770720371804805
Q12172 vs. T03513 :	-0.12916383412644458
Q12172 vs. T03590 :	-0.08327452364149612
Q12172 vs. T03600 :	0.4280701754385965
Q12172 vs. T03707 :	-0.00398406374501992
Q12172 vs. T04675 :	-0.0460431654676259
Q12172 vs. T04679 :	-0.06437125748502993
Q12172 vs. T04728 :	-0.0453257790368272
Q12172 vs. T04783 :	-0.038135593220338986
Q12172 vs. bin :	-0.043010752688172046
Q12172 vs. d-mtTFA :	-0.012437810945273632
Q12172 vs. eyg :	-0.03389830508474576
Q12172 vs. ind :	0.007398273736128237
Q12172 vs. mirr :	-0.021660649819494584
Q12172 vs. tin :	-0.029339853300733496
Q24248 vs. Q24533 :	0.0967741935483871
Q24248 vs. Q39204 :	0.06866002214839424
Q24248 vs. Q94527 :	0.030501089324618737
Q24248 vs. Q95RW8 :	0.27978339350180503
Q24248 vs. Q9FJA2 :	-0.03970223325062035
Q24248 vs. Q9LV52 :	0.08310991957104558
Q24248 vs. Q9LZM8 :	0.4
Q24248 vs. Q9SZP1 :	0.03155818540433925
Q24248 vs. Q9U1H0 :	0.07342378292098962
Q24248 vs. Q9W0K7 :	0.05952380952380952
Q24248 vs. T00179 :	0.020703933747412008
Q24248 vs. T00349 :	-0.022929936305732482
Q24248 vs. T00665 :	0.24210526315789474
Q24248 vs. T00772 :	0.027727546714888487
Q24248 vs. T00956 :	0.09514747859181731
Q24248 vs. T01128 :	0.027450980392156862
Q24248 vs. T01265 :	0.01037344398340249
Q24248 vs. T01526 :	0.01456531634046427
Q24248 vs. T01614 :	-0.06327372764786796
Q24248 vs. T01615 :	-0.013348164627363738
Q24248 vs. T02111 :	0.07923697725605282
Q24248 vs. T02302 :	0.04475703324808184
Q24248 vs. T02636 :	0.08952551477170993
Q24248 vs. T02637 :	0.05289672544080604
Q24248 vs. T02639 :	0.057385759829968117
Q24248 vs. T02649 :	0.08021390374331551
Q24248 vs. T02652 :	0.04764542936288089
Q24248 vs. T02692 :	0.03166666666666667
Q24248 vs. T03480 :	0.028534370946822308
Q24248 vs. T03481 :	0.013845185651353053
Q24248 vs. T03513 :	-0.06790123456790123
Q24248 vs. T03590 :	-0.02099125364431487
Q24248 vs. T03600 :	-0.05667060212514758
Q24248 vs. T03707 :	-0.07360406091370558
Q24248 vs. T04675 :	0.0405727923627685
Q24248 vs. T04679 :	0.035758323057953144
Q24248 vs. T04728 :	0.06772908366533864
Q24248 vs. T04783 :	0.10260586319218241
Q24248 vs. bin :	0.0384204909284952
Q24248 vs. d-mtTFA :	0.10545454545454545
Q24248 vs. eyg :	0.22302158273381295
Q24248 vs. ind :	0.2272317403065825
Q24248 vs. mirr :	0.9024171888988362
Q24248 vs. tin :	0.1881720430107527
Q24533 vs. Q39204 :	0.055944055944055944
Q24533 vs. Q94527 :	0.045819014891179836
Q24533 vs. Q95RW8 :	0.11100658513640639
Q24533 vs. Q9FJA2 :	0.02890932982917214
Q24533 vs. Q9LV52 :	0.07740152038700761
Q24533 vs. Q9LZM8 :	0.08928571428571429
Q24533 vs. Q9SZP1 :	0.07735849056603773
Q24533 vs. Q9U1H0 :	0.4053851907255049
Q24533 vs. Q9W0K7 :	0.04984423676012461
Q24533 vs. T00179 :	-0.0
Q24533 vs. T00349 :	-0.03783783783783784
Q24533 vs. T00665 :	0.1187214611872146
Q24533 vs. T00772 :	0.04704532415375789
Q24533 vs. T00956 :	0.04572564612326044
Q24533 vs. T01128 :	0.040892193308550186
Q24533 vs. T01265 :	-0.0
Q24533 vs. T01526 :	0.022222222222222223
Q24533 vs. T01614 :	-0.05571847507331378
Q24533 vs. T01615 :	0.07728337236533958
Q24533 vs. T02111 :	0.06496199032480995
Q24533 vs. T02302 :	0.10436893203883495
Q24533 vs. T02636 :	0.07327227310574522
Q24533 vs. T02637 :	0.08971291866028708
Q24533 vs. T02639 :	0.024553571428571428
Q24533 vs. T02649 :	0.09286898839137644
Q24533 vs. T02652 :	0.04446797247220752
Q24533 vs. T02692 :	0.020249221183800622
Q24533 vs. T03480 :	-0.0
Q24533 vs. T03481 :	0.03626943005181347
Q24533 vs. T03513 :	-0.03489771359807461
Q24533 vs. T03590 :	0.02668148971650917
Q24533 vs. T03600 :	-0.004987531172069825
Q24533 vs. T03707 :	-0.040376850605652756
Q24533 vs. T04675 :	0.07840909090909091
Q24533 vs. T04679 :	0.07151230949589683
Q24533 vs. T04728 :	0.03128258602711158
Q24533 vs. T04783 :	0.2511415525114155
Q24533 vs. bin :	0.04708520179372197
Q24533 vs. d-mtTFA :	0.24408703878902555
Q24533 vs. eyg :	0.14245548266166824
Q24533 vs. ind :	0.13345864661654136
Q24533 vs. mirr :	0.12686567164179105
Q24533 vs. tin :	0.09166666666666666
Q39204 vs. Q94527 :	0.006015037593984963
Q39204 vs. Q95RW8 :	0.056140350877192984
Q39204 vs. Q9FJA2 :	0.07407407407407407
Q39204 vs. Q9LV52 :	0.014527845036319613
Q39204 vs. Q9LZM8 :	0.006578947368421052
Q39204 vs. Q9SZP1 :	-0.0
Q39204 vs. Q9U1H0 :	0.10829493087557604
Q39204 vs. Q9W0K7 :	0.1694915254237288
Q39204 vs. T00179 :	-0.04488078541374474
Q39204 vs. T00349 :	0.006097560975609756
Q39204 vs. T00665 :	0.02480270574971815
Q39204 vs. T00772 :	-0.04267425320056899
Q39204 vs. T00956 :	-0.0
Q39204 vs. T01128 :	0.14814814814814814
Q39204 vs. T01265 :	-0.03375527426160337
Q39204 vs. T01526 :	-0.04936917169500823
Q39204 vs. T01614 :	0.2074074074074074
Q39204 vs. T01615 :	0.06153846153846154
Q39204 vs. T02111 :	0.0018018018018018018
Q39204 vs. T02302 :	-0.028985507246376812
Q39204 vs. T02636 :	0.01011804384485666
Q39204 vs. T02637 :	-0.020973782771535582
Q39204 vs. T02639 :	-0.0
Q39204 vs. T02649 :	0.023140495867768594
Q39204 vs. T02652 :	-0.03221649484536082
Q39204 vs. T02692 :	0.046462513199577615
Q39204 vs. T03480 :	0.003861003861003861
Q39204 vs. T03481 :	-0.038922155688622756
Q39204 vs. T03513 :	-0.09976565115500502
Q39204 vs. T03590 :	-0.05471956224350205
Q39204 vs. T03600 :	0.06060606060606061
Q39204 vs. T03707 :	-0.06042296072507553
Q39204 vs. T04675 :	-0.016865776528460996
Q39204 vs. T04679 :	-0.03214024835646457
Q39204 vs. T04728 :	-0.002663115845539281
Q39204 vs. T04783 :	0.0511770726714432
Q39204 vs. bin :	0.06432748538011696
Q39204 vs. d-mtTFA :	0.11071849234393404
Q39204 vs. eyg :	0.08614668218859138
Q39204 vs. ind :	0.06775700934579439
Q39204 vs. mirr :	0.05092592592592592
Q39204 vs. tin :	0.03476245654692932
Q94527 vs. Q95RW8 :	0.004597701149425287
Q94527 vs. Q9FJA2 :	-0.012987012987012988
Q94527 vs. Q9LV52 :	-0.01594896331738437
Q94527 vs. Q9LZM8 :	-0.006472491909385114
Q94527 vs. Q9SZP1 :	0.04607046070460705
Q94527 vs. Q9U1H0 :	0.08380520951302378
Q94527 vs. Q9W0K7 :	0.06233766233766234
Q94527 vs. T00179 :	0.01098901098901099
Q94527 vs. T00349 :	-0.062157221206581355
Q94527 vs. T00665 :	0.09977827050997783
Q94527 vs. T00772 :	-0.03940886699507389
Q94527 vs. T00956 :	-0.0024600246002460025
Q94527 vs. T01128 :	-0.0030959752321981426
Q94527 vs. T01265 :	-0.030303030303030304
Q94527 vs. T01526 :	-0.0544069640914037
Q94527 vs. T01614 :	0.012269938650306749
Q94527 vs. T01615 :	0.060514372163388806
Q94527 vs. T02111 :	-0.015345268542199489
Q94527 vs. T02302 :	-0.043740573152337855
Q94527 vs. T02636 :	0.03640500568828214
Q94527 vs. T02637 :	0.017777777777777778
Q94527 vs. T02639 :	0.04267425320056899
Q94527 vs. T02649 :	0.09276018099547512
Q94527 vs. T02652 :	-0.058710912571793235
Q94527 vs. T02692 :	-0.018711018711018712
Q94527 vs. T03480 :	-0.00375234521575985
Q94527 vs. T03481 :	-0.0
Q94527 vs. T03513 :	-0.0966022651565623
Q94527 vs. T03590 :	-0.04197698036560596
Q94527 vs. T03600 :	-0.042071197411003236
Q94527 vs. T03707 :	0.01818181818181818
Q94527 vs. T04675 :	-0.022253129346314324
Q94527 vs. T04679 :	-0.04335260115606936
Q94527 vs. T04728 :	-0.0026109660574412533
Q94527 vs. T04783 :	0.046464646464646465
Q94527 vs. bin :	-0.01430615164520744
Q94527 vs. d-mtTFA :	0.0765661252900232
Q94527 vs. eyg :	0.038901601830663615
Q94527 vs. ind :	0.022962112514351322
Q94527 vs. mirr :	0.02957906712172924
Q94527 vs. tin :	0.004555808656036446
Q95RW8 vs. Q9FJA2 :	0.029023746701846966
Q95RW8 vs. Q9LV52 :	0.04660452729693742
Q95RW8 vs. Q9LZM8 :	0.37063563115487913
Q95RW8 vs. Q9SZP1 :	0.111328125
Q95RW8 vs. Q9U1H0 :	0.07966804979253111
Q95RW8 vs. Q9W0K7 :	0.05108055009823183
Q95RW8 vs. T00179 :	-0.006147540983606557
Q95RW8 vs. T00349 :	0.021709633649932156
Q95RW8 vs. T00665 :	0.19360902255639098
Q95RW8 vs. T00772 :	0.025164769322947873
Q95RW8 vs. T00956 :	0.031904287138584245
Q95RW8 vs. T01128 :	0.03766233766233766
Q95RW8 vs. T01265 :	0.04722792607802875
Q95RW8 vs. T01526 :	-0.024467603081105575
Q95RW8 vs. T01614 :	-0.008836524300441826
Q95RW8 vs. T01615 :	0.04230317273795535
Q95RW8 vs. T02111 :	0.029133284777858703
Q95RW8 vs. T02302 :	0.08132147395171538
Q95RW8 vs. T02636 :	0.02839396628216504
Q95RW8 vs. T02637 :	0.01877346683354193
Q95RW8 vs. T02639 :	0.029442691903259727
Q95RW8 vs. T02649 :	0.06537102473498234
Q95RW8 vs. T02652 :	0.019834710743801654
Q95RW8 vs. T02692 :	0.057291666666666664
Q95RW8 vs. T03480 :	0.022130013831258646
Q95RW8 vs. T03481 :	0.03504218040233614
Q95RW8 vs. T03513 :	-0.057846153846153846
Q95RW8 vs. T03590 :	0.0034782608695652175
Q95RW8 vs. T03600 :	0.09261576971214018
Q95RW8 vs. T03707 :	0.002702702702702703
Q95RW8 vs. T04675 :	0.05405405405405406
Q95RW8 vs. T04679 :	0.03676470588235294
Q95RW8 vs. T04728 :	0.04339250493096647
Q95RW8 vs. T04783 :	0.08629441624365482
Q95RW8 vs. bin :	0.047244094488188976
Q95RW8 vs. d-mtTFA :	0.11385199240986717
Q95RW8 vs. eyg :	0.22180451127819548
Q95RW8 vs. ind :	0.22808671065032987
Q95RW8 vs. mirr :	0.3161833489242282
Q95RW8 vs. tin :	0.21910112359550563
Q9FJA2 vs. Q9LV52 :	-0.06534823731728288
Q9FJA2 vs. Q9LZM8 :	0.0645933014354067
Q9FJA2 vs. Q9SZP1 :	0.8855291576673866
Q9FJA2 vs. Q9U1H0 :	0.0025940337224383916
Q9FJA2 vs. Q9W0K7 :	-0.023564064801178203
Q9FJA2 vs. T00179 :	-0.01948051948051948
Q9FJA2 vs. T00349 :	-0.022988505747126436
Q9FJA2 vs. T00665 :	0.015748031496062992
Q9FJA2 vs. T00772 :	-0.07067669172932331
Q9FJA2 vs. T00956 :	-0.0
Q9FJA2 vs. T01128 :	-0.01639344262295082
Q9FJA2 vs. T01265 :	-0.031496062992125984
Q9FJA2 vs. T01526 :	-0.10081112398609501
Q9FJA2 vs. T01614 :	0.07537688442211055
Q9FJA2 vs. T01615 :	-0.0
Q9FJA2 vs. T02111 :	-0.06284658040665435
Q9FJA2 vs. T02302 :	-0.014827018121911038
Q9FJA2 vs. T02636 :	0.05241935483870968
Q9FJA2 vs. T02637 :	-0.06513105639396347
Q9FJA2 vs. T02639 :	0.08121827411167512
Q9FJA2 vs. T02649 :	0.10236220472440945
Q9FJA2 vs. T02652 :	-0.07046070460704607
Q9FJA2 vs. T02692 :	0.013777267508610792
Q9FJA2 vs. T03480 :	-0.0
Q9FJA2 vs. T03481 :	-0.05714285714285714
Q9FJA2 vs. T03513 :	-0.13603572655444865
Q9FJA2 vs. T03590 :	-0.07179487179487179
Q9FJA2 vs. T03600 :	0.015345268542199489
Q9FJA2 vs. T03707 :	0.0136986301369863
Q9FJA2 vs. T04675 :	-0.05279034690799397
Q9FJA2 vs. T04679 :	-0.07547169811320754
Q9FJA2 vs. T04728 :	0.14222222222222222
Q9FJA2 vs. T04783 :	-0.022727272727272728
Q9FJA2 vs. bin :	-0.0
Q9FJA2 vs. d-mtTFA :	0.0026595744680851063
Q9FJA2 vs. eyg :	0.015748031496062992
Q9FJA2 vs. ind :	-0.005128205128205128
Q9FJA2 vs. mirr :	-0.007822685788787484
Q9FJA2 vs. tin :	0.04066073697585769
Q9LV52 vs. Q9LZM8 :	0.060013046314416174
Q9LV52 vs. Q9SZP1 :	0.021341463414634148
Q9LV52 vs. Q9U1H0 :	0.05286343612334802
Q9LV52 vs. Q9W0K7 :	0.017857142857142856
Q9LV52 vs. T00179 :	-0.03379416282642089
Q9LV52 vs. T00349 :	-0.09634255129348795
Q9LV52 vs. T00665 :	0.03929539295392954
Q9LV52 vs. T00772 :	0.05914786967418546
Q9LV52 vs. T00956 :	-0.008651766402307137
Q9LV52 vs. T01128 :	0.06109324758842444
Q9LV52 vs. T01265 :	-0.010769230769230769
Q9LV52 vs. T01526 :	0.05804311774461028
Q9LV52 vs. T01614 :	-0.10348071495766697
Q9LV52 vs. T01615 :	-0.0
Q9LV52 vs. T02111 :	0.0767029192902118
Q9LV52 vs. T02302 :	0.04105263157894737
Q9LV52 vs. T02636 :	0.05918788713007571
Q9LV52 vs. T02637 :	0.08108108108108109
Q9LV52 vs. T02639 :	-0.023492560689115115
Q9LV52 vs. T02649 :	0.05212620027434842
Q9LV52 vs. T02652 :	0.05511443250817375
Q9LV52 vs. T02692 :	0.0390625
Q9LV52 vs. T03480 :	-0.05600722673893405
Q9LV52 vs. T03481 :	0.3615584415584416
Q9LV52 vs. T03513 :	0.012863534675615212
Q9LV52 vs. T03590 :	0.29449049244271086
Q9LV52 vs. T03600 :	-0.08453085376162299
Q9LV52 vs. T03707 :	-0.05871886120996441
Q9LV52 vs. T04675 :	0.09642147117296222
Q9LV52 vs. T04679 :	0.06128702757916241
Q9LV52 vs. T04728 :	-0.008955223880597015
Q9LV52 vs. T04783 :	0.06641123882503193
Q9LV52 vs. bin :	-0.01728201099764336
Q9LV52 vs. d-mtTFA :	0.07649513212795549
Q9LV52 vs. eyg :	0.04923413566739606
Q9LV52 vs. ind :	0.07612456747404844
Q9LV52 vs. mirr :	0.06194081211286993
Q9LV52 vs. tin :	0.04269972451790634
Q9LZM8 vs. Q9SZP1 :	0.07624633431085044
Q9LZM8 vs. Q9U1H0 :	0.09119010819165378
Q9LZM8 vs. Q9W0K7 :	0.07054337464251668
Q9LZM8 vs. T00179 :	0.0019860973187686196
Q9LZM8 vs. T00349 :	-0.06297229219143577
Q9LZM8 vs. T00665 :	0.17754569190600522
Q9LZM8 vs. T00772 :	0.00823529411764706
Q9LZM8 vs. T00956 :	0.03296703296703297
Q9LZM8 vs. T01128 :	0.015276893698281349
Q9LZM8 vs. T01265 :	0.01990049751243781
Q9LZM8 vs. T01526 :	0.021447721179624665
Q9LZM8 vs. T01614 :	-0.024456521739130436
Q9LZM8 vs. T01615 :	0.019823788546255508
Q9LZM8 vs. T02111 :	0.05555555555555555
Q9LZM8 vs. T02302 :	0.036872218690400506
Q9LZM8 vs. T02636 :	0.08117443868739206
Q9LZM8 vs. T02637 :	0.06507059545733579
Q9LZM8 vs. T02639 :	0.04
Q9LZM8 vs. T02649 :	0.09630266552020636
Q9LZM8 vs. T02652 :	0.03528114663726571
Q9LZM8 vs. T02692 :	0.009925558312655087
Q9LZM8 vs. T03480 :	-0.009852216748768473
Q9LZM8 vs. T03481 :	0.046625766871165646
Q9LZM8 vs. T03513 :	-0.059128314538250536
Q9LZM8 vs. T03590 :	0.02847380410022779
Q9LZM8 vs. T03600 :	0.002336448598130841
Q9LZM8 vs. T03707 :	-0.04101326899879373
Q9LZM8 vs. T04675 :	0.018991097922848664
Q9LZM8 vs. T04679 :	0.03848466626578473
Q9LZM8 vs. T04728 :	0.06120434353405726
Q9LZM8 vs. T04783 :	0.09377526273241714
Q9LZM8 vs. bin :	0.016359918200409
Q9LZM8 vs. d-mtTFA :	0.07537248028045573
Q9LZM8 vs. eyg :	0.19803746654772525
Q9LZM8 vs. ind :	0.19141323792486584
Q9LZM8 vs. mirr :	0.4351687388987567
Q9LZM8 vs. tin :	0.21688888888888888
Q9SZP1 vs. Q9U1H0 :	0.046598322460391424
Q9SZP1 vs. Q9W0K7 :	0.050724637681159424
Q9SZP1 vs. T00179 :	-0.0048543689320388345
Q9SZP1 vs. T00349 :	-0.0
Q9SZP1 vs. T00665 :	0.10300429184549356
Q9SZP1 vs. T00772 :	-0.01054713249835201
Q9SZP1 vs. T00956 :	0.016073478760045924
Q9SZP1 vs. T01128 :	0.01585014409221902
Q9SZP1 vs. T01265 :	0.02295918367346939
Q9SZP1 vs. T01526 :	-0.029747149231531978
Q9SZP1 vs. T01614 :	0.19047619047619047
Q9SZP1 vs. T01615 :	0.034346103038309116
Q9SZP1 vs. T02111 :	0.025995125913891144
Q9SZP1 vs. T02302 :	0.07172995780590717
Q9SZP1 vs. T02636 :	0.06534090909090909
Q9SZP1 vs. T02637 :	0.022727272727272728
Q9SZP1 vs. T02639 :	0.07374631268436578
Q9SZP1 vs. T02649 :	0.10485436893203884
Q9SZP1 vs. T02652 :	-0.004810583283223091
Q9SZP1 vs. T02692 :	0.017013232514177693
Q9SZP1 vs. T03480 :	0.04966139954853273
Q9SZP1 vs. T03481 :	0.014194464158977998
Q9SZP1 vs. T03513 :	-0.09803921568627451
Q9SZP1 vs. T03590 :	-0.005211726384364821
Q9SZP1 vs. T03600 :	0.05394990366088632
Q9SZP1 vs. T03707 :	-0.029605263157894735
Q9SZP1 vs. T04675 :	0.009126466753585397
Q9SZP1 vs. T04679 :	0.03467406380027739
Q9SZP1 vs. T04728 :	0.3062645011600928
Q9SZP1 vs. T04783 :	0.07238095238095238
Q9SZP1 vs. bin :	0.08553459119496855
Q9SZP1 vs. d-mtTFA :	0.10845986984815618
Q9SZP1 vs. eyg :	0.08369098712446352
Q9SZP1 vs. ind :	0.07534983853606028
Q9SZP1 vs. mirr :	0.038974358974358976
Q9SZP1 vs. tin :	0.1047008547008547
Q9U1H0 vs. Q9W0K7 :	0.056108597285067875
Q9U1H0 vs. T00179 :	-0.023630504833512353
Q9U1H0 vs. T00349 :	-0.05333333333333334
Q9U1H0 vs. T00665 :	0.07239819004524888
Q9U1H0 vs. T00772 :	0.05353075170842825
Q9U1H0 vs. T00956 :	0.020905923344947737
Q9U1H0 vs. T01128 :	0.025418060200668897
Q9U1H0 vs. T01265 :	0.002152852529601722
Q9U1H0 vs. T01526 :	0.026155187445510025
Q9U1H0 vs. T01614 :	-0.057803468208092484
Q9U1H0 vs. T01615 :	0.020833333333333332
Q9U1H0 vs. T02111 :	0.021917808219178082
Q9U1H0 vs. T02302 :	0.050571944611679714
Q9U1H0 vs. T02636 :	0.06919275123558484
Q9U1H0 vs. T02637 :	0.06646884272997032
Q9U1H0 vs. T02639 :	0.03645200486026731
Q9U1H0 vs. T02649 :	0.06398687448728466
Q9U1H0 vs. T02652 :	0.035751840168243953
Q9U1H0 vs. T02692 :	-0.0030840400925212026
Q9U1H0 vs. T03480 :	-0.03225806451612903
Q9U1H0 vs. T03481 :	0.05575326215895611
Q9U1H0 vs. T03513 :	-0.03176505843572071
Q9U1H0 vs. T03590 :	0.059602649006622516
Q9U1H0 vs. T03600 :	0.03694581280788178
Q9U1H0 vs. T03707 :	-0.010624169986719787
Q9U1H0 vs. T04675 :	0.05414551607445008
Q9U1H0 vs. T04679 :	0.054682955206515414
Q9U1H0 vs. T04728 :	0.08537693006357856
Q9U1H0 vs. T04783 :	0.1660377358490566
Q9U1H0 vs. bin :	0.015521064301552107
Q9U1H0 vs. d-mtTFA :	0.17619493908153702
Q9U1H0 vs. eyg :	0.076095947063689
Q9U1H0 vs. ind :	0.06517690875232775
Q9U1H0 vs. mirr :	0.09426987060998152
Q9U1H0 vs. tin :	0.07030527289546716
Q9W0K7 vs. T00179 :	-0.034229828850855744
Q9W0K7 vs. T00349 :	0.024844720496894408
Q9W0K7 vs. T00665 :	0.04771784232365145
Q9W0K7 vs. T00772 :	0.01588352084712111
Q9W0K7 vs. T00956 :	0.044296788482835
Q9W0K7 vs. T01128 :	0.20253164556962025
Q9W0K7 vs. T01265 :	0.0024509803921568627
Q9W0K7 vs. T01526 :	-0.013485477178423237
Q9W0K7 vs. T01614 :	0.08333333333333333
Q9W0K7 vs. T01615 :	0.11822660098522167
Q9W0K7 vs. T02111 :	0.07125890736342043
Q9W0K7 vs. T02302 :	-0.015536723163841809
Q9W0K7 vs. T02636 :	0.0392156862745098
Q9W0K7 vs. T02637 :	0.001388888888888889
Q9W0K7 vs. T02639 :	0.05548549810844893
Q9W0K7 vs. T02649 :	0.06365503080082136
Q9W0K7 vs. T02652 :	-0.0024140012070006035
Q9W0K7 vs. T02692 :	0.043726235741444866
Q9W0K7 vs. T03480 :	-0.012841091492776886
Q9W0K7 vs. T03481 :	0.027758501040943788
Q9W0K7 vs. T03513 :	-0.08344113842173351
Q9W0K7 vs. T03590 :	-0.026802807913209957
Q9W0K7 vs. T03600 :	-0.03672316384180791
Q9W0K7 vs. T03707 :	-0.006153846153846154
Q9W0K7 vs. T04675 :	0.03664921465968586
Q9W0K7 vs. T04679 :	0.014925373134328358
Q9W0K7 vs. T04728 :	0.035046728971962614
Q9W0K7 vs. T04783 :	0.009242144177449169
Q9W0K7 vs. bin :	0.0379746835443038
Q9W0K7 vs. d-mtTFA :	0.027253668763102725
Q9W0K7 vs. eyg :	0.06639004149377593
Q9W0K7 vs. ind :	0.031217481789802288
Q9W0K7 vs. mirr :	0.11145510835913312
Q9W0K7 vs. tin :	0.06198347107438017
T00179 vs. T00349 :	0.0033613445378151263
T00179 vs. T00665 :	0.06947368421052631
T00179 vs. T00772 :	-0.02722940776038121
T00179 vs. T00956 :	0.0627177700348432
T00179 vs. T01128 :	-0.0029850746268656717
T00179 vs. T01265 :	0.599483204134367
T00179 vs. T01526 :	-0.03923647932131495
T00179 vs. T01614 :	-0.037243947858473
T00179 vs. T01615 :	-0.019746121297602257
T00179 vs. T02111 :	0.03751065643648764
T00179 vs. T02302 :	-0.002911208151382824
T00179 vs. T02636 :	0.05177993527508091
T00179 vs. T02637 :	0.017167381974248927
T00179 vs. T02639 :	0.06125166444740346
T00179 vs. T02649 :	0.041916167664670656
T00179 vs. T02652 :	-0.05077399380804953
T00179 vs. T02692 :	0.04554455445544554
T00179 vs. T03480 :	-0.020654044750430294
T00179 vs. T03481 :	-0.0028591851322373124
T00179 vs. T03513 :	-0.09901639344262295
T00179 vs. T03590 :	-0.04065573770491803
T00179 vs. T03600 :	0.045662100456621
T00179 vs. T03707 :	-0.06354515050167224
T00179 vs. T04675 :	0.016150740242261104
T00179 vs. T04679 :	-0.06424581005586592
T00179 vs. T04728 :	0.002457002457002457
T00179 vs. T04783 :	-0.021153846153846155
T00179 vs. bin :	-0.008032128514056224
T00179 vs. d-mtTFA :	0.008771929824561403
T00179 vs. eyg :	0.06290672451193059
T00179 vs. ind :	-0.0
T00179 vs. mirr :	-0.019417475728155338
T00179 vs. tin :	0.0021598272138228943
T00349 vs. T00665 :	-0.06762028608582575
T00349 vs. T00772 :	-0.08850931677018634
T00349 vs. T00956 :	-0.058823529411764705
T00349 vs. T01128 :	0.11550151975683891
T00349 vs. T01265 :	0.04047217537942664
T00349 vs. T01526 :	-0.11847507331378299
T00349 vs. T01614 :	0.05056179775280899
T00349 vs. T01615 :	-0.0
T00349 vs. T02111 :	-0.057692307692307696
T00349 vs. T02302 :	-0.06035205364626991
T00349 vs. T02636 :	-0.004210526315789474
T00349 vs. T02637 :	-0.09860312243221035
T00349 vs. T02639 :	0.03696098562628337
T00349 vs. T02649 :	0.012320328542094456
T00349 vs. T02652 :	-0.11436541143654114
T00349 vs. T02692 :	0.007237635705669481
T00349 vs. T03480 :	-0.05
T00349 vs. T03481 :	-0.09523809523809523
T00349 vs. T03513 :	-0.14290693621470896
T00349 vs. T03590 :	-0.08630952380952381
T00349 vs. T03600 :	-0.046218487394957986
T00349 vs. T03707 :	-0.07673860911270983
T00349 vs. T04675 :	-0.07969348659003832
T00349 vs. T04679 :	-0.10551558752997602
T00349 vs. T04728 :	-0.05687203791469194
T00349 vs. T04783 :	-0.04190919674039581
T00349 vs. bin :	0.0706713780918728
T00349 vs. d-mtTFA :	-0.013679890560875513
T00349 vs. eyg :	-0.05398110661268556
T00349 vs. ind :	-0.06504065040650407
T00349 vs. mirr :	-0.032171581769437
T00349 vs. tin :	-0.07785234899328859
T00665 vs. T00772 :	0.036518563603164945
T00665 vs. T00956 :	0.029791459781529295
T00665 vs. T01128 :	0.06737120211360634
T00665 vs. T01265 :	0.03375527426160337
T00665 vs. T01526 :	9.70873786407767E-4
T00665 vs. T01614 :	-0.0
T00665 vs. T01615 :	0.1087202718006795
T00665 vs. T02111 :	0.061448427212874905
T00665 vs. T02302 :	0.03875968992248062
T00665 vs. T02636 :	0.030881017257039057
T00665 vs. T02637 :	0.04961832061068702
T00665 vs. T02639 :	0.04540540540540541
T00665 vs. T02649 :	0.06633906633906633
T00665 vs. T02652 :	0.03018446059250978
T00665 vs. T02692 :	0.01903114186851211
T00665 vs. T03480 :	0.02200825309491059
T00665 vs. T03481 :	0.04322949777495232
T00665 vs. T03513 :	-0.05148883374689826
T00665 vs. T03590 :	0.00718132854578097
T00665 vs. T03600 :	0.0049813200498132005
T00665 vs. T03707 :	-0.013440860215053764
T00665 vs. T04675 :	0.05301204819277108
T00665 vs. T04679 :	0.0547945205479452
T00665 vs. T04728 :	0.075
T00665 vs. T04783 :	0.125
T00665 vs. bin :	0.004479283314669653
T00665 vs. d-mtTFA :	0.0865561694290976
T00665 vs. eyg :	0.27902621722846443
T00665 vs. ind :	0.3173708920187793
T00665 vs. mirr :	0.27586206896551724
T00665 vs. tin :	0.31902985074626866
T00772 vs. T00956 :	-0.009009009009009009
T00772 vs. T01128 :	0.02852926709296606
T00772 vs. T01265 :	-0.0408997955010225
T00772 vs. T01526 :	0.04963164017060876
T00772 vs. T01614 :	-0.12682926829268293
T00772 vs. T01615 :	-0.037089871611982884
T00772 vs. T02111 :	0.06478578892371996
T00772 vs. T02302 :	0.07934204160619256
T00772 vs. T02636 :	0.022222222222222223
T00772 vs. T02637 :	0.03634624581539933
T00772 vs. T02639 :	-0.018005540166204988
T00772 vs. T02649 :	0.02707692307692308
T00772 vs. T02652 :	0.10138648180242635
T00772 vs. T02692 :	-0.009395184967704051
T00772 vs. T03480 :	-0.07221350078492936
T00772 vs. T03481 :	0.08317399617590822
T00772 vs. T03513 :	0.013892599519102324
T00772 vs. T03590 :	0.05139765554553652
T00772 vs. T03600 :	-0.06328182487122884
T00772 vs. T03707 :	-0.07745933384972889
T00772 vs. T04675 :	0.036714089031665904
T00772 vs. T04679 :	0.11670588235294117
T00772 vs. T04728 :	0.021234240212342402
T00772 vs. T04783 :	0.04385458742065782
T00772 vs. bin :	-0.03194444444444444
T00772 vs. d-mtTFA :	0.018691588785046728
T00772 vs. eyg :	0.037092731829573934
T00772 vs. ind :	0.060794044665012405
T00772 vs. mirr :	0.02345679012345679
T00772 vs. tin :	0.054354539839407044
T00956 vs. T01128 :	-0.013445378151260505
T00956 vs. T01265 :	0.07217694994179279
T00956 vs. T01526 :	-0.022323693556570268
T00956 vs. T01614 :	0.01929260450160772
T00956 vs. T01615 :	-0.022670025188916875
T00956 vs. T02111 :	0.03215926493108729
T00956 vs. T02302 :	0.006854009595613434
T00956 vs. T02636 :	0.04940711462450593
T00956 vs. T02637 :	0.0013486176668914363
T00956 vs. T02639 :	-0.0026560424966799467
T00956 vs. T02649 :	0.017699115044247787
T00956 vs. T02652 :	-0.02588235294117647
T00956 vs. T02692 :	0.09680365296803653
T00956 vs. T03480 :	0.018018018018018018
T00956 vs. T03481 :	-0.013477088948787063
T00956 vs. T03513 :	-0.08676236044657097
T00956 vs. T03590 :	-0.037267080745341616
T00956 vs. T03600 :	0.1411451398135819
T00956 vs. T03707 :	-0.0
T00956 vs. T04675 :	-0.015276893698281349
T00956 vs. T04679 :	-0.0026367831245880024
T00956 vs. T04728 :	0.03337041156840934
T00956 vs. T04783 :	0.04096170970614425
T00956 vs. bin :	-0.004807692307692308
T00956 vs. d-mtTFA :	0.044132397191574725
T00956 vs. eyg :	0.07745779543197617
T00956 vs. ind :	0.045816733067729085
T00956 vs. mirr :	0.10474308300395258
T00956 vs. tin :	0.057368941641938676
T01128 vs. T01265 :	-0.017937219730941704
T01128 vs. T01526 :	0.04278490859587709
T01128 vs. T01614 :	0.17712177121771217
T01128 vs. T01615 :	0.09523809523809523
T01128 vs. T02111 :	0.044905008635578586
T01128 vs. T02302 :	0.06501547987616099
T01128 vs. T02636 :	0.01609657947686117
T01128 vs. T02637 :	0.07135575942915393
T01128 vs. T02639 :	-0.04410646387832699
T01128 vs. T02649 :	0.05970149253731343
T01128 vs. T02652 :	0.03763194125745755
T01128 vs. T02692 :	0.05844980940279543
T01128 vs. T03480 :	0.0380952380952381
T01128 vs. T03481 :	0.06011207335710647
T01128 vs. T03513 :	-0.01770890979524073
T01128 vs. T03590 :	0.05552896122546673
T01128 vs. T03600 :	-0.04603580562659847
T01128 vs. T03707 :	-0.0757314974182444
T01128 vs. T04675 :	0.03804878048780488
T01128 vs. T04679 :	0.050100200400801605
T01128 vs. T04728 :	-0.014598540145985401
T01128 vs. T04783 :	0.04369538077403246
T01128 vs. bin :	-0.06254767353165523
T01128 vs. d-mtTFA :	0.02168021680216802
T01128 vs. eyg :	0.04501607717041801
T01128 vs. ind :	0.020229265003371546
T01128 vs. mirr :	0.0030257186081694403
T01128 vs. tin :	0.009395973154362415
T01265 vs. T01526 :	-0.04670912951167728
T01265 vs. T01614 :	0.003738317757009346
T01265 vs. T01615 :	0.005657708628005658
T01265 vs. T02111 :	0.02049530315969257
T01265 vs. T02302 :	-0.0
T01265 vs. T02636 :	0.04972972972972973
T01265 vs. T02637 :	-0.022922636103151862
T01265 vs. T02639 :	-0.009009009009009009
T01265 vs. T02649 :	0.030107526881720432
T01265 vs. T02652 :	-0.04091754494730316
T01265 vs. T02692 :	0.021825396825396824
T01265 vs. T03480 :	0.05181347150259067
T01265 vs. T03481 :	-0.031496062992125984
T01265 vs. T03513 :	-0.09645669291338582
T01265 vs. T03590 :	-0.05252790544977019
T01265 vs. T03600 :	0.030534351145038167
T01265 vs. T03707 :	-0.08053691275167785
T01265 vs. T04675 :	0.009433962264150943
T01265 vs. T04679 :	-0.06853146853146853
T01265 vs. T04728 :	0.034482758620689655
T01265 vs. T04783 :	-0.017374517374517374
T01265 vs. bin :	0.0912751677852349
T01265 vs. d-mtTFA :	0.028634361233480177
T01265 vs. eyg :	0.06521739130434782
T01265 vs. ind :	0.03707742639040349
T01265 vs. mirr :	-0.002162162162162162
T01265 vs. tin :	0.010822510822510822
T01526 vs. T01614 :	-0.129933211900425
T01526 vs. T01615 :	-0.04947773501924134
T01526 vs. T02111 :	0.05519053876478318
T01526 vs. T02302 :	0.06404269513008673
T01526 vs. T02636 :	-0.0029455081001472753
T01526 vs. T02637 :	0.07759604412324078
T01526 vs. T02639 :	-0.04406233207952714
T01526 vs. T02649 :	-0.01665034280117532
T01526 vs. T02652 :	0.09135628952916373
T01526 vs. T02692 :	-0.014150943396226415
T01526 vs. T03480 :	-0.09343583678296866
T01526 vs. T03481 :	0.10920685532084495
T01526 vs. T03513 :	0.05979911235692595
T01526 vs. T03590 :	0.07666034155597723
T01526 vs. T03600 :	-0.09572072072072071
T01526 vs. T03707 :	-0.1053864168618267
T01526 vs. T04675 :	0.053158705701078585
T01526 vs. T04679 :	0.058221872541306056
T01526 vs. T04728 :	-0.033251833740831294
T01526 vs. T04783 :	0.025116279069767444
T01526 vs. bin :	-0.08185245018847603
T01526 vs. d-mtTFA :	-0.011881188118811881
T01526 vs. eyg :	0.04105803395183577
T01526 vs. ind :	-0.015771315919172007
T01526 vs. mirr :	-0.0039273441335297005
T01526 vs. tin :	0.0019646365422396855
T01614 vs. T01615 :	0.09282700421940929
T01614 vs. T02111 :	-0.10706638115631692
T01614 vs. T02302 :	-0.11101321585903083
T01614 vs. T02636 :	-0.014388489208633094
T01614 vs. T02637 :	-0.1363244176013805
T01614 vs. T02639 :	-0.023310023310023312
T01614 vs. T02649 :	0.004662004662004662
T01614 vs. T02652 :	-0.12645348837209303
T01614 vs. T02692 :	-0.057068741893644616
T01614 vs. T03480 :	-0.029239766081871343
T01614 vs. T03481 :	-0.11379310344827587
T01614 vs. T03513 :	-0.1607968694414799
T01614 vs. T03590 :	-0.14152410575427682
T01614 vs. T03600 :	0.028708133971291867
T01614 vs. T03707 :	-0.1392757660167131
T01614 vs. T04675 :	-0.10104250200481155
T01614 vs. T04679 :	-0.1173512154233026
T01614 vs. T04728 :	0.07304347826086957
T01614 vs. T04783 :	-0.0749063670411985
T01614 vs. bin :	-0.03937007874015748
T01614 vs. d-mtTFA :	-0.04457652303120357
T01614 vs. eyg :	0.04685212298682284
T01614 vs. ind :	-0.014705882352941176
T01614 vs. mirr :	-0.020348837209302327
T01614 vs. tin :	-0.020378457059679767
T01615 vs. T02111 :	-0.028933092224231464
T01615 vs. T02302 :	-0.03519510328997705
T01615 vs. T02636 :	0.04074702886247878
T01615 vs. T02637 :	-0.027047332832456798
T01615 vs. T02639 :	0.05847953216374269
T01615 vs. T02649 :	0.03236994219653179
T01615 vs. T02652 :	-0.06718346253229975
T01615 vs. T02692 :	-0.027571580063626724
T01615 vs. T03480 :	-0.027237354085603113
T01615 vs. T03481 :	0.006006006006006006
T01615 vs. T03513 :	-0.10995641971169963
T01615 vs. T03590 :	-0.03429355281207133
T01615 vs. T03600 :	0.010169491525423728
T01615 vs. T03707 :	-0.05273069679849341
T01615 vs. T04675 :	-0.04933051444679352
T01615 vs. T04679 :	-0.013186813186813187
T01615 vs. T04728 :	0.04819277108433735
T01615 vs. T04783 :	0.05549845837615622
T01615 vs. bin :	-0.029411764705882353
T01615 vs. d-mtTFA :	0.04260355029585799
T01615 vs. eyg :	0.00935672514619883
T01615 vs. ind :	0.02112676056338028
T01615 vs. mirr :	0.01627906976744186
T01615 vs. tin :	0.07217694994179279
T02111 vs. T02302 :	0.06437041219649915
T02111 vs. T02636 :	0.1042296072507553
T02111 vs. T02637 :	0.10200759631036353
T02111 vs. T02639 :	0.005226480836236934
T02111 vs. T02649 :	0.05417607223476298
T02111 vs. T02652 :	0.06262425447316103
T02111 vs. T02692 :	0.032989690721649485
T02111 vs. T03480 :	-0.032719836400818
T02111 vs. T03481 :	0.0757238307349666
T02111 vs. T03513 :	-0.006962576153176675
T02111 vs. T03590 :	0.04890738813735692
T02111 vs. T03600 :	-0.05502846299810247
T02111 vs. T03707 :	-0.06711409395973154
T02111 vs. T04675 :	0.06691449814126393
T02111 vs. T04679 :	0.07884922749067662
T02111 vs. T04728 :	0.042939719240297276
T02111 vs. T04783 :	0.05853658536585366
T02111 vs. bin :	-0.018456375838926176
T02111 vs. d-mtTFA :	0.029074215761285386
T02111 vs. eyg :	0.11183048852266039
T02111 vs. ind :	0.08054711246200608
T02111 vs. mirr :	0.0597667638483965
T02111 vs. tin :	0.049886621315192746
T02302 vs. T02636 :	0.0419672131147541
T02302 vs. T02637 :	0.07410358565737052
T02302 vs. T02639 :	-0.013343217197924388
T02302 vs. T02649 :	0.01568627450980392
T02302 vs. T02652 :	0.07230004518752824
T02302 vs. T02692 :	0.0236318407960199
T02302 vs. T03480 :	-0.08142493638676845
T02302 vs. T03481 :	0.07088809239346874
T02302 vs. T03513 :	0.038923594425756845
T02302 vs. T03590 :	0.045219029674988226
T02302 vs. T03600 :	0.0031872509960159364
T02302 vs. T03707 :	-0.0802675585284281
T02302 vs. T04675 :	0.04894433781190019
T02302 vs. T04679 :	0.07684729064039408
T02302 vs. T04728 :	0.046742209631728045
T02302 vs. T04783 :	0.040342298288508556
T02302 vs. bin :	0.03271375464684015
T02302 vs. d-mtTFA :	0.022546419098143235
T02302 vs. eyg :	0.043910521955260975
T02302 vs. ind :	0.003955174686882004
T02302 vs. mirr :	0.04459016393442623
T02302 vs. tin :	0.015748031496062992
T02636 vs. T02637 :	0.05293737895416398
T02636 vs. T02639 :	0.3248175182481752
T02636 vs. T02649 :	0.572992700729927
T02636 vs. T02652 :	0.021517553793884484
T02636 vs. T02692 :	0.0034453057708871662
T02636 vs. T03480 :	0.06073752711496746
T02636 vs. T03481 :	0.03225806451612903
T02636 vs. T03513 :	-0.04873477038425492
T02636 vs. T03590 :	-0.021479713603818614
T02636 vs. T03600 :	-0.0223463687150838
T02636 vs. T03707 :	-0.04005340453938585
T02636 vs. T04675 :	0.030543677458766034
T02636 vs. T04679 :	0.03916614024005054
T02636 vs. T04728 :	0.05187319884726225
T02636 vs. T04783 :	0.05709487825356843
T02636 vs. bin :	0.0400890868596882
T02636 vs. d-mtTFA :	0.041392285983066796
T02636 vs. eyg :	0.05486284289276808
T02636 vs. ind :	0.052565707133917394
T02636 vs. mirr :	0.08178438661710037
T02636 vs. tin :	0.04085422469823584
T02637 vs. T02639 :	0.04224326292789512
T02637 vs. T02649 :	0.029601029601029602
T02637 vs. T02652 :	0.0464908359409924
T02637 vs. T02692 :	0.02696078431372549
T02637 vs. T03480 :	-0.0914380714879468
T02637 vs. T03481 :	0.06432459178624443
T02637 vs. T03513 :	0.01579520697167756
T02637 vs. T03590 :	0.05309734513274336
T02637 vs. T03600 :	-0.08385093167701864
T02637 vs. T03707 :	-0.08360655737704918
T02637 vs. T04675 :	0.04459203036053131
T02637 vs. T04679 :	0.1002921129503408
T02637 vs. T04728 :	0.002785515320334262
T02637 vs. T04783 :	0.10469314079422383
T02637 vs. bin :	0.010226442658875092
T02637 vs. d-mtTFA :	0.061277705345501955
T02637 vs. eyg :	0.046632124352331605
T02637 vs. ind :	0.03244646333549643
T02637 vs. mirr :	0.028405422853453842
T02637 vs. tin :	0.03875968992248062
T02639 vs. T02649 :	0.37947122861586313
T02639 vs. T02652 :	-0.0440251572327044
T02639 vs. T02692 :	0.01015228426395939
T02639 vs. T03480 :	-0.007194244604316547
T02639 vs. T03481 :	0.005822416302765648
T02639 vs. T03513 :	-0.10049586776859504
T02639 vs. T03590 :	-0.048
T02639 vs. T03600 :	-0.0036429872495446266
T02639 vs. T03707 :	-0.06631762652705062
T02639 vs. T04675 :	-0.024640657084188913
T02639 vs. T04679 :	-0.022743425728500355
T02639 vs. T04728 :	0.0025348542458808617
T02639 vs. T04783 :	0.04738400789733465
T02639 vs. bin :	0.07756232686980609
T02639 vs. d-mtTFA :	0.04987531172069826
T02639 vs. eyg :	0.04905239687848383
T02639 vs. ind :	0.007398273736128237
T02639 vs. mirr :	0.06651884700665188
T02639 vs. tin :	-0.01997780244173141
T02649 vs. T02652 :	-0.002258610954263128
T02649 vs. T02692 :	-0.015437392795883362
T02649 vs. T03480 :	-0.012684989429175475
T02649 vs. T03481 :	0.0797427652733119
T02649 vs. T03513 :	-0.05240174672489083
T02649 vs. T03590 :	0.007138607971445568
T02649 vs. T03600 :	-0.02185792349726776
T02649 vs. T03707 :	-0.03978779840848806
T02649 vs. T04675 :	0.05115712545676005
T02649 vs. T04679 :	0.0327455919395466
T02649 vs. T04728 :	0.059490084985835696
T02649 vs. T04783 :	0.0903010033444816
T02649 vs. bin :	0.026578073089700997
T02649 vs. d-mtTFA :	0.08052434456928839
T02649 vs. eyg :	0.09090909090909091
T02649 vs. ind :	0.06697674418604652
T02649 vs. mirr :	0.07756232686980609
T02649 vs. tin :	0.053604436229205174
T02652 vs. T02692 :	0.011898323418063819
T02652 vs. T03480 :	-0.07323943661971831
T02652 vs. T03481 :	0.06523681858802502
T02652 vs. T03513 :	0.012342504499871433
T02652 vs. T03590 :	0.06260575296108291
T02652 vs. T03600 :	-0.07620320855614973
T02652 vs. T03707 :	-0.08768267223382047
T02652 vs. T04675 :	0.052473118279569894
T02652 vs. T04679 :	0.07397622192866579
T02652 vs. T04728 :	-0.0024198427102238356
T02652 vs. T04783 :	0.038359083644112946
T02652 vs. bin :	-0.05548549810844893
T02652 vs. d-mtTFA :	0.014865637507146942
T02652 vs. eyg :	0.07473143390938813
T02652 vs. ind :	0.03185437997724687
T02652 vs. mirr :	0.057757644394110984
T02652 vs. tin :	0.006798866855524079
T02692 vs. T03480 :	-0.0736196319018405
T02692 vs. T03481 :	0.017146356399265157
T02692 vs. T03513 :	-0.0682095006090134
T02692 vs. T03590 :	-0.0022740193291642978
T02692 vs. T03600 :	0.02244668911335578
T02692 vs. T03707 :	-0.03365384615384615
T02692 vs. T04675 :	0.030232558139534883
T02692 vs. T04679 :	-0.010804321728691477
T02692 vs. T04728 :	0.03244274809160305
T02692 vs. T04783 :	0.02358490566037736
T02692 vs. bin :	0.0061162079510703364
T02692 vs. d-mtTFA :	0.04020979020979021
T02692 vs. eyg :	0.05536332179930796
T02692 vs. ind :	0.015611448395490026
T02692 vs. mirr :	0.025839793281653745
T02692 vs. tin :	0.041379310344827586
T03480 vs. T03481 :	-0.013289036544850499
T03480 vs. T03513 :	-0.1499124343257443
T03480 vs. T03590 :	-0.07067669172932331
T03480 vs. T03600 :	-0.07792207792207792
T03480 vs. T03707 :	-0.06947890818858561
T03480 vs. T04675 :	-0.07436096049573973
T03480 vs. T04679 :	-0.09215844785772029
T03480 vs. T04728 :	0.1260096930533118
T03480 vs. T04783 :	-0.007100591715976331
T03480 vs. bin :	-0.03260869565217391
T03480 vs. d-mtTFA :	0.027972027972027972
T03480 vs. eyg :	-0.04951856946354883
T03480 vs. ind :	0.027624309392265192
T03480 vs. mirr :	0.030054644808743168
T03480 vs. tin :	-0.046511627906976744
T03481 vs. T03513 :	0.015790906615845358
T03481 vs. T03590 :	0.2951582867783985
T03481 vs. T03600 :	-0.0890625
T03481 vs. T03707 :	-0.08353808353808354
T03481 vs. T04675 :	0.06164058795637743
T03481 vs. T04679 :	0.06034063260340632
T03481 vs. T04728 :	0.009742519137091163
T03481 vs. T04783 :	0.04209260372820205
T03481 vs. bin :	-0.010218978102189781
T03481 vs. d-mtTFA :	0.04820846905537459
T03481 vs. eyg :	0.07584415584415584
T03481 vs. ind :	0.08300907911802853
T03481 vs. mirr :	0.003870967741935484
T03481 vs. tin :	0.030987734021949646
T03513 vs. T03590 :	0.030007896814951304
T03513 vs. T03600 :	-0.11941316956670078
T03513 vs. T03707 :	-0.14206128133704735
T03513 vs. T04675 :	0.038829787234042554
T03513 vs. T04679 :	0.021586616297895305
T03513 vs. T04728 :	-0.09067357512953368
T03513 vs. T04783 :	-0.030175015087507542
T03513 vs. bin :	-0.10592519033432639
T03513 vs. d-mtTFA :	-0.059045226130653265
T03513 vs. eyg :	0.0011185682326621924
T03513 vs. ind :	-0.041966802380206704
T03513 vs. mirr :	-0.06560449859418932
T03513 vs. tin :	-0.065
T03590 vs. T03600 :	-0.08197879858657244
T03590 vs. T03707 :	-0.12323682256867112
T03590 vs. T04675 :	0.07695749440715884
T03590 vs. T04679 :	0.06694176983035305
T03590 vs. T04728 :	-0.020473448496481125
T03590 vs. T04783 :	0.046953605366126326
T03590 vs. bin :	-0.03342245989304813
T03590 vs. d-mtTFA :	0.05177603853100542
T03590 vs. eyg :	0.04583130180399805
T03590 vs. ind :	0.027577937649880094
T03590 vs. mirr :	-0.025059665871121718
T03590 vs. tin :	0.021492537313432834
T03600 vs. T03707 :	0.13114754098360656
T03600 vs. T04675 :	-0.055232558139534885
T03600 vs. T04679 :	-0.08073115003808073
T03600 vs. T04728 :	-0.04261363636363636
T03600 vs. T04783 :	-0.03917301414581066
T03600 vs. bin :	0.006369426751592357
T03600 vs. d-mtTFA :	-0.03034134007585335
T03600 vs. eyg :	-0.014943960149439602
T03600 vs. ind :	0.01
T03600 vs. mirr :	-0.017326732673267328
T03600 vs. tin :	0.05452292441140025
T03707 vs. T04675 :	-0.05963302752293578
T03707 vs. T04679 :	-0.07655502392344497
T03707 vs. T04728 :	-0.05660377358490566
T03707 vs. T04783 :	-0.06728538283062645
T03707 vs. bin :	0.01757469244288225
T03707 vs. d-mtTFA :	-0.03278688524590164
T03707 vs. eyg :	-0.053763440860215055
T03707 vs. ind :	-0.037786774628879895
T03707 vs. mirr :	-0.06141522029372497
T03707 vs. tin :	-0.016042780748663103
T04675 vs. T04679 :	0.22408963585434175
T04675 vs. T04728 :	0.026246719160104987
T04675 vs. T04783 :	0.054857142857142854
T04675 vs. bin :	-0.004118050789293068
T04675 vs. d-mtTFA :	0.051787916152897656
T04675 vs. eyg :	0.06560636182902585
T04675 vs. ind :	0.03314917127071823
T04675 vs. mirr :	0.028100183262064753
T04675 vs. tin :	0.030562347188264057
T04679 vs. T04728 :	-0.024489795918367346
T04679 vs. T04783 :	0.06132075471698113
T04679 vs. bin :	-0.021382751247327157
T04679 vs. d-mtTFA :	0.03571428571428571
T04679 vs. eyg :	0.06435137895812053
T04679 vs. ind :	0.022857142857142857
T04679 vs. mirr :	0.032849020846494
T04679 vs. tin :	0.04298356510745891
T04728 vs. T04783 :	0.055658627087198514
T04728 vs. bin :	-0.012738853503184714
T04728 vs. d-mtTFA :	0.05263157894736842
T04728 vs. eyg :	0.12708333333333333
T04728 vs. ind :	0.10031347962382445
T04728 vs. mirr :	0.08082901554404145
T04728 vs. tin :	0.11410788381742738
T04783 vs. bin :	0.023785926660059464
T04783 vs. d-mtTFA :	0.8316326530612245
T04783 vs. eyg :	0.09121621621621621
T04783 vs. ind :	0.1100762066045724
T04783 vs. mirr :	0.0992430613961312
T04783 vs. tin :	0.08907563025210084
bin vs. d-mtTFA :	0.03859250851305335
bin vs. eyg :	-0.015710919088766692
bin vs. ind :	0.051685393258426963
bin vs. mirr :	0.05790645879732739
bin vs. tin :	0.017837235228539576
d-mtTFA vs. eyg :	0.10227272727272728
d-mtTFA vs. ind :	0.1462488129154796
d-mtTFA vs. mirr :	0.08654750705550329
d-mtTFA vs. tin :	0.11864406779661017
eyg vs. ind :	0.4507042253521127
eyg vs. mirr :	0.2684063373718546
eyg vs. tin :	0.376865671641791
ind vs. mirr :	0.25794392523364484
ind vs. tin :	0.49953227315247895
mirr vs. tin :	0.2191272051996286
