0.12501326337065155
0.030349324405807065
0.07778572660566951
0.6747396214754406
-0.10651606748761433
-0.22432934058906162
0.7316269390146725
0.7314328388024722
0.7298971346563502
0.43802566638515683
0.6743174702718014
0.5464707331364305
0.6309038163069876
0.6298469163896457
0.8148987159203498
0.8232066554395403
0.7513430467424504
0.5520122023593752
0.01487161844054008
0.6298580822583513
0.8227406498205485
0.41312765765011494
0.39925779095668945
0.5519890381295416
0.39335748130201065
0.7042316269590384
0.379078155840358
0.4124598737697286
0.5629866857571351
0.7237441959853443
0.7017963493507741
0.5451464950983361
0.5413342447159626
0.619631430606272
0.12013467852348231
-0.23871684459131137
0.977698752364173
-0.08769758406818584
0.210823327701193
0.4041103471622586
0.7169009312403655
0.9938617110632033
0.9934929285354606
0.6215156932840948
0.6280716856585316
0.589802939136593
0.7102227355627997
0.7168433974794438
0.606923494031531
0.6233448687301392
0.6034522319044024
0.6042082109700895
0.594870880383198
0.6091555301788777
0.34982926743005427
0.9792974634599008
