0.4234760477423889
0.4235568030583041
0.6405366006347981
0.5958934999819763
0.46469677762410755
0.467170065059632
0.47369262257797673
0.34060564837841256
0.34931740590408844
0.4874402016701327
0.48148637598723654
0.5786505595529781
0.5206910320276317
0.3730671207149252
0.3405580947852942
0.3465024329136279
0.2295894675438659
0.44681361860048896
0.3552961746328498
0.4606577839186292
0.24381206812411294
0.6070618542123063
0.49620969882022536
0.5024398305146092
0.2736152426609204
0.2811313710435821
0.4400238717110503
0.389468831922372
0.3449118247310221
0.38970034953675836
1.4336054434803969
0.24251982204393152
0.5114932807351116
0.5071602582230617
0.5060266415493209
0.4001946287814049
0.36287153987438203
0.2451770376845046
0.29944705501826463
1.4348491983440592
0.4085997538040209
0.40753382159291207
0.4154754111735939
0.5699151916497665
0.48546849324695196
0.4437952129606926
0.4593241415308562
0.46244827025745505
0.41274246583071084
0.34512673676193395
0.5832466850011946
0.4366161655976113
0.45247615648563966
0.4434496245959585
0.28270147246239063
0.40863706967509317
0.5484782587017769
1.4320828468790445
0.43203798861210196
0.45772260205800763
0.5053072821806437
0.6225221197460942
0.3588534202712472
0.4678293625009913
0.23483235668794067
0.36592930251188194
0.31398939664852876
0.4527841261141552
0.23181967167002981
0.5025575334734766
